real main.em.ep.ncl.NuclFuelEff[27](t) = [1971, 
170,
170,
170,
170,
170,
170,
170,
170,
170,
170,
170,
170,
170,
170,
170,
170,
170,
170,
170,
170,
170,
170,
170,
170,
170,
170,
0,
1972, 
170,
170,
170.3448,
170,
170.3448,
170.3448,
170.3448,
170.3448,
170.3448,
170.3448,
170,
170.3448,
170.3448,
170.3448,
170.3448,
170,
170.3448,
170,
170.3448,
170.3448,
170.3448,
170.3448,
170,
170.3448,
170.3448,
170.3448,
0,
1973, 
170.1724,
170.1724,
170.6897,
170.1724,
170.6897,
170.6897,
170.6897,
170.6897,
170.6897,
170.6897,
170.1724,
170.6897,
170.6897,
170.6897,
170.6897,
170.1724,
170.6897,
170.1724,
170.6897,
170.6897,
170.6897,
170.6897,
170.1724,
170.6897,
170.6897,
170.6897,
0,
1974, 
170.3448,
170.3448,
171.0345,
170.3448,
171.0345,
171.0345,
171.0345,
171.0345,
171.0345,
171.0345,
170.3448,
171.0345,
171.0345,
171.0345,
171.0345,
170.3448,
171.0345,
170.3448,
171.0345,
171.0345,
171.0345,
171.0345,
170.3448,
171.0345,
171.0345,
171.0345,
0,
1975, 
170.5172,
170.5172,
171.3793,
170.5172,
171.3793,
171.3793,
171.3793,
171.3793,
171.3793,
171.3793,
170.5172,
171.3793,
171.3793,
171.3793,
171.3793,
170.5172,
171.3793,
170.5172,
171.3793,
171.3793,
171.3793,
171.3793,
170.5172,
171.3793,
171.3793,
171.3793,
0,
1976, 
171.327,
171.3623,
171.7241,
170.5172,
171.7241,
171.3793,
171.7241,
171.7241,
171.7241,
171.7241,
171.3228,
171.3793,
171.7241,
171.7241,
171.3793,
171.3486,
171.7241,
171.2341,
171.7241,
171.7241,
171.7241,
171.7241,
171.3629,
171.7241,
171.3793,
171.7241,
0,
1977, 
171.333,
171.4064,
172.069,
170.5172,
172.069,
171.3793,
172.069,
172.069,
172.069,
172.069,
171.4478,
171.3793,
172.069,
172.069,
171.3793,
171.5026,
172.069,
171.2539,
172.069,
172.069,
172.069,
172.069,
171.4782,
172.069,
171.3793,
172.069,
0,
1978, 
171.6898,
171.503,
172.4138,
170.5172,
172.4138,
171.3793,
172.4138,
172.4138,
172.4138,
172.4138,
171.6004,
171.3793,
172.4138,
172.4138,
171.3793,
171.5482,
172.4138,
171.2856,
172.4138,
172.4138,
172.4138,
172.4138,
171.4801,
172.4138,
171.3793,
172.4138,
0,
1979, 
171.8529,
171.5842,
172.7586,
170.5172,
172.7586,
171.3793,
172.7586,
172.7586,
172.7586,
172.7586,
171.7551,
171.3793,
172.7586,
172.4138,
171.3793,
171.5524,
172.7586,
171.3277,
172.4138,
172.4138,
172.7586,
172.7586,
171.7984,
172.7586,
171.3793,
172.7586,
0,
1980, 
172.0194,
171.5955,
173.1035,
170.5172,
173.1035,
171.3793,
173.1035,
173.1035,
173.1035,
173.1035,
171.9291,
171.6823,
173.1035,
172.4138,
171.3793,
171.7449,
173.1035,
171.3793,
172.4138,
172.5862,
173.1035,
173.1035,
172.048,
173.1035,
171.3793,
173.1035,
0,
1981, 
172.1633,
171.655,
173.4483,
170.5172,
173.4483,
171.3793,
173.4483,
173.4483,
173.4483,
173.4483,
172.1892,
171.6823,
173.4483,
172.4138,
171.3793,
172.0715,
173.4483,
171.4393,
172.4138,
172.5862,
173.4483,
173.4483,
172.0497,
173.4483,
171.3793,
173.4483,
0,
1982, 
172.1687,
171.813,
173.7931,
170.5172,
173.7931,
171.3793,
173.7931,
173.7931,
173.7931,
173.7931,
172.4752,
172.6519,
173.7931,
172.5554,
171.3793,
172.3721,
173.7931,
172.6348,
172.4138,
172.9698,
173.7931,
173.7931,
172.1053,
173.7931,
171.3793,
173.7931,
0,
1983, 
172.1755,
171.857,
174.1379,
170.5172,
174.1379,
171.3793,
174.1379,
174.1379,
174.1379,
174.1379,
172.5984,
172.801,
174.1379,
172.9243,
171.3793,
172.4951,
174.1379,
172.6509,
172.4138,
172.9698,
174.1379,
174.1379,
172.2803,
174.1379,
171.3793,
174.1379,
0,
1984, 
172.5484,
171.9993,
174.4828,
170.5172,
174.4828,
171.3793,
174.4828,
174.4828,
174.4828,
174.4828,
172.7697,
173.2992,
174.4828,
173.1418,
171.3793,
172.6261,
174.4828,
172.6712,
173.6036,
173.3296,
174.4828,
174.4828,
172.2828,
174.4828,
171.3793,
174.4828,
0,
1985, 
173.0002,
172.3112,
174.8276,
170.5172,
174.4828,
173.3548,
174.8276,
174.8276,
174.8276,
174.4828,
173.0775,
173.4859,
174.8276,
173.1418,
171.3793,
172.8158,
174.8276,
173.2337,
173.6036,
173.5868,
174.8276,
174.8276,
172.5789,
174.8276,
171.3793,
174.8276,
0,
1986, 
173.1768,
172.6039,
175.1724,
170.5172,
174.4828,
173.3548,
175.1724,
175.1724,
175.1724,
174.6552,
173.3932,
173.6702,
175.1724,
173.7312,
171.3793,
173.0648,
175.1724,
173.2486,
174.0029,
173.8131,
175.1724,
175.1724,
173.0394,
175.1724,
171.3793,
175.1724,
0,
1987, 
173.4428,
172.906,
175.5172,
170.5172,
174.4828,
173.3548,
175.5172,
175.5172,
175.5172,
174.6552,
173.5809,
173.8509,
175.5172,
173.7312,
171.3793,
173.297,
175.5172,
173.7012,
174.4647,
173.8131,
175.5172,
175.5172,
173.0414,
175.5172,
171.3793,
175.5172,
0,
1988, 
173.6031,
173.0993,
175.8621,
170.5172,
174.4828,
173.3548,
175.8621,
175.8621,
175.8621,
174.6552,
173.712,
174.2344,
175.8621,
173.9301,
171.3793,
173.3001,
175.8621,
173.7141,
174.639,
173.8131,
175.8621,
175.8621,
173.3504,
175.8621,
171.3793,
175.8621,
0,
1989, 
173.6073,
173.3187,
176.2069,
170.5172,
174.4828,
173.3548,
176.2069,
176.2069,
176.2069,
174.6552,
173.8699,
174.4323,
176.2069,
174.2616,
171.3793,
173.4017,
176.2069,
173.7292,
174.812,
173.8131,
176.2069,
176.2069,
173.3524,
176.2069,
171.3793,
176.2069,
0,
1990, 
173.6122,
173.3602,
176.5517,
170.5172,
174.4828,
173.3548,
176.5517,
176.5517,
176.5517,
174.6552,
173.9061,
174.4323,
176.5517,
174.5465,
171.3793,
173.6147,
176.5517,
173.7466,
174.9848,
173.8131,
176.5517,
176.5517,
173.4946,
176.5517,
171.3793,
176.5517,
0,
1991, 
173.8319,
173.4771,
176.5517,
170.5172,
174.4828,
173.3548,
176.8965,
176.8965,
176.8965,
174.6552,
173.9061,
174.4323,
176.8965,
174.5465,
171.3793,
173.6147,
176.8965,
173.7661,
174.9848,
173.8131,
176.8965,
176.8965,
173.7154,
176.8965,
171.3793,
176.8965,
0,
1992, 
174.045,
173.4822,
176.5517,
170.5172,
174.4828,
173.3548,
177.2414,
177.2414,
177.2414,
174.6552,
173.9157,
174.4323,
177.2414,
174.5465,
171.3793,
173.6147,
177.2414,
174.4772,
174.9848,
173.8131,
177.2414,
177.2414,
173.8895,
177.2414,
171.3793,
177.2414,
0,
1993, 
174.0501,
173.4822,
176.5517,
170.5172,
174.4828,
173.3548,
177.5862,
177.5862,
177.5862,
174.6552,
173.9571,
174.4323,
177.5862,
174.5465,
171.3793,
173.6147,
177.5862,
174.9889,
174.9848,
173.8131,
177.5862,
177.5862,
173.8918,
177.5862,
171.3793,
177.5862,
0,
1994, 
174.4769,
173.4822,
176.5517,
170.5172,
174.4828,
173.3548,
177.931,
177.931,
177.931,
174.6552,
173.9878,
174.6674,
177.931,
174.5465,
171.3793,
173.7022,
177.931,
175.3945,
174.9848,
173.8131,
177.931,
177.931,
174.294,
177.931,
171.3793,
177.931,
0,
1995, 
174.4818,
173.4822,
176.5517,
170.5172,
174.4828,
173.3548,
178.2759,
178.2759,
178.2759,
174.6552,
173.9878,
174.6674,
178.2759,
174.5465,
171.3793,
173.7074,
178.2759,
175.4039,
174.9848,
175.0614,
178.2759,
178.2759,
174.5095,
178.2759,
171.3793,
178.2759,
0,
1996, 
174.4871,
173.4823,
177.4138,
170.5172,
174.4828,
173.3548,
178.6207,
178.6207,
178.6207,
174.6552,
173.9939,
174.6674,
178.6207,
174.5465,
171.3793,
173.713,
178.6207,
175.7906,
175.3645,
175.0614,
178.6207,
178.6207,
174.6707,
178.6207,
171.3793,
178.6207,
0,
1997, 
174.4929,
173.5186,
177.4138,
170.5172,
174.4828,
173.3548,
178.9655,
178.9655,
178.9655,
174.6552,
174.0002,
174.8687,
178.9655,
174.5688,
171.3793,
173.719,
178.9655,
175.7996,
175.7014,
175.0614,
178.9655,
178.9655,
174.8255,
178.9655,
171.3793,
178.9655,
0,
1998, 
174.4992,
173.5186,
177.4138,
170.5172,
174.4828,
173.3548,
179.3103,
179.3103,
179.3103,
174.6552,
174.0049,
174.8687,
179.3103,
174.5688,
171.3793,
173.7254,
179.3103,
175.8096,
175.9262,
175.0614,
179.3103,
179.3103,
175.0471,
179.3103,
171.3793,
179.3103,
0,
1999, 
174.5059,
173.5186,
177.4138,
170.5172,
174.4828,
173.3548,
179.6552,
179.6552,
179.6552,
174.6552,
174.0896,
174.8687,
179.6552,
174.5688,
171.3793,
173.7321,
179.6552,
175.8207,
176.4059,
175.0614,
179.6552,
179.6552,
175.0492,
179.6552,
171.3793,
179.6552,
0,
2000, 
174.5132,
173.5186,
177.4138,
170.5172,
174.4828,
173.3548,
180,
180,
180,
174.6552,
174.0896,
175.0228,
180,
174.5688,
171.3793,
173.7393,
180,
176.272,
176.8094,
175.0614,
180,
180,
175.0515,
180,
171.3793,
180,
0,
2001, 
174.5208,
173.5186,
177.4138,
170.5172,
178.2421,
173.3548,
181.4,
181.4,
181.4,
174.6552,
174.1399,
175.1779,
181.4,
174.5688,
171.3793,
173.7469,
181.4,
177.2334,
176.8094,
175.0614,
181.4,
181.4,
175.054,
181.4,
177.9716,
181.4,
0,
2002, 
174.5304,
173.5186,
177.4138,
170.5172,
178.2421,
173.3548,
182.8,
182.8,
182.8,
174.6552,
174.1496,
175.1779,
182.8,
174.5688,
171.3793,
174.0969,
182.8,
177.242,
176.8094,
175.0614,
182.8,
182.8,
175.0571,
182.8,
177.9716,
182.8,
0,
2003, 
174.542,
173.5186,
177.4138,
170.5172,
178.2421,
173.3548,
184.2,
184.2,
184.2,
174.6552,
174.1496,
175.244,
184.2,
174.5688,
171.3793,
174.107,
184.2,
177.2534,
177.5671,
176.9218,
184.2,
184.2,
175.201,
184.2,
177.9716,
184.2,
0,
2004, 
174.5554,
173.5186,
177.4138,
170.5172,
178.2421,
173.3548,
185.6,
185.6,
185.6,
174.6552,
174.1496,
175.8028,
185.6,
174.5688,
171.3793,
174.1187,
185.6,
177.2677,
177.5671,
178.0027,
185.6,
185.6,
175.201,
185.6,
177.9716,
185.6,
0,
2005, 
174.5708,
173.5186,
177.4138,
170.5172,
178.2421,
173.3548,
187,
187,
187,
174.6552,
174.1496,
175.8028,
187,
175.3698,
171.3793,
174.1319,
187,
177.2848,
178.0449,
178.4069,
187,
187,
175.201,
187,
177.9716,
187,
0,
2006, 
174.5881,
173.5186,
177.4138,
170.5172,
178.2421,
173.3548,
188.4,
188.4,
188.4,
174.6552,
174.1496,
175.8028,
188.4,
175.3698,
171.3793,
174.6928,
188.4,
178.9685,
178.5477,
178.4069,
188.4,
188.4,
175.787,
188.4,
177.9716,
188.4,
0,
2007, 
174.6072,
173.5186,
177.4138,
170.5172,
178.2421,
173.3548,
189.8,
189.8,
189.8,
174.6552,
174.1496,
175.8028,
189.8,
175.3698,
171.3793,
174.7079,
189.8,
180.3616,
178.5477,
178.4069,
189.8,
189.8,
176.1399,
189.8,
177.9716,
189.8,
0,
2008, 
174.6283,
173.5186,
177.4138,
170.5172,
178.2421,
173.3548,
191.2,
191.2,
191.2,
174.6552,
174.1496,
175.8028,
191.2,
175.3698,
171.3793,
174.7245,
191.2,
180.9384,
178.5477,
180.1117,
191.2,
191.2,
176.146,
191.2,
177.9716,
191.2,
0,
2009, 
174.6512,
173.5186,
177.4138,
170.5172,
178.2421,
173.3548,
192.6,
192.6,
192.6,
174.6552,
174.1496,
175.8028,
192.6,
175.3698,
171.3793,
174.7427,
192.6,
180.9523,
178.5477,
180.1117,
192.6,
192.6,
176.1527,
192.6,
177.9716,
192.6,
0,
2010, 
174.676,
173.5186,
177.4138,
170.5172,
178.2421,
173.3548,
194,
194,
194,
174.6552,
174.1496,
175.8028,
194,
175.3698,
171.3793,
174.7623,
194,
180.9681,
178.5477,
180.1117,
194,
194,
176.1527,
194,
177.9716,
194,
0,
2011, 
174.7027,
173.5186,
177.4138,
170.5172,
178.2421,
173.3548,
195.4,
195.4,
195.4,
174.6552,
174.1496,
175.8028,
195.4,
175.3698,
171.3793,
175.5624,
195.4,
182.2906,
178.5477,
181.6043,
195.4,
195.4,
176.1527,
195.4,
177.9716,
195.4,
0,
2012, 
174.7312,
173.5186,
177.4138,
170.5172,
178.2421,
173.3548,
196.8,
196.8,
196.8,
174.6552,
174.1496,
175.8028,
196.8,
175.3698,
171.3793,
175.5833,
196.8,
182.9712,
179.4858,
182.4866,
196.8,
196.8,
176.1527,
196.8,
185.5239,
196.8,
0,
2013, 
174.7312,
173.5186,
177.4138,
170.5172,
178.2421,
173.3548,
198.2,
198.2,
198.2,
174.6552,
174.1496,
175.8028,
198.2,
175.3698,
171.3793,
176.4297,
198.2,
182.9872,
181.1831,
183.0079,
198.2,
198.2,
176.1527,
198.2,
185.5239,
198.2,
0,
2014, 
174.7312,
173.5186,
177.4138,
170.5172,
178.2421,
173.3548,
199.6,
199.6,
199.6,
174.6552,
174.1496,
175.8028,
199.6,
175.3698,
171.3793,
176.4516,
198.2,
183.0046,
181.1831,
184.6615,
199.6,
199.6,
176.1527,
199.6,
185.5239,
199.6,
0,
2015, 
174.7312,
173.5186,
177.4138,
170.5172,
178.2421,
173.3548,
201,
201,
201,
174.6552,
174.1496,
175.8028,
201,
175.3698,
171.3793,
176.475,
198.2,
185.9603,
181.1831,
187.8524,
201,
201,
176.1527,
201,
185.5239,
201,
0,
2016, 
174.7312,
173.5186,
177.4138,
170.5172,
178.2421,
185.037,
202.4,
202.4,
202.4,
174.6552,
174.1496,
175.8028,
202.4,
175.3698,
171.3793,
177.5016,
198.2,
185.9745,
182.0875,
190.3896,
202.4,
202.4,
176.1527,
202.4,
185.5239,
202.4,
0,
2017, 
174.7312,
173.5186,
177.4138,
170.5172,
178.2421,
185.037,
203.8,
203.8,
203.8,
174.6552,
174.1496,
175.8028,
203.8,
175.3698,
171.3793,
179.3048,
198.2,
188.4557,
182.0875,
192.6162,
203.8,
203.8,
176.1527,
203.8,
190.788,
203.8,
0,
2018, 
174.7312,
173.5186,
177.4138,
170.5172,
178.2421,
185.32,
205.2,
205.2,
205.2,
174.6552,
174.1496,
175.8028,
205.2,
175.3698,
171.3793,
181.9605,
201.4667,
192.7726,
184.6561,
194.7728,
205.2,
205.2,
176.1527,
205.2,
193.8818,
205.2,
0,
2019, 
174.7312,
173.5186,
177.4138,
170.5172,
178.2421,
185.32,
206.6,
206.6,
206.6,
174.6552,
174.1496,
175.8028,
206.6,
175.3698,
171.3793,
183.5694,
202.8421,
195.0745,
185.7517,
196.573,
206.6,
206.6,
176.1527,
206.6,
193.8818,
206.6,
0,
2020, 
174.7312,
173.5186,
177.4138,
170.5172,
178.2421,
185.32,
208,
208,
208,
174.6552,
174.1496,
175.8028,
208,
177.7113,
171.3793,
184.3924,
203.8539,
195.0799,
186.8072,
197.6153,
208,
208,
176.1527,
208,
193.8818,
208,
0,
2021, 
174.7312,
173.9333,
177.4138,
170.5172,
178.2421,
185.32,
209.4,
209.4,
209.4,
174.6552,
174.1496,
175.8028,
209.4,
179.8239,
171.3793,
186.1003,
205.2359,
195.8345,
186.8072,
198.7625,
209.4,
209.4,
176.1527,
209.4,
200.0201,
209.4,
0,
2022, 
174.7312,
173.9333,
178.2626,
170.5172,
178.2421,
185.32,
210.8,
210.8,
210.8,
174.6552,
174.6573,
175.8028,
210.8,
179.8239,
171.3793,
186.1003,
205.2359,
195.8345,
186.8072,
198.7625,
210.8,
210.8,
176.2587,
210.8,
200.0201,
210.8,
0,
2023, 
174.7312,
173.9333,
178.2626,
170.5172,
178.2421,
185.32,
212.2,
212.2,
212.2,
174.6552,
174.6573,
175.8028,
212.2,
179.8239,
171.3793,
186.1003,
205.2359,
195.8345,
186.8072,
198.7625,
212.2,
212.2,
176.3717,
212.2,
200.0718,
212.2,
0,
2024, 
174.7312,
173.9333,
179.1715,
170.5172,
178.2421,
185.32,
213.6,
213.6,
213.6,
174.6552,
174.6573,
175.8028,
213.6,
179.8239,
171.3793,
186.1003,
205.2359,
195.8345,
186.8072,
198.7625,
213.6,
213.6,
176.4811,
213.6,
200.1515,
213.6,
0,
2025, 
174.7312,
173.9333,
179.1715,
170.5172,
178.2421,
185.32,
215,
215,
215,
174.6552,
174.6573,
175.8028,
215,
179.8239,
171.3793,
186.1003,
205.2359,
195.8345,
186.8072,
198.7625,
215,
215,
176.4811,
215,
200.242,
215,
0,
2026, 
174.7312,
173.9333,
179.1715,
170.5172,
178.2421,
185.32,
216.4,
216.4,
216.4,
174.6552,
174.6573,
175.8028,
216.4,
179.8239,
171.3793,
186.1003,
205.2359,
195.8345,
186.8072,
198.7625,
216.4,
216.4,
176.4811,
216.4,
200.3145,
216.4,
0,
2027, 
174.7312,
173.9333,
179.1715,
170.5172,
178.2421,
185.32,
217.8,
217.8,
217.8,
174.6552,
174.6573,
175.8028,
217.8,
179.8239,
171.3793,
186.1003,
205.2359,
195.8345,
186.8072,
198.7625,
217.8,
217.8,
177.4927,
217.8,
201.2209,
217.8,
0,
2028, 
174.7312,
173.9333,
183.1104,
170.5172,
178.2421,
186.2028,
219.2,
219.2,
219.2,
176.6096,
174.6573,
175.8028,
219.2,
179.8239,
171.3793,
186.1003,
205.2359,
195.8345,
186.8072,
198.7625,
219.2,
219.2,
177.5191,
219.2,
201.9006,
219.2,
0,
2029, 
174.7312,
173.9333,
186.4343,
170.5172,
178.2421,
188.1334,
220.6,
220.6,
220.6,
179.0166,
174.6573,
175.8028,
220.6,
179.8239,
171.3793,
186.1003,
205.2359,
195.8345,
186.8072,
198.9687,
220.6,
220.6,
177.8262,
220.6,
202.7799,
220.6,
0,
2030, 
174.7312,
173.9333,
189.3683,
170.5172,
178.2421,
189.0251,
222,
222,
222,
180.9147,
174.6573,
175.8028,
222,
179.8239,
171.3793,
186.1003,
205.2359,
195.8345,
186.8088,
199.3431,
222,
222,
177.8262,
222,
203.2989,
222,
0,
2031, 
174.7312,
173.9338,
193.0818,
170.5172,
178.2421,
191.2068,
223.4,
223.4,
223.4,
183.6641,
174.6573,
175.8028,
223.4,
179.8239,
171.3793,
186.1003,
205.2359,
195.8345,
186.8615,
199.7105,
223.4,
223.4,
177.9457,
223.4,
204.0033,
223.4,
0,
2032, 
174.8178,
173.9658,
195.3693,
170.6897,
178.2421,
192.7115,
224.8,
224.8,
224.8,
185.9637,
174.7865,
175.8028,
224.8,
179.8239,
171.3793,
186.111,
205.2359,
196.6146,
186.9296,
199.913,
224.8,
224.8,
178.2363,
224.8,
204.4078,
224.8,
0,
2033, 
175.1115,
173.9929,
197.4964,
170.8621,
178.2421,
194.4205,
226.2,
226.2,
226.2,
188.1149,
175.0359,
175.8028,
226.2,
179.8239,
171.3793,
186.1215,
205.2359,
197.7214,
187.0235,
200.2947,
226.2,
226.2,
178.5094,
226.2,
204.8556,
226.2,
0,
2034, 
175.4203,
174.0202,
199.3982,
171.0345,
178.2421,
196.1116,
227.6,
227.6,
227.6,
190.0314,
175.2428,
175.9324,
227.6,
179.8239,
171.3793,
186.1318,
205.2359,
198.8681,
187.1526,
200.6505,
227.6,
227.6,
178.8631,
227.6,
205.1641,
227.6,
0,
2035, 
175.7517,
174.0246,
200.9783,
229,
178.2421,
197.777,
229,
229,
229,
191.7496,
175.517,
176.1095,
227.6,
179.8239,
171.3793,
186.1418,
205.2359,
200.1312,
187.2912,
201.1028,
229,
229,
179.2647,
227.6,
205.5551,
229,
0,
2036, 
176.5839,
175.4665,
202.883,
230.4,
178.2421,
204.0261,
230.4,
230.4,
230.4,
193.303,
175.912,
176.6165,
228.3576,
179.8239,
230.4,
187.2903,
205.2359,
201.6633,
187.4758,
201.592,
230.4,
230.4,
180.4393,
228.3488,
207.1526,
230.4,
0,
2037, 
176.9645,
176.0273,
204.3781,
231.8,
178.2421,
206.0262,
231.8,
231.8,
231.8,
194.5834,
176.5389,
176.8217,
228.8403,
179.8239,
231.8,
188.2145,
205.2359,
202.9202,
187.606,
201.8587,
231.8,
231.8,
181.1416,
229.0348,
207.8056,
231.8,
0,
2038, 
177.8741,
176.8708,
205.8358,
233.2,
178.2421,
207.6749,
233.2,
233.2,
233.2,
195.8106,
176.9015,
176.9787,
229.3574,
179.8239,
233.2,
188.4223,
205.2359,
204.0919,
187.7748,
202.3571,
233.2,
233.2,
181.5066,
229.9009,
208.5205,
233.2,
0,
2039, 
178.9793,
177.7178,
207.2786,
234.6,
178.2421,
209.3074,
234.6,
234.6,
234.6,
197.0066,
177.6907,
177.2183,
229.9113,
181.2489,
234.6,
188.4346,
205.2359,
205.3954,
188.267,
202.9119,
234.6,
234.6,
182.2984,
230.605,
209.3815,
234.6,
0,
2040, 
180.0358,
178.4834,
208.5298,
236,
178.5259,
210.8622,
236,
236,
236,
198.2092,
178.2323,
177.3033,
230.4945,
181.2489,
236,
188.9274,
205.2359,
205.4058,
188.4076,
203.4952,
236,
236,
183.2722,
231.0398,
210.2431,
236,
0,
2041, 
181.2599,
179.2592,
209.9325,
237.4,
179.4021,
212.1879,
237.4,
237.4,
237.4,
199.2503,
179.3069,
177.3033,
230.9784,
181.2489,
237.4,
189.9789,
205.2359,
205.4162,
188.5107,
203.8911,
237.4,
237.4,
183.2777,
231.9852,
210.9005,
237.4,
0,
2042, 
181.7116,
180.3086,
211.2473,
238.8,
179.7545,
213.257,
238.8,
238.8,
238.8,
200.1049,
180.756,
177.7583,
231.7252,
181.4942,
238.8,
191.3628,
205.2359,
206.5952,
188.6573,
204.5536,
238.8,
238.8,
184.1804,
232.4787,
211.7866,
238.8,
0,
2043, 
182.1465,
180.9855,
212.6905,
240.2,
180.5832,
214.1642,
240.2,
240.2,
240.2,
201.457,
181.7112,
177.8907,
232.3768,
182.3268,
240.2,
192.0253,
205.2359,
207.7819,
188.7487,
205.0117,
240.2,
240.2,
184.6463,
233.3254,
212.6586,
240.2,
0,
2044, 
183.2439,
182.0879,
213.8503,
241.6,
180.8098,
215.1116,
241.6,
241.6,
241.6,
202.4438,
183.1018,
178.5623,
233.1424,
183.0313,
241.6,
192.7261,
205.2359,
208.8298,
189.5718,
205.9072,
241.6,
241.6,
185.2499,
234.205,
213.7386,
241.6,
0,
2045, 
185.5473,
184.7796,
214.7047,
241.6,
184.7716,
224.4944,
243,
243,
241.6,
212.7124,
185.125,
179.1529,
233.7572,
183.0313,
243,
193.808,
205.2359,
210.2486,
189.7257,
206.8589,
241.6,
241.6,
186.3136,
234.205,
214.8566,
241.6,
0,
2046, 
187.0977,
188.3235,
215.8396,
242.4233,
184.9772,
225.6291,
244.4,
243,
242.2543,
229.8584,
190.2846,
180.0979,
234.6945,
185.8847,
244.4,
195.5024,
205.2359,
211.2113,
190.4817,
207.8477,
242.2693,
242.3006,
188.4395,
234.664,
215.6892,
242.3665,
0,
2047, 
189.8221,
195.4675,
216.814,
242.9486,
186.6154,
226.7129,
245.8,
244.2185,
242.9431,
230.7659,
195.8339,
181.3849,
235.6779,
185.8847,
245.8,
197.4953,
205.2359,
212.2781,
191.8116,
208.4745,
243.2997,
242.9424,
189.1453,
235.491,
216.5337,
243.1652,
0,
2048, 
192.4729,
202.3365,
217.7509,
243.7356,
186.9977,
227.7096,
247.2,
244.9908,
243.6428,
231.3324,
202.3598,
184.4734,
236.2966,
187.3609,
247.2,
197.5229,
205.2359,
213.1583,
192.7441,
209.0395,
243.8509,
243.6,
191.2353,
235.9023,
217.3834,
243.9038,
0,
2049, 
192.9389,
216.1424,
218.6998,
244.2074,
188.2432,
228.8438,
248.6,
245.7057,
244.4248,
232.0137,
213.0529,
188.5122,
237.8711,
191.5046,
247.2,
198.352,
205.2359,
214.4853,
193.9377,
210.004,
244.8514,
244.2934,
192.1362,
237.1341,
218.4592,
244.7564,
0,
2050, 
193.4093,
220.604,
219.3756,
244.9723,
188.4497,
230.1107,
250,
246.4129,
245.1748,
232.5261,
218.0636,
189.656,
238.6581,
200.123,
248.3672,
200.2586,
205.2359,
215.9632,
195.3297,
210.8967,
244.8514,
245.03,
193.8576,
237.6761,
219.4444,
245.5632,
0,
2051, 
197.2686,
233.5646,
226.2231,
245.4714,
189.8129,
231.1112,
253,
247.1653,
245.8764,
233.2034,
219.1655,
190.3682,
240.2395,
200.123,
248.8483,
200.2586,
205.2359,
217.113,
196.1466,
211.8672,
245.0243,
245.7284,
196.3854,
238.2552,
220.49,
246.4567,
0,
2052, 
202.8531,
234.7354,
226.8951,
246.4706,
190.0024,
232.3797,
256,
248.3023,
246.9326,
234.0138,
221.2821,
191.2574,
241.2531,
200.123,
250.2943,
200.2586,
205.2359,
218.7474,
196.7434,
212.5921,
245.9201,
246.6537,
199.0494,
238.678,
221.6081,
247.4954,
0,
2053, 
203.5176,
236.1392,
228.1709,
247.3394,
191.117,
233.5473,
259,
249.5133,
248.0555,
235.0409,
225.3632,
192.6613,
242.8741,
200.123,
251.6094,
200.2586,
205.2359,
220.3506,
197.424,
213.4067,
247.0336,
247.7288,
200.7439,
239.1334,
222.7587,
248.8477,
0,
2054, 
226.9075,
237.4197,
228.6924,
248.4978,
191.298,
234.6117,
262,
250.9968,
249.2903,
236.0275,
229.3787,
197.9332,
244.3467,
200.123,
253.7882,
200.8533,
205.2359,
222,
198.0664,
214.2228,
248.3299,
248.9795,
206.8207,
239.674,
223.9109,
250.6296,
0,
2055, 
228.6242,
238.9429,
229.6817,
249.5536,
192.9767,
235.7467,
265,
252.5956,
250.6423,
237.2147,
231.0667,
199.4883,
245.902,
200.123,
255.8076,
200.8867,
205.2359,
223.0764,
198.6903,
215.7193,
249.7738,
250.4874,
211.8407,
240.0819,
225.0318,
252.24,
0,
2056, 
230.0527,
240.2345,
237.0024,
250.5748,
193.1845,
236.6922,
268,
254.4095,
251.8023,
238.5922,
232.5696,
200.3147,
246.9675,
200.123,
257.2937,
200.9198,
205.2359,
224.6733,
199.9763,
216.4102,
250.9306,
252.1461,
216.8727,
240.3404,
226.1345,
253.9497,
0,
2057, 
231.8259,
244.5651,
237.782,
251.6346,
194.8002,
237.7704,
271,
256.2282,
253.1771,
239.9433,
234.9008,
206.9128,
248.5177,
200.5871,
258.89,
200.9523,
205.2359,
225.5028,
201.561,
217.4225,
252.3525,
253.6371,
221.7293,
240.6671,
227.2397,
255.6351,
0,
2058, 
233.2932,
245.4843,
238.4618,
252.9379,
194.8361,
239.0472,
274,
258.327,
254.8854,
241.47,
236.8364,
208.5779,
249.6003,
200.5871,
260.6775,
200.9846,
205.2359,
226.7411,
202.7779,
218.22,
253.5997,
255.1927,
229.3178,
240.6671,
228.0847,
257.7246,
0,
2059, 
235.0333,
247.0733,
239.3194,
253.9974,
196.3579,
240.197,
277,
260.44,
256.7305,
243.0679,
242.7873,
210.8108,
251.2016,
200.5871,
262.1,
201.0163,
205.2359,
227.8887,
205.5214,
219.452,
255.0509,
256.7442,
231.339,
240.6671,
229.2884,
259.5639,
0,
2060, 
236.761,
247.9689,
239.8742,
255.5949,
196.3579,
241.3689,
280,
262.4081,
258.8921,
244.6342,
244.6474,
217.3979,
252.3866,
200.5871,
264.4533,
201.0477,
205.2359,
229.147,
208.428,
220.2322,
256.2124,
258.3169,
232.7093,
240.6671,
230.6257,
261.6078,
0,
2061, 
238.9246,
249.4317,
241.8807,
256.9843,
254.1623,
242.4375,
283,
264.351,
260.7673,
246.1835,
247.9607,
225.3811,
253.9723,
200.5871,
265.8532,
201.0787,
205.2359,
231.7045,
208.5889,
221.4231,
257.6414,
259.8614,
234.2224,
240.6671,
235.0906,
263.3482,
0,
2062, 
240.1061,
250.3869,
243.4503,
258.3938,
255.2131,
243.1459,
286,
266.1535,
262.805,
247.5126,
250.2891,
228.2062,
255.0626,
200.5871,
268.2459,
202.2928,
205.2359,
232.7851,
209.4946,
222.2542,
259.003,
261.4312,
236.0098,
240.6671,
237.7468,
265.3568,
0,
2063, 
241.8712,
251.7874,
245.6326,
260.0544,
257.772,
243.7519,
289,
267.9679,
264.8216,
248.8797,
251.554,
231.424,
256.7014,
200.5871,
270.2644,
202.3232,
205.2359,
234.318,
213.0895,
224.3491,
260.5796,
263.017,
239.2415,
240.6671,
240.5968,
267.3012,
0,
2064, 
243.3558,
252.1289,
247.6162,
261.5393,
259.9313,
244.4411,
292,
269.6986,
266.7303,
250.2862,
253.1613,
259.2418,
257.9887,
200.5871,
272.4133,
202.3516,
205.2359,
235.8583,
213.9815,
226.1008,
262.2016,
264.7897,
240.6483,
240.6671,
243.2303,
269.263,
0,
2065, 
244.7424,
253.3195,
249.6003,
263.2223,
261.5443,
245.113,
295,
271.5067,
268.667,
251.5569,
254.3312,
260.026,
258.9518,
207.3,
274.7323,
202.3779,
205.2359,
237.4918,
216.2929,
227.7522,
263.3618,
266.5346,
241.4306,
240.6671,
245.6299,
271.2975,
0,
2066, 
245.5068,
253.4837,
251.1319,
264.7852,
264.4493,
245.8313,
298,
273.3477,
270.4447,
253.0635,
254.6629,
261.5511,
260.2349,
207.3,
276.5865,
203.3941,
205.2359,
240.0737,
219.2996,
229.0364,
264.6914,
268.1481,
248.8141,
242.9382,
248.2034,
273.1357,
0,
2067, 
246.8873,
254.044,
252.2742,
266.2017,
265.2175,
246.6615,
301,
275.5079,
272.3451,
254.2753,
256.1792,
262.1159,
261.175,
207.3,
278.5576,
203.4193,
205.2359,
242.6059,
219.8209,
229.9011,
265.8844,
269.5973,
253.6373,
243.368,
250.5302,
275.3209,
0,
2068, 
247.7115,
254.0549,
253.2394,
267.8731,
268.1305,
247.3521,
304,
277.5948,
274.2278,
255.5308,
256.1792,
263.4168,
262.605,
207.3,
280.5764,
203.4421,
205.2359,
244.679,
220.4422,
231.3882,
267.2672,
271.3533,
254.3743,
244.1311,
253.3738,
277.3888,
0,
2069, 
248.6636,
254.4231,
254.9729,
269.3105,
269.1886,
248.346,
307,
279.9142,
276.0842,
256.5035,
256.2204,
264.0386,
263.5545,
207.3,
282.4982,
203.4627,
205.2359,
246.2186,
220.9498,
232.1743,
268.716,
273.8568,
255.0099,
245.922,
256.1683,
279.5856,
0,
2070, 
249.6006,
254.4231,
255.9921,
271.2712,
269.1886,
249.2643,
310,
282.0684,
278.0457,
257.943,
256.2617,
265.2115,
265.2876,
207.3,
284.4371,
203.481,
205.2359,
247.592,
221.4292,
232.5816,
270.0905,
276.5471,
255.7763,
245.922,
259.1508,
281.6557,
0,
2071, 
250.8938,
254.4231,
258.1269,
273.0515,
269.1886,
250.3263,
313,
284.3069,
279.7489,
258.9974,
256.446,
266.4454,
266.5782,
207.3,
286.3838,
204.1567,
205.2359,
250.2803,
222.0564,
233.7321,
271.5101,
279.5907,
256.6212,
247.7019,
261.963,
283.6776,
0,
2072, 
252.1033,
255.323,
259.531,
274.909,
269.1886,
251.2914,
316,
286.5468,
281.5884,
260.7648,
257.189,
268.4622,
269.0408,
207.3,
287.9763,
204.1725,
205.2359,
251.8399,
224.681,
234.5482,
273.4391,
282.2292,
257.4525,
249.2536,
266.113,
285.4527,
0,
2073, 
253.3783,
256.8438,
261.2903,
276.5846,
269.1886,
253.2255,
319,
288.7325,
283.4701,
261.7879,
257.189,
268.6875,
269.5212,
207.3,
290.2624,
204.7393,
205.2359,
254.4104,
229.884,
234.9745,
274.3003,
284.6263,
257.5628,
250.2021,
268.9949,
287.1972,
0,
2074, 
254.498,
258.0195,
262.8332,
278.4808,
269.1886,
254.2095,
322,
290.8403,
285.2422,
263.2455,
257.3018,
270.6259,
272.626,
207.3,
291.9333,
204.7521,
206.2706,
255.7586,
230.5392,
236.6426,
276.7018,
286.4694,
258.4043,
253.1627,
271.7961,
289.154,
0,
2075, 
255.2249,
260.1993,
264.1497,
280.2261,
269.1886,
256.5153,
325,
293.1657,
287.1073,
264.3732,
257.9771,
270.6259,
272.6353,
207.3,
294.2184,
204.7622,
206.2706,
259.9495,
230.9136,
238.8675,
277.9927,
288.0001,
258.4866,
253.8076,
274.6863,
291.1078,
0,
2076, 
256.876,
261.0657,
266.08,
282.0882,
269.1886,
263.1681,
328,
295.1583,
288.7492,
265.7489,
258.1861,
273.1453,
276.514,
207.3014,
295.3388,
205.1104,
206.2706,
261.7854,
234.3989,
241.5639,
280.0626,
289.4228,
259.6091,
256.9364,
277.547,
293.1948,
0,
2077, 
258.3349,
263.0389,
267.2921,
283.6561,
269.1886,
264.8339,
328,
297.0845,
290.4153,
266.7768,
260.3615,
273.6499,
276.514,
207.4677,
297.6662,
205.9055,
206.2706,
265.4063,
234.7886,
244.9395,
281.4784,
290.5657,
260.0147,
256.9364,
281.4336,
295.3702,
0,
2078, 
260.401,
263.5059,
268.9589,
285.5161,
269.1886,
266.6921,
329.6494,
299.5692,
291.9652,
268.0693,
260.5153,
276.6323,
279.9761,
207.8925,
298.7917,
207.4753,
206.9111,
272.0774,
246.5288,
249.5314,
284.7688,
292.2877,
260.7172,
258.3488,
285.5908,
297.781,
0,
2079, 
262.2244,
265.6383,
270.3096,
287.6347,
269.1886,
268.1732,
331.142,
301.9854,
293.5067,
269.1446,
263.3679,
276.7053,
280.1362,
209.0863,
300.7532,
209.446,
207.51,
278.1316,
254.9843,
255.4627,
286.6563,
293.6702,
261.164,
259.2318,
288.3588,
299.979,
0,
2080, 
263.3882,
266.309,
271.818,
289.0562,
269.1886,
269.4107,
332.6751,
304.3602,
295.2315,
270.384,
263.6133,
280.2078,
283.5535,
212.1317,
301.7356,
213.2184,
208,
280.2746,
267.9287,
259.9286,
289.5356,
294.9727,
261.7169,
261.1057,
291.6502,
302.3899,
0,
2081, 
264.0908,
271.2704,
273.0766,
291.2198,
269.1886,
270.7881,
333.8848,
307.0813,
296.9498,
271.545,
265.0375,
280.4476,
283.5535,
335.3461,
303.9633,
335.4193,
343,
283.912,
268.3203,
267.7003,
291.7624,
296.7059,
262.0891,
262.6314,
299.5217,
304.5078,
0,
2082, 
264.8925,
272.1417,
274.6451,
292.6543,
276.1234,
272.0618,
335.0851,
309.5222,
298.3983,
272.7183,
268.2143,
283.2874,
287.2794,
336.6315,
304.8278,
337.4432,
346,
285.8467,
269.4128,
267.8846,
294.3073,
297.6642,
263.0859,
262.6314,
302.5778,
306.9326,
0,
2083, 
266.0226,
275.0199,
275.9526,
294.326,
281.6232,
273.349,
337.4081,
312.3515,
300.3808,
273.973,
268.6055,
283.7126,
287.2794,
339.5174,
307.7341,
338.9364,
349,
288.4568,
269.7069,
270.2088,
296.7152,
299.3299,
263.9031,
264.2349,
305.6752,
309.1725,
0,
2084, 
266.8633,
275.598,
277.538,
296.3026,
287.2385,
274.5962,
339.3131,
314.7834,
302.1299,
275.2624,
269.0881,
286.6088,
291.2445,
341.2935,
308.5261,
340.5961,
352,
290.946,
270.7769,
270.4861,
299.7277,
300.5545,
264.8068,
264.2349,
309.1102,
311.3856,
0,
2085, 
267.6149,
278.7944,
278.8906,
297.6383,
292.7801,
276.6855,
341.3562,
317.4522,
303.8869,
276.5515,
270.5786,
287.3436,
291.2445,
343.0225,
311.4853,
341.344,
352,
294.2466,
271.1921,
273.4853,
302.3808,
302.1922,
265.34,
265.082,
311.9829,
313.5772,
0,
2086, 
268.9351,
278.871,
280.6323,
299.9769,
298.2404,
278.2231,
342.6707,
320.0271,
306.1358,
278.2296,
270.7695,
290.1098,
295.2028,
345.8869,
311.4985,
344.6128,
353.6464,
296.82,
272.5546,
273.8399,
305.6736,
303.5959,
266.2737,
267.0802,
314.4309,
315.1741,
0,
2087, 
269.3662,
282.1753,
281.7627,
301.3591,
301.8705,
280.5063,
344.6777,
322.1535,
308.0698,
279.9485,
271.7873,
290.6976,
295.7414,
346.926,
313.4286,
345.6801,
355.7133,
299.2771,
273.599,
276.9838,
307.9138,
305.6502,
270.1786,
268.113,
318.0676,
317.2133,
0,
2088, 
270.5015,
282.4221,
283.5508,
303.5342,
306.1422,
282.9143,
346.6363,
324.1463,
310.3121,
282.7132,
272.1233,
292.9553,
299.7734,
349.6771,
314.1618,
348.5061,
357.5819,
301.6555,
275.0038,
277.0331,
310.9846,
306.9461,
271.5994,
268.113,
320.9272,
318.7136,
0,
2089, 
270.8789,
286.1573,
285.8451,
305.1144,
308.4341,
285.5603,
348.6843,
325.9841,
312.2976,
285.9362,
275.9389,
293.6682,
300.1309,
350.6983,
315.7948,
349.756,
359.8554,
303.8102,
276.2175,
282.0403,
313.7567,
309.4602,
273.9505,
269.6637,
324.5573,
320.7364,
0,
2090, 
271.6716,
286.1843,
288.1152,
307.097,
313.1627,
287.6346,
350.5288,
327.9776,
314.2735,
289.0599,
276.0936,
295.7073,
305.4721,
353.3722,
316.6329,
352.2877,
361.5929,
306.1263,
277.1626,
282.9855,
316.7388,
311.0211,
276.6193,
271.5127,
327.6408,
322.4932,
0,
2091, 
272.4034,
289.6758,
290.9932,
309.4294,
315.437,
290.0966,
352.0963,
330.3139,
316.6567,
292.1428,
280.7116,
296.4319,
305.571,
353.8357,
319.0413,
352.81,
363.9362,
309.2982,
280.5118,
288.2477,
319.7914,
313.4732,
279.2253,
272.3939,
330.4502,
324.7947,
0,
2092, 
273.6703,
289.7782,
293.1335,
311.1774,
319.3419,
293.4206,
353.4511,
332.3021,
318.4595,
295.0781,
282.7605,
298.5536,
311.895,
356.416,
319.6114,
355.4452,
365.7077,
312.8964,
282.6278,
289.3499,
322.4406,
315.3219,
283.3541,
272.3939,
333.1593,
326.4457,
0,
2093, 
275.7737,
293.2964,
296.3275,
314.0023,
320.4727,
295.9735,
355.0085,
334.5324,
320.7366,
298.0114,
287.6462,
298.9453,
311.895,
357.8603,
322.6905,
356.7433,
367.448,
316.5503,
285.7512,
292.0533,
325.162,
317.4719,
287.9283,
273.1954,
335.7596,
328.7285,
0,
2094, 
277.9299,
293.4432,
299.2391,
316.2115,
324.401,
297.7513,
356.656,
336.6527,
322.4718,
300.7495,
290.305,
301.7488,
317.3379,
360.4825,
324.5744,
358.8123,
368.5754,
321.6066,
290.5424,
293.5301,
328.1819,
319.974,
292.5126,
277.4656,
338.6603,
330.7412,
0,
2095, 
279.4498,
296.9231,
301.859,
319.0601,
326.3791,
302.2458,
358.3797,
338.7557,
324.3329,
303.9296,
295.1586,
302.9044,
318.1996,
361.7225,
328.368,
360.5076,
370.075,
323.8694,
293.1245,
296.0001,
330.5032,
322.2292,
297.9793,
279.0168,
341.8389,
332.8814,
0,
2096, 
281.3555,
298.2662,
305.9513,
321.7165,
329.6553,
306.4777,
360.4922,
341.1125,
326.3326,
306.737,
295.3507,
306.325,
324.9357,
363.941,
331.0383,
362.0553,
371.743,
329.1389,
297.9251,
297.2271,
332.9023,
324.5083,
301.1879,
280.8726,
345.1075,
335.476,
0,
2097, 
283.0601,
302.6535,
308.7505,
324.2873,
331.6055,
309.8329,
362.463,
342.7972,
327.8168,
310.1731,
296.6853,
308.7479,
325.5046,
365.0417,
333.9526,
363.3599,
374.0107,
330.131,
300.2261,
298.6219,
336.166,
326.614,
307.4531,
288.9202,
348.7399,
337.5557,
0,
2098, 
284.8355,
303.6,
311.5919,
326.079,
335.2322,
314.389,
364.6334,
345.3243,
330.4845,
313.6103,
298.4095,
311.5386,
328.8405,
367.1673,
336.4819,
365.2303,
375.8332,
335.7224,
303.3061,
300.0248,
338.1148,
328.4853,
309.807,
293.5523,
351.9843,
341.2291,
0,
2099, 
288.1076,
308.4327,
314.3417,
327.8339,
336.3664,
317.1422,
367.2872,
347.8807,
331.8666,
316.4592,
309.0326,
314.1712,
330.5607,
368.6061,
338.0939,
365.8519,
375.8332,
337.1931,
305.3684,
301.6535,
340.1101,
330.3578,
312.9309,
301.2508,
352.407,
343.682,
0,
2100, 
290.9463,
309.8166,
317.8478,
329.6352,
340.434,
322.0856,
368.796,
350.8901,
334.9261,
318.6405,
310.2329,
316.24,
333.4397,
368.6061,
339.8676,
368.8434,
375.8332,
342.3436,
308.0411,
302.7803,
342.8661,
331.9633,
314.7276,
303.675,
355.6599,
347.2028,
0];
