real main.em.ep.ncl.NuclFuelEff[27](t) = [1971, 
170,
170,
170,
170,
170,
170,
170,
170,
170,
170,
170,
170,
170,
170,
170,
170,
170,
170,
170,
170,
170,
170,
170,
170,
170,
170,
0,
1972, 
170,
170,
170.3448,
170,
170.3448,
170.3448,
170.3448,
170.3448,
170.3448,
170.3448,
170,
170.3448,
170.3448,
170.3448,
170.3448,
170,
170.3448,
170,
170.3448,
170.3448,
170.3448,
170.3448,
170,
170.3448,
170.3448,
170.3448,
0,
1973, 
170.1724,
170.1724,
170.6897,
170.1724,
170.6897,
170.6897,
170.6897,
170.6897,
170.6897,
170.6897,
170.1724,
170.6897,
170.6897,
170.6897,
170.6897,
170.1724,
170.6897,
170.1724,
170.6897,
170.6897,
170.6897,
170.6897,
170.1724,
170.6897,
170.6897,
170.6897,
0,
1974, 
170.3448,
170.3448,
171.0345,
170.3448,
171.0345,
171.0345,
171.0345,
171.0345,
171.0345,
171.0345,
170.3448,
171.0345,
171.0345,
171.0345,
171.0345,
170.3448,
171.0345,
170.3448,
171.0345,
171.0345,
171.0345,
171.0345,
170.3448,
171.0345,
171.0345,
171.0345,
0,
1975, 
170.5172,
170.5172,
171.3793,
170.5172,
171.3793,
171.3793,
171.3793,
171.3793,
171.3793,
171.3793,
170.5172,
171.3793,
171.3793,
171.3793,
171.3793,
170.5172,
171.3793,
170.5172,
171.3793,
171.3793,
171.3793,
171.3793,
170.5172,
171.3793,
171.3793,
171.3793,
0,
1976, 
171.327,
171.3623,
171.7241,
170.5172,
171.7241,
171.3793,
171.7241,
171.7241,
171.7241,
171.7241,
171.3228,
171.3793,
171.7241,
171.7241,
171.3793,
171.3486,
171.7241,
171.2341,
171.7241,
171.7241,
171.7241,
171.7241,
171.3629,
171.7241,
171.3793,
171.7241,
0,
1977, 
171.333,
171.4064,
172.069,
170.5172,
172.069,
171.3793,
172.069,
172.069,
172.069,
172.069,
171.4478,
171.3793,
172.069,
172.069,
171.3793,
171.5026,
172.069,
171.2539,
172.069,
172.069,
172.069,
172.069,
171.4782,
172.069,
171.3793,
172.069,
0,
1978, 
171.6898,
171.503,
172.4138,
170.5172,
172.4138,
171.3793,
172.4138,
172.4138,
172.4138,
172.4138,
171.6004,
171.3793,
172.4138,
172.4138,
171.3793,
171.5482,
172.4138,
171.2856,
172.4138,
172.4138,
172.4138,
172.4138,
171.4801,
172.4138,
171.3793,
172.4138,
0,
1979, 
171.8529,
171.5842,
172.7586,
170.5172,
172.7586,
171.3793,
172.7586,
172.7586,
172.7586,
172.7586,
171.7551,
171.3793,
172.7586,
172.4138,
171.3793,
171.5524,
172.7586,
171.3277,
172.4138,
172.4138,
172.7586,
172.7586,
171.7984,
172.7586,
171.3793,
172.7586,
0,
1980, 
172.0194,
171.5955,
173.1035,
170.5172,
173.1035,
171.3793,
173.1035,
173.1035,
173.1035,
173.1035,
171.9291,
171.6823,
173.1035,
172.4138,
171.3793,
171.7449,
173.1035,
171.3793,
172.4138,
172.5862,
173.1035,
173.1035,
172.048,
173.1035,
171.3793,
173.1035,
0,
1981, 
172.1633,
171.655,
173.4483,
170.5172,
173.4483,
171.3793,
173.4483,
173.4483,
173.4483,
173.4483,
172.1892,
171.6823,
173.4483,
172.4138,
171.3793,
172.0715,
173.4483,
171.4393,
172.4138,
172.5862,
173.4483,
173.4483,
172.0497,
173.4483,
171.3793,
173.4483,
0,
1982, 
172.1687,
171.813,
173.7931,
170.5172,
173.7931,
171.3793,
173.7931,
173.7931,
173.7931,
173.7931,
172.4752,
172.6519,
173.7931,
172.5554,
171.3793,
172.3721,
173.7931,
172.6348,
172.4138,
172.9698,
173.7931,
173.7931,
172.1053,
173.7931,
171.3793,
173.7931,
0,
1983, 
172.1755,
171.857,
174.1379,
170.5172,
174.1379,
171.3793,
174.1379,
174.1379,
174.1379,
174.1379,
172.5984,
172.801,
174.1379,
172.9243,
171.3793,
172.4951,
174.1379,
172.6509,
172.4138,
172.9698,
174.1379,
174.1379,
172.2803,
174.1379,
171.3793,
174.1379,
0,
1984, 
172.5484,
171.9993,
174.4828,
170.5172,
174.4828,
171.3793,
174.4828,
174.4828,
174.4828,
174.4828,
172.7697,
173.2992,
174.4828,
173.1418,
171.3793,
172.6261,
174.4828,
172.6712,
173.6036,
173.3296,
174.4828,
174.4828,
172.2828,
174.4828,
171.3793,
174.4828,
0,
1985, 
173.0002,
172.3112,
174.8276,
170.5172,
174.4828,
173.3548,
174.8276,
174.8276,
174.8276,
174.4828,
173.0775,
173.4859,
174.8276,
173.1418,
171.3793,
172.8158,
174.8276,
173.2337,
173.6036,
173.5868,
174.8276,
174.8276,
172.5789,
174.8276,
171.3793,
174.8276,
0,
1986, 
173.1768,
172.6039,
175.1724,
170.5172,
174.4828,
173.3548,
175.1724,
175.1724,
175.1724,
174.6552,
173.3932,
173.6702,
175.1724,
173.7312,
171.3793,
173.0648,
175.1724,
173.2486,
174.0029,
173.8131,
175.1724,
175.1724,
173.0394,
175.1724,
171.3793,
175.1724,
0,
1987, 
173.4428,
172.906,
175.5172,
170.5172,
174.4828,
173.3548,
175.5172,
175.5172,
175.5172,
174.6552,
173.5809,
173.8509,
175.5172,
173.7312,
171.3793,
173.297,
175.5172,
173.7012,
174.4647,
173.8131,
175.5172,
175.5172,
173.0414,
175.5172,
171.3793,
175.5172,
0,
1988, 
173.6031,
173.0993,
175.8621,
170.5172,
174.4828,
173.3548,
175.8621,
175.8621,
175.8621,
174.6552,
173.712,
174.2344,
175.8621,
173.9301,
171.3793,
173.3001,
175.8621,
173.7141,
174.639,
173.8131,
175.8621,
175.8621,
173.3504,
175.8621,
171.3793,
175.8621,
0,
1989, 
173.6073,
173.3187,
176.2069,
170.5172,
174.4828,
173.3548,
176.2069,
176.2069,
176.2069,
174.6552,
173.8699,
174.4323,
176.2069,
174.2616,
171.3793,
173.4017,
176.2069,
173.7292,
174.812,
173.8131,
176.2069,
176.2069,
173.3524,
176.2069,
171.3793,
176.2069,
0,
1990, 
173.6122,
173.3602,
176.5517,
170.5172,
174.4828,
173.3548,
176.5517,
176.5517,
176.5517,
174.6552,
173.9061,
174.4323,
176.5517,
174.5465,
171.3793,
173.6147,
176.5517,
173.7466,
174.9848,
173.8131,
176.5517,
176.5517,
173.4946,
176.5517,
171.3793,
176.5517,
0,
1991, 
173.8319,
173.4771,
176.5517,
170.5172,
174.4828,
173.3548,
176.8965,
176.8965,
176.8965,
174.6552,
173.9061,
174.4323,
176.8965,
174.5465,
171.3793,
173.6147,
176.8965,
173.7661,
174.9848,
173.8131,
176.8965,
176.8965,
173.7154,
176.8965,
171.3793,
176.8965,
0,
1992, 
174.045,
173.4822,
176.5517,
170.5172,
174.4828,
173.3548,
177.2414,
177.2414,
177.2414,
174.6552,
173.9157,
174.4323,
177.2414,
174.5465,
171.3793,
173.6147,
177.2414,
174.4772,
174.9848,
173.8131,
177.2414,
177.2414,
173.8895,
177.2414,
171.3793,
177.2414,
0,
1993, 
174.0501,
173.4822,
176.5517,
170.5172,
174.4828,
173.3548,
177.5862,
177.5862,
177.5862,
174.6552,
173.9571,
174.4323,
177.5862,
174.5465,
171.3793,
173.6147,
177.5862,
174.9889,
174.9848,
173.8131,
177.5862,
177.5862,
173.8918,
177.5862,
171.3793,
177.5862,
0,
1994, 
174.4769,
173.4822,
176.5517,
170.5172,
174.4828,
173.3548,
177.931,
177.931,
177.931,
174.6552,
173.9878,
174.6674,
177.931,
174.5465,
171.3793,
173.7022,
177.931,
175.3945,
174.9848,
173.8131,
177.931,
177.931,
174.294,
177.931,
171.3793,
177.931,
0,
1995, 
174.4818,
173.4822,
176.5517,
170.5172,
174.4828,
173.3548,
178.2759,
178.2759,
178.2759,
174.6552,
173.9878,
174.6674,
178.2759,
174.5465,
171.3793,
173.7074,
178.2759,
175.4039,
174.9848,
175.0614,
178.2759,
178.2759,
174.5095,
178.2759,
171.3793,
178.2759,
0,
1996, 
174.4871,
173.4823,
177.4138,
170.5172,
174.4828,
173.3548,
178.6207,
178.6207,
178.6207,
174.6552,
173.9939,
174.6674,
178.6207,
174.5465,
171.3793,
173.713,
178.6207,
175.7906,
175.3645,
175.0614,
178.6207,
178.6207,
174.6707,
178.6207,
171.3793,
178.6207,
0,
1997, 
174.4929,
173.5186,
177.4138,
170.5172,
174.4828,
173.3548,
178.9655,
178.9655,
178.9655,
174.6552,
174.0002,
174.8687,
178.9655,
174.5688,
171.3793,
173.719,
178.9655,
175.7996,
175.7014,
175.0614,
178.9655,
178.9655,
174.8255,
178.9655,
171.3793,
178.9655,
0,
1998, 
174.4992,
173.5186,
177.4138,
170.5172,
174.4828,
173.3548,
179.3103,
179.3103,
179.3103,
174.6552,
174.0049,
174.8687,
179.3103,
174.5688,
171.3793,
173.7254,
179.3103,
175.8096,
175.9262,
175.0614,
179.3103,
179.3103,
175.0471,
179.3103,
171.3793,
179.3103,
0,
1999, 
174.5059,
173.5186,
177.4138,
170.5172,
174.4828,
173.3548,
179.6552,
179.6552,
179.6552,
174.6552,
174.0896,
174.8687,
179.6552,
174.5688,
171.3793,
173.7321,
179.6552,
175.8207,
176.4059,
175.0614,
179.6552,
179.6552,
175.0492,
179.6552,
171.3793,
179.6552,
0,
2000, 
174.5132,
173.5186,
177.4138,
170.5172,
174.4828,
173.3548,
180,
180,
180,
174.6552,
174.0896,
175.0228,
180,
174.5688,
171.3793,
173.7393,
180,
176.272,
176.8094,
175.0614,
180,
180,
175.0515,
180,
171.3793,
180,
0,
2001, 
174.5208,
173.5186,
177.4138,
170.5172,
178.2421,
173.3548,
181.4,
181.4,
181.4,
174.6552,
174.1399,
175.1779,
181.4,
174.5688,
171.3793,
173.7469,
181.4,
177.2334,
176.8094,
175.0614,
181.4,
181.4,
175.054,
181.4,
177.9716,
181.4,
0,
2002, 
174.5304,
173.5186,
177.4138,
170.5172,
178.2421,
173.3548,
182.8,
182.8,
182.8,
174.6552,
174.1496,
175.1779,
182.8,
174.5688,
171.3793,
174.0969,
182.8,
177.242,
176.8094,
175.0614,
182.8,
182.8,
175.0571,
182.8,
177.9716,
182.8,
0,
2003, 
174.542,
173.5186,
177.4138,
170.5172,
178.2421,
173.3548,
184.2,
184.2,
184.2,
174.6552,
174.1496,
175.244,
184.2,
174.5688,
171.3793,
174.107,
184.2,
177.2534,
177.5671,
176.9218,
184.2,
184.2,
175.201,
184.2,
177.9716,
184.2,
0,
2004, 
174.5554,
173.5186,
177.4138,
170.5172,
178.2421,
173.3548,
185.6,
185.6,
185.6,
174.6552,
174.1496,
175.8028,
185.6,
174.5688,
171.3793,
174.1187,
185.6,
177.2677,
177.5671,
178.0027,
185.6,
185.6,
175.201,
185.6,
177.9716,
185.6,
0,
2005, 
174.5708,
173.5186,
177.4138,
170.5172,
178.2421,
173.3548,
187,
187,
187,
174.6552,
174.1496,
175.8028,
187,
175.3698,
171.3793,
174.1319,
187,
177.2848,
178.0449,
178.4069,
187,
187,
175.201,
187,
177.9716,
187,
0,
2006, 
174.5881,
173.5186,
177.4138,
170.5172,
178.2421,
173.3548,
188.4,
188.4,
188.4,
174.6552,
174.1496,
175.8028,
188.4,
175.3698,
171.3793,
174.6928,
188.4,
178.9685,
178.5477,
178.4069,
188.4,
188.4,
175.787,
188.4,
177.9716,
188.4,
0,
2007, 
174.6072,
173.5186,
177.4138,
170.5172,
178.2421,
173.3548,
189.8,
189.8,
189.8,
174.6552,
174.1496,
175.8028,
189.8,
175.3698,
171.3793,
174.7079,
189.8,
180.3616,
178.5477,
178.4069,
189.8,
189.8,
176.1399,
189.8,
177.9716,
189.8,
0,
2008, 
174.6283,
173.5186,
177.4138,
170.5172,
178.2421,
173.3548,
191.2,
191.2,
191.2,
174.6552,
174.1496,
175.8028,
191.2,
175.3698,
171.3793,
174.7245,
191.2,
180.9384,
178.5477,
180.1117,
191.2,
191.2,
176.146,
191.2,
177.9716,
191.2,
0,
2009, 
174.6512,
173.5186,
177.4138,
170.5172,
178.2421,
173.3548,
192.6,
192.6,
192.6,
174.6552,
174.1496,
175.8028,
192.6,
175.3698,
171.3793,
174.7427,
192.6,
180.9523,
178.5477,
180.1117,
192.6,
192.6,
176.1527,
192.6,
177.9716,
192.6,
0,
2010, 
174.676,
173.5186,
177.4138,
170.5172,
178.2421,
173.3548,
194,
194,
194,
174.6552,
174.1496,
175.8028,
194,
175.3698,
171.3793,
174.7623,
194,
180.9681,
178.5477,
180.1117,
194,
194,
176.1527,
194,
177.9716,
194,
0,
2011, 
174.7027,
173.5186,
177.4138,
170.5172,
178.2421,
173.3548,
195.4,
195.4,
195.4,
174.6552,
174.1496,
175.8028,
195.4,
175.3698,
171.3793,
175.5624,
195.4,
182.2906,
178.5477,
181.6043,
195.4,
195.4,
176.1527,
195.4,
177.9716,
195.4,
0,
2012, 
174.7312,
173.5186,
177.4138,
170.5172,
178.2421,
173.3548,
196.8,
196.8,
196.8,
174.6552,
174.1496,
175.8028,
196.8,
175.3698,
171.3793,
175.5833,
196.8,
182.9712,
179.4858,
182.4866,
196.8,
196.8,
176.1527,
196.8,
185.5239,
196.8,
0,
2013, 
174.7312,
173.5186,
177.4138,
170.5172,
178.2421,
173.3548,
198.2,
198.2,
198.2,
174.6552,
174.1496,
175.8028,
198.2,
175.3698,
171.3793,
176.4297,
198.2,
182.9872,
181.1831,
183.0079,
198.2,
198.2,
176.1527,
198.2,
185.5239,
198.2,
0,
2014, 
174.7312,
173.5186,
177.4138,
170.5172,
178.2421,
173.3548,
199.6,
199.6,
199.6,
174.6552,
174.1496,
175.8028,
199.6,
175.3698,
171.3793,
176.4516,
198.2,
183.0046,
181.1831,
184.6615,
199.6,
199.6,
176.1527,
199.6,
185.5239,
199.6,
0,
2015, 
174.7312,
173.5186,
177.4138,
170.5172,
178.2421,
173.3548,
201,
201,
201,
174.6552,
174.1496,
175.8028,
201,
175.3698,
171.3793,
176.475,
198.2,
185.9603,
181.1831,
187.8524,
201,
201,
176.1527,
201,
185.5239,
201,
0,
2016, 
174.7312,
173.5186,
177.4138,
170.5172,
178.2421,
185.037,
202.4,
202.4,
202.4,
174.6552,
174.1496,
175.8028,
202.4,
175.3698,
171.3793,
177.5016,
198.2,
185.9745,
182.0875,
190.3896,
202.4,
202.4,
176.1527,
202.4,
185.5239,
202.4,
0,
2017, 
174.7312,
173.5186,
177.4138,
170.5172,
178.2421,
185.037,
203.8,
203.8,
203.8,
174.6552,
174.1496,
175.8028,
203.8,
175.3698,
171.3793,
179.3048,
198.2,
188.4557,
182.0875,
192.6162,
203.8,
203.8,
176.1527,
203.8,
190.788,
203.8,
0,
2018, 
174.7312,
173.5186,
177.4138,
170.5172,
178.2421,
185.32,
205.2,
205.2,
205.2,
174.6552,
174.1496,
175.8028,
205.2,
175.3698,
171.3793,
181.9605,
201.4667,
192.7726,
184.6561,
194.7728,
205.2,
205.2,
176.1527,
205.2,
193.8818,
205.2,
0,
2019, 
174.7312,
173.5186,
177.4138,
170.5172,
178.2421,
185.32,
206.6,
206.6,
206.6,
174.6552,
174.1496,
175.8028,
206.6,
175.3698,
171.3793,
183.5694,
202.8421,
195.0745,
185.7517,
196.573,
206.6,
206.6,
176.1527,
206.6,
193.8818,
206.6,
0,
2020, 
174.7312,
173.5186,
177.4138,
170.5172,
178.2421,
185.32,
208,
208,
208,
174.6552,
174.1496,
175.8028,
208,
177.7113,
171.3793,
184.3924,
203.8539,
195.0799,
186.8072,
197.6153,
208,
208,
176.1527,
208,
193.8818,
208,
0,
2021, 
174.7312,
173.9333,
177.4138,
170.5172,
178.2421,
185.32,
209.4,
209.4,
209.4,
174.6552,
174.1496,
175.8028,
209.4,
179.8239,
171.3793,
186.1003,
205.2359,
195.8345,
186.8072,
198.7625,
209.4,
209.4,
176.1527,
209.4,
200.0201,
209.4,
0,
2022, 
174.7312,
173.9333,
178.2626,
170.5172,
178.2421,
185.32,
210.8,
210.8,
210.8,
174.6552,
174.6573,
175.8028,
210.8,
179.8239,
171.3793,
186.1003,
205.2359,
195.8345,
186.8072,
198.7625,
210.8,
210.8,
176.2587,
210.8,
200.0201,
210.8,
0,
2023, 
174.7312,
173.9333,
178.2626,
170.5172,
178.2421,
185.32,
212.2,
212.2,
212.2,
174.6552,
174.6573,
175.8028,
212.2,
179.8239,
171.3793,
186.1003,
205.2359,
195.8345,
186.8072,
198.7625,
212.2,
212.2,
176.3717,
212.2,
200.0718,
212.2,
0,
2024, 
174.7312,
173.9333,
179.1715,
170.5172,
178.2421,
185.32,
213.6,
213.6,
213.6,
174.6552,
174.6573,
175.8028,
213.6,
179.8239,
171.3793,
186.1003,
205.2359,
195.8345,
186.8072,
198.7625,
213.6,
213.6,
176.4811,
213.6,
200.1515,
213.6,
0,
2025, 
174.7312,
173.9333,
179.1715,
170.5172,
178.2421,
185.32,
215,
215,
215,
174.6552,
174.6573,
175.8028,
215,
179.8239,
171.3793,
186.1003,
205.2359,
195.8345,
186.8072,
198.7625,
215,
215,
176.4811,
215,
200.242,
215,
0,
2026, 
174.7312,
173.9333,
179.1715,
170.5172,
178.2421,
185.32,
216.4,
216.4,
216.4,
174.6552,
174.6573,
175.8028,
216.4,
179.8239,
171.3793,
186.1003,
205.2431,
195.8345,
186.8072,
198.7625,
216.4,
216.4,
176.4811,
216.4,
200.5036,
216.4,
0,
2027, 
174.7312,
173.9333,
179.1715,
170.5172,
178.2421,
185.32,
217.8,
217.8,
217.8,
174.6552,
174.6573,
177.9225,
217.8,
179.8239,
171.3793,
186.1003,
207.4186,
195.8345,
186.8072,
198.7625,
217.8,
217.8,
179.6116,
217.8,
204.3354,
217.8,
0,
2028, 
174.7312,
173.9333,
202.6878,
170.5172,
178.2421,
185.32,
219.2,
219.2,
219.2,
177.3876,
174.6573,
177.9225,
219.2,
179.8239,
171.3793,
186.1003,
207.7463,
195.8345,
186.8072,
198.7625,
219.2,
219.2,
179.6321,
219.2,
207.435,
219.2,
0,
2029, 
174.7312,
173.9333,
212.3483,
170.5172,
178.2421,
190.3109,
220.6,
220.6,
220.6,
184.4263,
174.6573,
180.1587,
220.6,
179.8239,
171.3793,
186.1003,
212.1916,
212.8346,
188.4693,
198.7625,
220.6,
220.6,
183.2925,
220.6,
212.2445,
220.6,
0,
2030, 
175.176,
174.0496,
216.0568,
170.5172,
178.2421,
207.1909,
222,
222,
222,
205.8375,
174.7375,
180.1867,
222,
179.8239,
171.3793,
186.1003,
214.1389,
213.8055,
189.9909,
205.3943,
222,
222,
186.3017,
222,
214.2562,
222,
0,
2031, 
175.4947,
181.2831,
216.9765,
170.5172,
178.2421,
211.7928,
223.4,
223.4,
223.4,
212.9067,
178.8814,
185.5198,
223.4,
184.4895,
171.3793,
186.1003,
214.1389,
217.0916,
192.3284,
212.8354,
223.4,
223.4,
191.1463,
223.4,
216.0093,
223.4,
0,
2032, 
175.5022,
181.7221,
216.9765,
170.6897,
178.2421,
211.7928,
224.8,
224.8,
224.8,
216.1431,
181.2487,
187.4805,
224.8,
185.2977,
171.3793,
186.111,
216.2939,
217.0945,
194.714,
214.9032,
224.8,
224.8,
194.8642,
224.8,
216.0318,
224.8,
0,
2033, 
175.7003,
184.4431,
216.9765,
170.8621,
178.2421,
211.9441,
226.2,
226.2,
226.2,
217.1742,
184.6093,
192.9742,
226.2,
185.3466,
171.3793,
186.1215,
216.4283,
217.4757,
195.0783,
217.5687,
226.2,
226.2,
194.8706,
226.2,
216.6697,
226.2,
0,
2034, 
175.9811,
186.4665,
216.9765,
171.0345,
178.2421,
212.173,
227.6,
227.6,
227.6,
217.1742,
184.624,
195.5824,
227.6,
186.3522,
171.3793,
186.15,
218.054,
217.6929,
195.0783,
217.5687,
227.6,
227.6,
196.824,
227.6,
216.6889,
227.6,
0,
2035, 
176.1548,
188.1268,
216.9765,
229,
178.2421,
212.173,
229,
229,
229,
217.1744,
185.7703,
198.7907,
227.6,
186.9825,
171.3793,
186.1601,
218.8495,
218.0756,
195.2433,
218.7173,
229,
229,
198.5835,
227.6,
217.5346,
229,
0,
2036, 
176.7466,
193.8673,
216.9765,
230.4,
178.2421,
214.4244,
230.4,
230.4,
230.4,
217.1744,
186.6656,
199.7342,
227.6,
186.9825,
230.4,
187.3094,
218.8495,
218.3123,
195.2433,
218.7173,
230.4,
230.4,
199.938,
227.6,
217.8405,
230.4,
0,
2037, 
176.8488,
195.6579,
216.9765,
231.8,
178.2421,
214.4244,
231.8,
231.8,
231.8,
217.1744,
187.1297,
199.7342,
227.6,
186.9825,
231.8,
188.2343,
218.8495,
218.8799,
195.2433,
218.7173,
231.8,
231.8,
200.6379,
227.6,
217.8405,
231.8,
0,
2038, 
177.3341,
197.9521,
217.3766,
233.2,
178.2421,
214.4244,
233.2,
233.2,
233.2,
217.2897,
187.7226,
199.7342,
227.6,
186.9825,
233.2,
188.4422,
218.8495,
219.2485,
195.2433,
218.7173,
233.2,
233.2,
201.9529,
227.6,
217.8405,
233.2,
0,
2039, 
177.6822,
199.2406,
217.4612,
234.6,
178.2421,
214.4244,
234.6,
234.6,
234.6,
217.4215,
191.1792,
199.7342,
227.6,
189.2514,
234.6,
189.1233,
218.8495,
219.9449,
195.6314,
218.7984,
234.6,
234.6,
204.8022,
227.6,
217.8821,
234.6,
0,
2040, 
178.0235,
199.8564,
217.8362,
236,
178.2421,
214.4244,
236,
236,
236,
217.6223,
192.367,
200.7432,
227.6,
189.2514,
236,
191.1006,
218.8495,
220.2918,
195.6657,
218.8791,
236,
236,
206.0811,
227.6,
218.6208,
236,
0,
2041, 
178.3391,
200.5278,
217.8386,
237.4,
178.3474,
215.1911,
237.4,
237.4,
237.4,
217.6223,
194.3419,
201.1034,
228.0998,
189.2514,
237.4,
193.4811,
218.8495,
220.3612,
195.6657,
218.8791,
237.4,
237.4,
206.1004,
227.6,
218.6208,
237.4,
0,
2042, 
178.3563,
201.8869,
218.1062,
238.8,
187.3287,
216.4008,
238.8,
238.8,
238.8,
217.768,
196.1326,
203.4144,
230.2126,
189.6515,
238.8,
197.0219,
218.9485,
221.0044,
195.6657,
219.0072,
238.8,
238.8,
206.4514,
227.6,
218.6738,
238.8,
0,
2043, 
178.3784,
202.4303,
218.2465,
240.2,
187.3287,
216.4008,
240.2,
240.2,
240.2,
217.8891,
197.0372,
204.0923,
230.2126,
191.6583,
240.2,
197.8017,
219.0155,
221.1787,
195.6915,
219.0072,
240.2,
240.2,
207.2098,
227.6,
218.7009,
240.2,
0,
2044, 
178.8999,
204.4147,
218.4091,
241.6,
196.1535,
216.8855,
241.6,
241.6,
241.6,
218.2722,
198.6046,
207.069,
231.5457,
193.0488,
241.6,
199.9618,
219.1358,
222.0528,
196.5941,
219.1341,
241.6,
241.6,
207.218,
227.6,
218.7658,
241.6,
0,
2045, 
179.9851,
206.8459,
218.6921,
241.6,
202.4327,
220.8929,
241.6,
241.6,
241.6,
221.0171,
201.6532,
208.2792,
231.5457,
193.9498,
243,
201.2116,
219.2232,
222.4152,
197.545,
219.2522,
243,
243,
208.4601,
227.6,
218.8903,
243,
0,
2046, 
180.6389,
211.6208,
218.7772,
242.6786,
204.2598,
221.0699,
242.4023,
241.838,
241.9352,
223.654,
207.7252,
210.0187,
232.5539,
198.5436,
244.4,
203.8395,
219.4196,
223.6119,
200.8844,
219.3699,
243,
244.4,
210.4254,
227.6,
219.1849,
243,
0,
2047, 
182.0208,
215.7082,
219.1831,
242.9702,
205.0254,
221.2421,
243.0246,
241.838,
243.2223,
224.2032,
212.1135,
212.0164,
232.5539,
199.6998,
245.8,
206.4043,
219.4196,
223.6763,
203.9253,
219.3699,
243,
245.8,
210.7353,
227.6,
219.5292,
243.0409,
0,
2048, 
183.2486,
220.8165,
219.2649,
243.9948,
205.2966,
222.1127,
243.9829,
241.838,
243.6249,
224.6163,
216.5511,
216.136,
233.1573,
201.961,
247.2,
206.8787,
219.6973,
224.2342,
205.229,
219.3699,
244.3577,
247.2,
212.2173,
227.6,
219.9672,
244.8937,
0,
2049, 
183.2826,
225.2454,
220.0067,
244.0621,
205.7773,
222.3501,
244.9156,
241.838,
244.8862,
225.2741,
222.3534,
219.7312,
233.1573,
208.465,
247.2,
208.276,
220.4531,
225.5489,
208.7101,
219.3699,
244.3577,
247.2,
212.6513,
227.6,
220.6448,
245.4994,
0,
2050, 
183.3153,
227.9319,
220.0067,
245.8672,
206.5098,
224.4707,
245.8822,
241.838,
245.4633,
225.8076,
224.639,
219.7794,
233.8003,
216.7085,
247.2,
210.6268,
220.4531,
225.9505,
209.7277,
219.3699,
245.9617,
247.952,
213.5098,
227.6,
221.3607,
246.522,
0,
2051, 
185.0054,
230.3464,
222.2425,
245.8672,
206.5098,
224.7649,
246.8122,
246.6904,
246.8261,
226.4443,
225.6055,
220.5652,
233.8003,
218.2563,
247.2,
210.9471,
221.3551,
227.1487,
212.2526,
219.3699,
245.9617,
248.8722,
215.1474,
227.6,
222.4334,
246.522,
0,
2052, 
187.7066,
230.794,
222.2846,
247.705,
210.9168,
227.3717,
247.9658,
246.6904,
247.4459,
226.8593,
226.5319,
220.6759,
234.4375,
218.6676,
247.2,
212.0358,
221.7349,
227.5623,
212.7034,
219.3699,
247.8965,
249.7987,
216.4404,
227.6,
223.1084,
250.0233,
0,
2053, 
187.7879,
231.3553,
223.2127,
247.8745,
210.9168,
228.4267,
249.3571,
251.9286,
249.9532,
227.5064,
228.2585,
221.4766,
234.4989,
219.9761,
247.2,
212.2246,
222.5432,
229.1109,
214.8954,
219.3699,
248.1328,
251.5337,
217.216,
227.6,
224.5922,
250.0233,
0,
2054, 
207.9158,
231.3553,
223.2127,
250.1165,
216.3707,
232.2095,
250.7893,
254.0209,
251.0134,
228.3686,
229.47,
223.4113,
236.4887,
220.7406,
252.9106,
213.9531,
223.1016,
229.7256,
216.0497,
219.3699,
250.5679,
252.9486,
219.9462,
227.6,
225.0468,
253.9714,
0,
2055, 
208.6247,
232.2353,
224.9821,
250.3213,
219.133,
233.073,
253.2006,
257.1213,
253.0536,
228.5325,
230.1261,
223.9907,
236.4887,
221.9058,
252.9106,
213.9888,
224.0847,
231.285,
218.158,
219.6336,
250.6382,
254.6533,
221.5809,
227.6,
228.3085,
253.9714,
0,
2056, 
211.0014,
232.237,
226.3641,
252.9677,
223.624,
235.7996,
254.6988,
258.6397,
254.334,
229.3157,
230.4464,
223.9907,
236.4887,
221.9767,
252.9106,
214.0243,
224.8044,
231.7422,
219.8922,
219.6336,
253.2481,
256.0298,
223.1665,
227.6191,
228.3735,
257.5451,
0,
2057, 
211.7807,
234.4234,
227.111,
252.9677,
225.0762,
236.8128,
256.5105,
261.1272,
256.2766,
229.7412,
231.5466,
225.7621,
238.4299,
223.0858,
252.9106,
214.3511,
225.4485,
232.9788,
222.6418,
219.6336,
253.2481,
257.4724,
224.4745,
227.6191,
231.3687,
257.5451,
0,
2058, 
219.0573,
234.4234,
227.7818,
255.7457,
229.7317,
238.945,
258.7392,
262.2411,
257.5309,
230.6611,
231.8685,
225.9901,
238.4299,
223.2657,
261.7493,
214.3861,
225.8221,
233.7073,
224.4049,
219.6336,
255.5109,
258.8004,
226.3668,
227.6191,
232.1448,
260.8344,
0,
2059, 
219.9485,
235.3155,
228.4064,
255.7457,
229.7317,
239.8124,
260.212,
264.2831,
259.0569,
231.1538,
234.1502,
226.4856,
240.5809,
223.9259,
261.7493,
214.8295,
226.4075,
235.22,
227.6783,
219.6336,
255.8273,
261.2682,
226.8517,
244.3954,
235.031,
260.8344,
0,
2060, 
224.74,
235.3155,
228.7036,
258.254,
233.8719,
240.9624,
262.2284,
265.4716,
260.4288,
232.0774,
234.5625,
228.0143,
240.5809,
224.0214,
263.6581,
214.8928,
226.8326,
236.0064,
230.1792,
219.6336,
256.9565,
263.1828,
227.1623,
244.4754,
235.0829,
264.4767,
0,
2061, 
225.7162,
236.5195,
229.6692,
258.3802,
257.2009,
243.2422,
264.1352,
267.5703,
261.7598,
232.3567,
235.9961,
229.2771,
241.3523,
224.473,
267.7749,
215.4351,
227.4214,
239.1558,
231.3794,
219.6635,
258.5486,
263.4417,
227.2748,
244.4754,
242.017,
264.4767,
0,
2062, 
228.213,
236.5195,
229.6692,
261.0515,
260.3486,
243.884,
265.7169,
268.6691,
263.1473,
232.986,
236.5584,
229.7969,
242.8211,
224.476,
270.4048,
217.347,
228.0172,
239.9433,
231.4614,
219.6635,
258.8335,
263.4417,
227.5451,
244.4754,
242.017,
267.8227,
0,
2063, 
229.2208,
236.5684,
230.9271,
261.2635,
260.3486,
245.7308,
267.5496,
270.7693,
264.5243,
233.2671,
237.3683,
230.5751,
242.8211,
224.7386,
271.4181,
217.4505,
228.6082,
242.8143,
233.7858,
219.9202,
259.8898,
267.9842,
228.0658,
244.4754,
243.9583,
268.0501,
0,
2064, 
231.9601,
237.5689,
230.9879,
263.9786,
264.7231,
246.9356,
269.0206,
271.8606,
265.8081,
233.9864,
237.976,
233.4864,
245.8144,
224.8167,
275.8301,
218.2259,
229.3376,
243.5429,
233.7887,
220.0942,
261.2713,
267.9842,
228.3663,
244.4754,
246.9488,
270.7617,
0,
2065, 
233.0045,
237.5689,
231.7191,
264.7004,
264.7231,
248.1353,
270.6335,
274.1535,
267.0624,
234.3885,
238.1236,
234.3307,
245.8144,
229.6502,
275.8301,
218.2585,
229.969,
243.8606,
234.9458,
220.1579,
262.4961,
273.5916,
228.3663,
244.4754,
247.4121,
270.8333,
0,
2066, 
235.6701,
237.794,
231.8356,
267.5047,
264.7637,
248.1353,
271.9464,
275.7107,
267.9371,
235.0455,
238.1917,
235.5652,
249.3254,
229.9935,
279.4341,
220.4985,
230.9128,
245.3211,
236.1255,
220.1579,
266.0396,
274.1412,
230.2677,
247.0065,
249.8183,
273.2313,
0,
2067, 
236.7552,
237.9754,
232.058,
268.4091,
266.2751,
249.916,
273.498,
277.1944,
271.506,
235.165,
238.6519,
236.288,
249.3254,
230.235,
280.4573,
220.8633,
231.5523,
252.2745,
236.1554,
220.1579,
268.2859,
274.1412,
231.0937,
247.0065,
250.5508,
274.2588,
0,
2068, 
238.4422,
237.9754,
232.058,
270.8925,
266.2751,
250.7277,
274.731,
279.4278,
271.506,
235.4975,
238.6519,
237.763,
253.2333,
230.5988,
285.7736,
221.043,
232.4932,
252.3291,
238.274,
220.3445,
272.5173,
274.1819,
232.1867,
250.1728,
253.8449,
275.003,
0,
2069, 
240.3634,
237.9754,
232.6157,
272.0849,
266.9714,
252.9063,
276.2235,
281.2648,
274.8733,
235.6933,
239.0749,
238.3821,
253.5254,
231.5813,
285.7736,
221.6208,
233.1739,
252.3303,
239.3136,
220.399,
273.5176,
277.3668,
232.6261,
250.1728,
254.8047,
275.7455,
0,
2070, 
241.5148,
238.1326,
232.6157,
274.8765,
266.9714,
253.3509,
278.0304,
283.7026,
274.8733,
236.1068,
239.0749,
240.0108,
263.0551,
232.6943,
291.5174,
222.7771,
234.111,
252.3315,
243.68,
223.5142,
280.0874,
279.2802,
233.3675,
253.9666,
257.7524,
276.2427,
0,
2071, 
243.6991,
239.2021,
233.9241,
276.4441,
267.2108,
253.8082,
279.7481,
285.3557,
277.0455,
236.1068,
239.4721,
243.5371,
263.0551,
233.6149,
291.5174,
224.3311,
234.6355,
252.4362,
244.683,
225.5733,
284.8149,
280.4854,
234.0814,
253.9666,
258.6739,
276.2427,
0,
2072, 
244.9035,
239.2021,
235.1635,
278.6501,
267.4933,
254.0378,
281.5605,
287.8761,
277.0455,
236.5997,
241.4043,
243.5371,
263.0551,
234.0724,
295.365,
224.6182,
235.4958,
259.1127,
248.1058,
229.7083,
290.5082,
281.4051,
236.6006,
259.4533,
262.5895,
276.2427,
0,
2073, 
246.7014,
241.7371,
237.2275,
280.7511,
267.7213,
254.3105,
283.2497,
290.1618,
280.3605,
236.7618,
246.5198,
245.2019,
270.0927,
234.0724,
295.481,
225.8109,
236.1106,
259.1137,
252.1651,
230.3504,
290.9978,
282.8074,
236.6006,
259.4533,
262.5895,
276.2427,
0,
2074, 
246.7145,
241.7371,
237.4678,
282.4343,
268.0293,
256.2864,
285.0059,
292.2809,
282.0399,
237.4747,
246.5198,
246.1778,
270.2908,
234.6286,
299.6216,
225.8409,
238.111,
262.8781,
254.2723,
233.4205,
295.9783,
284.6573,
238.1664,
259.4533,
266.4411,
276.2427,
0,
2075, 
248.6967,
245.388,
238.6508,
284.5545,
268.2445,
259.1167,
286.6245,
294.1266,
284.8322,
237.6757,
249.8386,
246.4176,
282.3534,
235.0529,
299.6216,
226.7133,
238.4991,
263.3624,
256.1616,
233.8877,
296.725,
285.6544,
238.2736,
259.4533,
267.1521,
276.2427,
0,
2076, 
250.3512,
245.5916,
239.4207,
285.8128,
268.526,
265.3814,
289.0721,
297.5631,
287.5868,
238.8877,
250.1691,
247.8201,
282.3534,
236.176,
303.3817,
230.4139,
240.8365,
268.6644,
259.5559,
234.4043,
298.8434,
285.8123,
238.8479,
259.4533,
272.4886,
276.2427,
0,
2077, 
252.4082,
249.4811,
240.82,
287.3245,
268.842,
268.3483,
290.6458,
298.9696,
290.8287,
239.0689,
253.3382,
248.3887,
282.3534,
236.2599,
303.3817,
234.9629,
240.8365,
268.8499,
261.7336,
235.5275,
300.8391,
285.8123,
239.1528,
259.4533,
272.9342,
276.2427,
0,
2078, 
252.4362,
249.4811,
241.8318,
288.4619,
269.2388,
271.4523,
293.1307,
302.8083,
292.9529,
240.145,
253.3382,
249.3176,
284.5604,
237.2885,
304.5493,
243.2151,
244.1165,
269.4868,
266.7507,
236.3139,
300.8391,
286.9877,
239.5482,
259.4533,
278.4568,
277.5478,
0,
2079, 
254.5649,
254.2329,
243.1696,
290.0344,
269.6854,
272.8415,
294.115,
303.9669,
295.3677,
240.4483,
255.2741,
250.3366,
284.5604,
238.2885,
304.9404,
252.0323,
245.1273,
273.1729,
268.8097,
237.1714,
302.9105,
290.74,
241.6049,
259.4533,
278.5161,
279.2898,
0,
2080, 
254.5649,
254.2329,
244.2586,
294.0052,
269.9061,
274.6078,
295.0711,
307.8916,
297.7419,
241.1416,
255.2741,
250.3366,
285.2838,
243.9202,
307.6699,
258.2755,
248.3372,
273.1803,
271.7772,
237.7483,
302.9113,
290.74,
241.6049,
259.4533,
282.8834,
280.4355,
0,
2081, 
257.308,
257.3869,
245.326,
294.0698,
270.095,
275.7428,
295.8798,
309.0305,
299.4952,
241.4793,
255.2741,
251.3492,
285.3278,
249.6849,
307.6699,
272.4175,
250.3858,
278.4912,
271.897,
238.4344,
305.3304,
294.6858,
242.2069,
259.4533,
284.9024,
281.5503,
0,
2082, 
257.308,
257.3869,
246.1764,
296.9373,
270.344,
277.3123,
297.1582,
311.4685,
301.0006,
241.9633,
257.6171,
251.3492,
287.0787,
250.5724,
309.3253,
275.7063,
251.8649,
278.4912,
272.8907,
238.4344,
305.3304,
294.6858,
242.8115,
259.4533,
289.7422,
286.8697,
0,
2083, 
258.9616,
259.4955,
247.0065,
298.7169,
270.7063,
279.047,
298.065,
312.4105,
302.0844,
242.5029,
257.6611,
252.3646,
287.1403,
251.7728,
309.3253,
278.926,
251.8826,
278.709,
272.9422,
238.4344,
306.659,
297.2477,
243.3755,
259.4533,
290.1045,
290.5704,
0,
2084, 
259.2952,
259.4955,
247.7929,
299.8029,
271.0666,
280.4518,
299.007,
315.0778,
302.0844,
242.8153,
259.5701,
252.4334,
292.4531,
253.0723,
309.7473,
280.852,
253.5896,
279.5808,
281.4203,
238.4344,
306.659,
297.2477,
244.099,
259.4533,
297.4793,
299.8995,
0,
2085, 
260.0514,
261.5209,
248.5399,
301.8464,
271.476,
281.9283,
300.2568,
315.148,
303.9455,
243.0121,
259.5701,
254.3052,
292.4531,
254.0847,
309.7473,
282.8608,
253.5896,
282.5999,
281.4203,
238.4344,
308.1471,
298.3742,
244.9752,
259.4533,
297.4978,
303.9384,
0,
2086, 
260.7968,
261.5209,
250.084,
303.3383,
271.825,
284.0308,
301.4422,
318.2001,
304.8947,
243.0228,
264.3584,
256.7448,
293.0461,
256.1349,
309.7473,
284.0315,
255.5468,
283.2891,
281.4203,
238.4344,
308.1471,
298.3742,
245.6861,
259.4533,
299.5645,
312.915,
0,
2087, 
260.7968,
263.5245,
250.1702,
305.8006,
272.1442,
285.6858,
302.6373,
318.2001,
307.2748,
243.1057,
265.0417,
258.2738,
300.5287,
256.7711,
309.7473,
285.9847,
256.9672,
284.1313,
281.4203,
238.4344,
308.7224,
300.4801,
248.3457,
259.4533,
308.358,
312.915,
0,
2088, 
260.7968,
263.5245,
254.2444,
307.6624,
272.5453,
286.642,
303.2591,
320.1754,
307.2748,
243.2311,
268.2525,
262.2952,
300.5287,
258.189,
309.7473,
286.1689,
257.8832,
289.429,
281.4203,
238.4344,
310.7178,
301.8081,
249.7243,
259.4533,
309.37,
321.0992,
0,
2089, 
260.7968,
265.7147,
262.4669,
310.1854,
273.0853,
288.4053,
303.4651,
320.1754,
307.2748,
243.6812,
271.7637,
263.726,
302.0713,
258.9231,
309.7473,
288.4886,
263.2491,
309.2863,
283.2547,
238.4344,
310.7178,
302.5833,
253.9474,
259.4533,
315.1586,
321.0992,
0,
2090, 
267.627,
265.8044,
282.3357,
311.9156,
273.0853,
295.4176,
304.393,
320.1754,
307.2748,
249.8503,
272.2608,
265.6436,
307.2572,
259.2852,
309.7473,
288.5092,
268.3976,
310.3062,
285.7964,
240.2209,
312.7115,
303.7249,
260.0001,
259.4533,
318.5464,
326.6117,
0,
2091, 
273.8515,
273.9939,
294.1032,
314.0563,
273.0853,
302.7245,
304.7152,
320.1754,
307.2748,
259.1213,
281.3573,
269.8574,
307.2572,
271.9285,
309.7473,
288.8065,
268.3976,
316.1012,
288.9532,
247.2266,
312.7546,
305.1793,
266.2073,
259.4533,
324.7833,
326.6117,
0,
2092, 
273.8515,
275.0542,
297.0835,
314.9732,
273.0853,
304.1265,
305.574,
320.1754,
307.2748,
273.3079,
285.5529,
271.8598,
316.0796,
275.3034,
309.7473,
288.8065,
276.8467,
316.3817,
293.067,
253.3247,
316.7446,
306.1865,
278.3221,
259.4533,
326.1309,
331.1172,
0,
2093, 
277.99,
279.9563,
297.0835,
316.1225,
273.0853,
305.3158,
306.5128,
320.1754,
307.2821,
284.2917,
297.4539,
279.76,
316.0796,
275.5137,
309.7473,
288.8065,
277.5295,
318.0825,
294.1812,
279.5862,
316.7446,
308.3897,
278.3221,
259.4533,
329.2382,
331.5048,
0,
2094, 
284.9583,
283.5894,
298.202,
316.9755,
273.0853,
306.7199,
306.9395,
320.1754,
307.2821,
285.989,
297.4539,
285.523,
316.0796,
280.5456,
309.7473,
288.8691,
287.7289,
318.6781,
295.8509,
280.4783,
322.9577,
308.7599,
289.8569,
259.4533,
331.8084,
337.9379,
0,
2095, 
289.9711,
288.9069,
298.202,
318.4348,
273.0853,
308.5045,
306.9395,
320.1754,
307.2821,
287.0929,
305.378,
295.9572,
325.7315,
285.2532,
309.7473,
288.8691,
295.0534,
326.6475,
296.3762,
316.6537,
322.9642,
308.9903,
297.1573,
289.0595,
335.4976,
337.9379,
0,
2096, 
294.8876,
291.8175,
298.202,
319.9912,
273.3139,
308.9009,
306.9395,
320.1754,
307.3326,
289.2195,
305.412,
298.2423,
325.7315,
286.4359,
309.7473,
288.8691,
295.0534,
326.9202,
296.8519,
317.4028,
324.5529,
309.0479,
302.1302,
289.0595,
337.1522,
344.7103,
0,
2097, 
298.0987,
295.3544,
298.202,
321.3356,
274.5223,
310.4783,
306.9395,
320.5048,
309.5573,
292.7993,
309.7306,
300.4786,
325.7435,
287.2729,
309.7473,
288.8691,
295.0534,
328.1521,
296.9609,
317.4028,
326.3845,
309.3906,
302.1814,
289.0595,
342.7699,
344.7103,
0,
2098, 
298.0987,
297.9218,
300.481,
322.5785,
274.5223,
310.9565,
306.9395,
321.3466,
309.5573,
296.1441,
309.9388,
301.784,
325.7435,
288.3397,
309.7473,
288.8691,
295.0534,
329.2921,
297.4313,
317.4028,
326.7154,
309.9516,
311.1745,
289.0595,
342.7699,
348.4787,
0,
2099, 
298.9211,
300.5926,
300.9438,
323.4581,
274.9517,
311.9653,
306.9395,
321.5426,
311.4958,
300.1064,
321.1165,
304.2404,
325.7435,
288.8392,
309.7473,
290.5165,
295.0534,
332.736,
297.4659,
317.4028,
327.7956,
311.1401,
320.963,
289.0595,
345.0036,
349.1341,
0,
2100, 
298.9211,
301.895,
303.0394,
324.4277,
275.1559,
312.6681,
306.9395,
321.5426,
312.0586,
302.3248,
322.7016,
306.7303,
325.7435,
289.8247,
309.7473,
294.4004,
295.0534,
333.8304,
297.7167,
317.4028,
327.8275,
312.0997,
322.7764,
289.0595,
345.5688,
352.1862,
0];
