real main.em.dc.CapDAC[28](t) = [1971, 
0,
0,
0,
0,
0,
0,
0,
0,
0,
0,
0,
0,
0,
0,
0,
0,
0,
0,
0,
0,
0,
0,
0,
0,
0,
0,
0,
0,
1972, 
0,
0,
0,
0,
0,
0,
0,
0,
0,
0,
0,
0,
0,
0,
0,
0,
0,
0,
0,
0,
0,
0,
0,
0,
0,
0,
0,
0,
1973, 
0,
0,
0,
0,
0,
0,
0,
0,
0,
0,
0,
0,
0,
0,
0,
0,
0,
0,
0,
0,
0,
0,
0,
0,
0,
0,
0,
0,
1974, 
0,
0,
0,
0,
0,
0,
0,
0,
0,
0,
0,
0,
0,
0,
0,
0,
0,
0,
0,
0,
0,
0,
0,
0,
0,
0,
0,
0,
1975, 
0,
0,
0,
0,
0,
0,
0,
0,
0,
0,
0,
0,
0,
0,
0,
0,
0,
0,
0,
0,
0,
0,
0,
0,
0,
0,
0,
0,
1976, 
0,
0,
0,
0,
0,
0,
0,
0,
0,
0,
0,
0,
0,
0,
0,
0,
0,
0,
0,
0,
0,
0,
0,
0,
0,
0,
0,
0,
1977, 
0,
0,
0,
0,
0,
0,
0,
0,
0,
0,
0,
0,
0,
0,
0,
0,
0,
0,
0,
0,
0,
0,
0,
0,
0,
0,
0,
0,
1978, 
0,
0,
0,
0,
0,
0,
0,
0,
0,
0,
0,
0,
0,
0,
0,
0,
0,
0,
0,
0,
0,
0,
0,
0,
0,
0,
0,
0,
1979, 
0,
0,
0,
0,
0,
0,
0,
0,
0,
0,
0,
0,
0,
0,
0,
0,
0,
0,
0,
0,
0,
0,
0,
0,
0,
0,
0,
0,
1980, 
0,
0,
0,
0,
0,
0,
0,
0,
0,
0,
0,
0,
0,
0,
0,
0,
0,
0,
0,
0,
0,
0,
0,
0,
0,
0,
0,
0,
1981, 
0,
0,
0,
0,
0,
0,
0,
0,
0,
0,
0,
0,
0,
0,
0,
0,
0,
0,
0,
0,
0,
0,
0,
0,
0,
0,
0,
0,
1982, 
0,
0,
0,
0,
0,
0,
0,
0,
0,
0,
0,
0,
0,
0,
0,
0,
0,
0,
0,
0,
0,
0,
0,
0,
0,
0,
0,
0,
1983, 
0,
0,
0,
0,
0,
0,
0,
0,
0,
0,
0,
0,
0,
0,
0,
0,
0,
0,
0,
0,
0,
0,
0,
0,
0,
0,
0,
0,
1984, 
0,
0,
0,
0,
0,
0,
0,
0,
0,
0,
0,
0,
0,
0,
0,
0,
0,
0,
0,
0,
0,
0,
0,
0,
0,
0,
0,
0,
1985, 
0,
0,
0,
0,
0,
0,
0,
0,
0,
0,
0,
0,
0,
0,
0,
0,
0,
0,
0,
0,
0,
0,
0,
0,
0,
0,
0,
0,
1986, 
0,
0,
0,
0,
0,
0,
0,
0,
0,
0,
0,
0,
0,
0,
0,
0,
0,
0,
0,
0,
0,
0,
0,
0,
0,
0,
0,
0,
1987, 
0,
0,
0,
0,
0,
0,
0,
0,
0,
0,
0,
0,
0,
0,
0,
0,
0,
0,
0,
0,
0,
0,
0,
0,
0,
0,
0,
0,
1988, 
0,
0,
0,
0,
0,
0,
0,
0,
0,
0,
0,
0,
0,
0,
0,
0,
0,
0,
0,
0,
0,
0,
0,
0,
0,
0,
0,
0,
1989, 
0,
0,
0,
0,
0,
0,
0,
0,
0,
0,
0,
0,
0,
0,
0,
0,
0,
0,
0,
0,
0,
0,
0,
0,
0,
0,
0,
0,
1990, 
0,
0,
0,
0,
0,
0,
0,
0,
0,
0,
0,
0,
0,
0,
0,
0,
0,
0,
0,
0,
0,
0,
0,
0,
0,
0,
0,
0,
1991, 
0,
0,
0,
0,
0,
0,
0,
0,
0,
0,
0,
0,
0,
0,
0,
0,
0,
0,
0,
0,
0,
0,
0,
0,
0,
0,
0,
0,
1992, 
0,
0,
0,
0,
0,
0,
0,
0,
0,
0,
0,
0,
0,
0,
0,
0,
0,
0,
0,
0,
0,
0,
0,
0,
0,
0,
0,
0,
1993, 
0,
0,
0,
0,
0,
0,
0,
0,
0,
0,
0,
0,
0,
0,
0,
0,
0,
0,
0,
0,
0,
0,
0,
0,
0,
0,
0,
0,
1994, 
0,
0,
0,
0,
0,
0,
0,
0,
0,
0,
0,
0,
0,
0,
0,
0,
0,
0,
0,
0,
0,
0,
0,
0,
0,
0,
0,
0,
1995, 
0,
0,
0,
0,
0,
0,
0,
0,
0,
0,
0,
0,
0,
0,
0,
0,
0,
0,
0,
0,
0,
0,
0,
0,
0,
0,
0,
0,
1996, 
0,
0,
0,
0,
0,
0,
0,
0,
0,
0,
0,
0,
0,
0,
0,
0,
0,
0,
0,
0,
0,
0,
0,
0,
0,
0,
0,
0,
1997, 
0,
0,
0,
0,
0,
0,
0,
0,
0,
0,
0,
0,
0,
0,
0,
0,
0,
0,
0,
0,
0,
0,
0,
0,
0,
0,
0,
0,
1998, 
0,
0,
0,
0,
0,
0,
0,
0,
0,
0,
0,
0,
0,
0,
0,
0,
0,
0,
0,
0,
0,
0,
0,
0,
0,
0,
0,
0,
1999, 
0,
0,
0,
0,
0,
0,
0,
0,
0,
0,
0,
0,
0,
0,
0,
0,
0,
0,
0,
0,
0,
0,
0,
0,
0,
0,
0,
0,
2000, 
0,
0,
0,
0,
0,
0,
0,
0,
0,
0,
0,
0,
0,
0,
0,
0,
0,
0,
0,
0,
0,
0,
0,
0,
0,
0,
0,
0,
2001, 
0,
0,
0,
0,
0,
0,
0,
0,
0,
0,
0,
0,
0,
0,
0,
0,
0,
0,
0,
0,
0,
0,
0,
0,
0,
0,
0,
0,
2002, 
0,
0,
0,
0,
0,
0,
0,
0,
0,
0,
0,
0,
0,
0,
0,
0,
0,
0,
0,
0,
0,
0,
0,
0,
0,
0,
0,
0,
2003, 
0,
0,
0,
0,
0,
0,
0,
0,
0,
0,
0,
0,
0,
0,
0,
0,
0,
0,
0,
0,
0,
0,
0,
0,
0,
0,
0,
0,
2004, 
0,
0,
0,
0,
0,
0,
0,
0,
0,
0,
0,
0,
0,
0,
0,
0,
0,
0,
0,
0,
0,
0,
0,
0,
0,
0,
0,
0,
2005, 
0,
0,
0,
0,
0,
0,
0,
0,
0,
0,
0,
0,
0,
0,
0,
0,
0,
0,
0,
0,
0,
0,
0,
0,
0,
0,
0,
0,
2006, 
0,
0,
0,
0,
0,
0,
0,
0,
0,
0,
0,
0,
0,
0,
0,
0,
0,
0,
0,
0,
0,
0,
0,
0,
0,
0,
0,
0,
2007, 
0,
0,
0,
0,
0,
0,
0,
0,
0,
0,
0,
0,
0,
0,
0,
0,
0,
0,
0,
0,
0,
0,
0,
0,
0,
0,
0,
0,
2008, 
0,
0,
0,
0,
0,
0,
0,
0,
0,
0,
0,
0,
0,
0,
0,
0,
0,
0,
0,
0,
0,
0,
0,
0,
0,
0,
0,
0,
2009, 
0,
0,
0,
0,
0,
0,
0,
0,
0,
0,
0,
0,
0,
0,
0,
0,
0,
0,
0,
0,
0,
0,
0,
0,
0,
0,
0,
0,
2010, 
0,
0,
0,
0,
0,
0,
0,
0,
0,
0,
0,
0,
0,
0,
0,
0,
0,
0,
0,
0,
0,
0,
0,
0,
0,
0,
0,
0,
2011, 
0,
0,
0,
0,
0,
0,
0,
0,
0,
0,
0,
0,
0,
0,
0,
0,
0,
0,
0,
0,
0,
0,
0,
0,
0,
0,
0,
0,
2012, 
0,
0,
0,
0,
0,
0,
0,
0,
0,
0,
0,
0,
0,
0,
0,
0,
0,
0,
0,
0,
0,
0,
0,
0,
0,
0,
0,
0,
2013, 
0,
0,
0,
0,
0,
0,
0,
0,
0,
0,
0,
0,
0,
0,
0,
0,
0,
0,
0,
0,
0,
0,
0,
0,
0,
0,
0,
0,
2014, 
0,
0,
0,
0,
0,
0,
0,
0,
0,
0,
0,
0,
0,
0,
0,
0,
0,
0,
0,
0,
0,
0,
0,
0,
0,
0,
0,
0,
2015, 
0,
0,
0,
0,
0,
0,
0,
0,
0,
0,
0,
0,
0,
0,
0,
0,
0,
0,
0,
0,
0,
0,
0,
0,
0,
0,
0,
0,
2016, 
0,
0,
0,
0,
0,
0,
0,
0,
0,
0,
0,
0,
0,
0,
0,
0,
0,
0,
0,
0,
0,
0,
0,
0,
0,
0,
0,
0,
2017, 
0,
0,
0,
0,
0,
0,
0,
0,
0,
0,
0,
0,
0,
0,
0,
0,
0,
0,
0,
0,
0,
0,
0,
0,
0,
0,
0,
0,
2018, 
0,
0,
0,
0,
0,
0,
0,
0,
0,
0,
0,
0,
0,
0,
0,
0,
0,
0,
0,
0,
0,
0,
0,
0,
0,
0,
0,
0,
2019, 
0,
0,
0,
0,
0,
0,
0,
0,
0,
0,
0,
0,
0,
0,
0,
0,
0,
0,
0,
0,
0,
0,
0,
0,
0,
0,
0,
0,
2020, 
0,
0,
0,
0,
0,
0,
0,
0,
0,
0,
0,
0,
0,
0,
0,
0,
0,
0,
0,
0,
0,
0,
0,
0,
0,
0,
0,
0,
2021, 
0,
0,
0,
0,
0,
0,
0,
0,
0,
0,
0,
0,
0,
0,
0,
0,
0,
0,
0,
0,
0,
0,
0,
0,
0,
0,
0,
0,
2022, 
0,
0,
0,
0,
0,
0,
0,
0,
0,
0,
0,
0,
0,
0,
0,
0,
0,
0,
0,
0,
0,
0,
0,
0,
0,
0,
0,
0,
2023, 
0,
0,
0,
0,
0,
0,
0,
0,
0,
0,
0,
0,
0,
0,
0,
0,
0,
0,
0,
0,
0,
0,
0,
0,
0,
0,
0,
0,
2024, 
0,
0,
0,
0,
0,
0,
0,
0,
0,
0,
0,
0,
0,
0,
0,
0,
0,
0,
0,
0,
0,
0,
0,
0,
0,
0,
0,
0,
2025, 
0,
0,
0,
0,
0,
0,
0,
0,
0,
0,
0,
0,
0,
0,
0,
0,
0,
0,
0,
0,
0,
0,
0,
0,
0,
0,
0,
0,
2026, 
0,
0,
0,
0,
0,
0,
0,
0,
0,
0,
0,
0,
0,
0,
0,
0,
0,
0,
0,
0,
0,
0,
0,
0,
0,
0,
0,
0,
2027, 
0,
0,
0,
0,
0,
0,
0,
0,
0,
0,
0,
0,
0,
0,
0,
0,
0,
0,
0,
0,
0,
0,
0,
0,
0,
0,
0,
0,
2028, 
0,
0,
0,
0,
0,
0,
0,
0,
0,
0,
0,
0,
0,
0,
0,
0,
0,
0,
0,
0,
0,
0,
0,
0,
0,
0,
0,
0,
2029, 
0,
0,
0,
0,
0,
0,
0,
0,
0,
0,
0,
0,
0,
0,
0,
0,
0,
0,
0,
0,
0,
0,
0,
0,
0,
0,
0,
0,
2030, 
0,
0,
0,
0,
0,
0,
0,
0,
0,
0,
0,
0,
0,
0,
0,
0,
0,
0,
0,
0,
0,
0,
0,
0,
0,
0,
0,
0,
2031, 
0,
0,
0,
0,
0,
0,
0,
0,
0,
0,
0,
0,
0,
0,
0,
0,
0,
0,
0,
0,
0,
0,
0,
0,
0,
0,
0,
0,
2032, 
0,
0,
0,
0,
0,
0,
0,
0,
0,
0,
0,
0,
0,
0,
0,
0,
0,
0,
0,
0,
0,
0,
0,
0,
0,
0,
0,
0,
2033, 
0,
0,
0,
0,
0,
0,
0,
0,
0,
0,
0,
0,
0,
0,
0,
0,
0,
0,
0,
0,
0,
0,
0,
0,
0,
0,
0,
0,
2034, 
0,
0,
0,
0,
0,
0,
0,
0,
0,
0,
0,
0,
0,
0,
0,
0,
0,
0,
0,
0,
0,
0,
0,
0,
0,
0,
0,
0,
2035, 
0,
0,
0,
0,
0,
0,
0,
0,
0,
0,
0,
0,
0,
0,
0,
0,
0,
0,
0,
0,
0,
0,
0,
0,
0,
0,
0,
0,
2036, 
0,
0,
0,
0,
0,
0,
0,
0,
0,
0,
0,
0,
0,
0,
0,
0,
0,
0,
0,
0,
0,
0,
0,
0,
0,
0,
0,
0,
2037, 
0,
0,
0,
0,
0,
0,
0,
0,
0,
0,
0,
0,
0,
0,
0,
0,
0,
0,
0,
0,
0,
0,
0,
0,
0,
0,
0,
0,
2038, 
0,
0,
0,
0,
0,
0,
0,
0,
0,
0,
0,
0,
0,
0,
0,
0,
0,
0,
0,
0,
0,
0,
0,
0,
0,
0,
0,
0,
2039, 
0,
0,
0,
0,
0,
0,
0,
0,
0,
0,
0,
0,
0,
0,
0,
0,
0,
0,
0,
0,
0,
0,
0,
0,
0,
0,
0,
0,
2040, 
0,
0,
0,
0,
0,
0,
0,
0,
0,
0,
0,
0,
0,
0,
0,
0,
0,
0,
0,
0,
0,
0,
0,
0,
0,
0,
0,
0,
2041, 
0,
0,
0,
0,
0,
0,
0,
0,
0,
0,
0,
0,
0,
0,
0,
0,
0,
0,
0,
0,
0,
0,
0,
0,
0,
0,
0,
0,
2042, 
0,
0,
0,
0,
0,
0,
0,
0,
0,
0,
0,
0,
0,
0,
0,
0,
0,
0,
0,
0,
0,
0,
0,
0,
0,
0,
0,
0,
2043, 
0,
0,
0,
0,
0,
0,
0,
0,
0,
0,
0,
0,
0,
0,
0,
0,
0,
0,
0,
0,
0,
0,
0,
0,
0,
0,
0,
0,
2044, 
0,
0,
0,
0,
0,
0,
0,
0,
0,
0,
0,
0,
0,
0,
0,
0,
0,
0,
0,
0,
0,
0,
0,
0,
0,
0,
0,
0,
2045, 
0,
0,
0,
0,
0,
0,
0,
0,
0,
0,
0,
0,
0,
0,
0,
0,
0,
0,
0,
0,
0,
0,
0,
0,
0,
0,
0,
0,
2046, 
0,
0,
0,
0,
0,
0,
0,
0,
0,
0,
0,
0,
0,
0,
0,
0,
0,
0,
0,
0,
0,
0,
0,
0,
0,
0,
0,
0,
2047, 
0,
0,
0,
0,
0,
0,
0,
0,
0,
0,
0,
0,
0,
0,
0,
0,
0,
0,
0,
0,
0,
0,
0,
0,
0,
0,
0,
0,
2048, 
0,
0,
0,
0,
0,
0,
0,
0,
0,
0,
0,
0,
0,
0,
0,
0,
0,
0,
0,
0,
0,
0,
0,
0,
0,
0,
0,
0,
2049, 
0,
0,
0,
0,
0,
0,
0,
0,
0,
0,
0,
0,
0,
0,
0,
0,
0,
0,
0,
0,
0,
0,
0,
0,
0,
0,
0,
0,
2050, 
0,
0,
0,
0,
0,
0,
0,
0,
0,
0,
0,
0,
0,
0,
0,
0,
0,
0,
0,
0,
0,
0,
0,
0,
0,
0,
0,
0,
2051, 
0,
0,
0,
0,
0,
0,
0,
0,
0,
0,
0,
0,
0,
0,
0,
0,
0,
0,
0,
0,
0,
0,
0,
0,
0,
0,
0,
0,
2052, 
0,
0,
0,
0,
0,
0,
0,
0,
0,
0,
0,
0,
0,
0,
0,
0,
0,
0,
0,
0,
0,
0,
0,
0,
0,
0,
0,
0,
2053, 
0.0001019149,
0,
0,
0,
5.339108e-05,
8.691668e-05,
0.0001765356,
9.791447e-05,
0,
0,
0,
0,
0,
0,
5.874108e-05,
0.0002553275,
0.0001990349,
0,
0,
0,
0,
0,
0,
0.0001329428,
0,
0,
0,
0.001162719,
2054, 
0.00031949,
0,
0,
0,
0.0001647096,
0.0002716595,
0.0005559009,
0.0003084464,
0,
0,
0,
0,
0,
0,
0.000184141,
0.0008030261,
0.0006267441,
0,
0,
0,
0,
0,
0,
0.0004171821,
0,
0,
0,
0.0036513,
2055, 
0.0006675054,
0,
0,
0,
0.0003396374,
0.0005675007,
0.001168233,
0.000646933,
0,
0,
0,
0,
0,
0,
0.0003863426,
0.001685743,
0.001314262,
0,
0,
0,
0,
0,
0,
0.0008744128,
3.896071e-05,
5.202372e-05,
0,
0.007741554,
2056, 
0.001162798,
0,
0,
0,
0.0005849816,
0.000988945,
0.002049934,
0.001134593,
0,
0,
0,
0,
0,
4.362257e-05,
0.0006757849,
0.002953469,
0.002300531,
0,
0,
0,
0,
0,
0,
0.001532044,
0.000120945,
0.0001607601,
0,
0.01370841,
2057, 
0.001822138,
9.528784e-05,
2.07485e-05,
0,
0.000907465,
0.001553487,
0.003243902,
0.001791919,
0,
0,
4.797824e-05,
0,
0,
0.0001367134,
0.001062679,
0.004661446,
0.003630362,
0,
0,
0,
0,
0,
0,
0.002421123,
0.0002498514,
0.000332817,
0,
0.02197792,
2058, 
0.002563193,
0.0002975896,
6.456915e-05,
0,
0.001263014,
0.002194369,
0.004615793,
0.002546105,
0,
0,
0.0001498166,
1.777082e-05,
0,
0.0002862933,
0.001500017,
0.00661525,
0.005151377,
0,
0,
0,
0,
0,
0,
0.003443667,
0.0004299098,
0.0005747464,
0,
0.03171348,
2059, 
0.00339612,
0.0006215391,
0.0001343534,
0,
0.001658109,
0.002926598,
0.006196488,
0.00341403,
0,
1.461961e-05,
0.0003118328,
5.482975e-05,
0,
0.0005006741,
0.001995058,
0.008861237,
0.00689742,
0,
0,
0,
0,
0,
0,
0.004625937,
0.0006669542,
0.000896942,
0,
0.04317274,
2060, 
0.004344997,
0.001086987,
0.0002340781,
0,
0.00210505,
0.003772619,
0.008040163,
0.004431104,
0,
4.640104e-05,
0.0005434616,
0.0001136168,
0,
0.0007911595,
0.002558416,
0.01147725,
0.008928707,
0,
0,
0,
0,
0,
0,
0.006010175,
0.0009299044,
0.001260415,
0,
0.0566745,
2061, 
0.005441868,
0.00172081,
0.0003672067,
0,
0.002618911,
0.004762681,
0.01022264,
0.005642172,
2.475444e-05,
9.846977e-05,
0.0008553325,
0.0001975346,
0,
0.001128059,
0.003209183,
0.01457711,
0.01132922,
0,
0,
0,
0,
0,
0,
0.007650849,
0.001225002,
0.00167969,
0,
0.07275148,
2062, 
0.006740484,
0.002461744,
0.0005182062,
0,
0.003226186,
0.005912081,
0.01285888,
0.007119273,
7.922955e-05,
0.0001749273,
0.00121065,
0.0003112046,
0,
0.001524566,
0.003978911,
0.01833493,
0.01422332,
0,
0,
0,
0,
0,
0,
0.009628212,
0.001562004,
0.002172359,
0,
0.09203716,
2063, 
0.008292929,
0.003338452,
0.0006895274,
1.796124e-05,
0.003949231,
0.007240534,
0.01609034,
0.008940612,
0.0001691857,
0.0002804844,
0.001616174,
0.0004423048,
0,
0.001994471,
0.004905218,
0.02295926,
0.01776491,
0,
0,
0,
1.698305e-05,
0,
0,
0.01204053,
0.001951019,
0.002761583,
0,
0.1154617,
2064, 
0.01016949,
0.004385838,
0.0008856012,
5.753512e-05,
0.004820042,
0.008775059,
0.02010123,
0.01121521,
0.0003017389,
0.0004065914,
0.002081983,
0.0005966187,
0,
0.002556018,
0.006036377,
0.02872103,
0.02215514,
0,
0,
0,
5.012848e-05,
0,
0,
0.01501014,
0.002403146,
0.003473171,
0,
0.1442021,
2065, 
0.01246103,
0.005647573,
0.001112247,
0.0001233598,
0.005854735,
0.01055413,
0.02512157,
0.01407242,
0.000486319,
0.0005582875,
0.002620836,
0.0007812751,
0,
0.003231579,
0.007435509,
0.03596575,
0.02765231,
0,
0,
0,
8.327392e-05,
1.795028e-05,
0,
0.01870069,
0.002932133,
0.004345298,
0,
0.1797583,
2066, 
0.01530073,
0.007179036,
0.001378588,
0.0002218412,
0.007087564,
0.01263666,
0.03144171,
0.01769405,
0.0007105045,
0.0007435081,
0.00325174,
0.001004817,
0,
0.00405128,
0.009187257,
0.04516079,
0.03459802,
8.639937e-05,
0,
8.664043e-05,
0.0001164194,
5.621275e-05,
7.974067e-06,
0.02332881,
0.003555639,
0.005422883,
0,
0.2243091,
2067, 
0.01885891,
0.009054822,
0.001693632,
0.0003610564,
0.008561122,
0.01513023,
0.03941289,
0.02230301,
0.0009842814,
0.0009728881,
0.004000066,
0.00127882,
0,
0.00504847,
0.01140779,
0.05688637,
0.043429,
0.0002701145,
0,
0.0002781178,
0.0001495648,
0.0001176367,
2.562019e-05,
0.02920366,
0.004297581,
0.006773292,
0,
0.280499,
2068, 
0.0233787,
0.01138003,
0.002070096,
0.0005334744,
0.01034099,
0.01817322,
0.04947476,
0.02822343,
0.001322452,
0.001261624,
0.004900256,
0.001618949,
0,
0.006277215,
0.01424865,
0.07190321,
0.05472605,
0.0005653823,
0,
0.0006000076,
0.0001657272,
0.0002056507,
5.523742e-05,
0.03673777,
0.005192828,
0.008445652,
0,
0.3518014,
2069, 
0.02918437,
0.01428592,
0.00252014,
0.0007484875,
0.01251725,
0.02196158,
0.06214509,
0.03586575,
0.00174486,
0.001630172,
0.006000571,
0.002046489,
0,
0.007818057,
0.01791613,
0.09119164,
0.06923207,
0.0009920759,
0,
0.001087708,
0.0001657272,
0.0003243333,
9.974129e-05,
0.04653783,
0.006290302,
0.0105057,
0,
0.442812,
2070, 
0.03669188,
0.01794277,
0.003056099,
0.001017971,
0.0152269,
0.02674937,
0.07793947,
0.04576491,
0.002276009,
0.002105652,
0.007365495,
0.002588923,
0,
0.009777948,
0.02263485,
0.1159028,
0.08774488,
0.001576341,
0,
0.001789739,
0.0001657272,
0.0004606487,
0.0001630192,
0.05936125,
0.007648063,
0.01302802,
0,
0.5589787,
2071, 
0.0463894,
0.02256552,
0.003690096,
0.00135627,
0.01864698,
0.03286622,
0.09732144,
0.05853041,
0.002950194,
0.002720396,
0.009076124,
0.003283339,
0,
0.01229101,
0.02868841,
0.1473599,
0.1111862,
0.002266455,
0,
0.002685514,
0.0001657272,
0.0006184253,
0.0002420578,
0.07623296,
0.009333402,
0.01613919,
0,
0.7066056,
2072, 
0.05886497,
0.02841934,
0.004437061,
0.001781769,
0.02299883,
0.04069756,
0.1206751,
0.07487394,
0.003810196,
0.003516501,
0.01123427,
0.004176788,
0,
0.0155415,
0.03638009,
0.1869735,
0.1403584,
0.003094242,
0,
0.003844865,
0.0001657272,
0.0008035065,
0.0003420068,
0.09829073,
0.01141955,
0.01998633,
0,
0.8926868,
2073, 
0.07464527,
0.0357167,
0.00530475,
0.002310522,
0.02854094,
0.05061019,
0.1480758,
0.09529911,
0.004894517,
0.004530684,
0.01392033,
0.005312268,
0,
0.01970987,
0.04594444,
0.2356928,
0.1757043,
0.004090677,
0,
0.005343989,
0.0001657272,
0.001019206,
0.0004671519,
0.1266693,
0.01397044,
0.02474846,
0,
1.122687,
2074, 
0.09421812,
0.04467925,
0.006302186,
0.002963816,
0.03549232,
0.0629244,
0.1794201,
0.1201732,
0.006244505,
0.005801474,
0.01722303,
0.00673764,
0,
0.02497777,
0.05750688,
0.2941642,
0.2173075,
0.005282152,
0,
0.007271102,
0.0001657272,
0.001268336,
0.0006237387,
0.1621976,
0.01704784,
0.03062802,
0,
1.400621,
2075, 
0.1179322,
0.0555189,
0.007408409,
0.003757995,
0.04408834,
0.07791252,
0.2144294,
0.1492222,
0.007910927,
0.007371634,
0.02122183,
0.008484042,
0,
0.03142826,
0.07115556,
0.3625508,
0.2649772,
0.006696695,
0,
0.009748401,
0.0001657272,
0.00155315,
0.0008173339,
0.2055129,
0.02072383,
0.03785626,
0,
1.728444,
2076, 
0.1459817,
0.06842761,
0.008607624,
0.004711335,
0.0545143,
0.0957045,
0.2526886,
0.1820731,
0.009934537,
0.009280451,
0.02599655,
0.01058013,
0,
0.03896321,
0.08681314,
0.4404021,
0.3180779,
0.008358808,
0,
0.0128874,
0.0001657272,
0.001874848,
0.001054899,
0.2566538,
0.02505869,
0.04661422,
0,
2.105425,
2077, 
0.1781916,
0.08353952,
0.009881934,
0.005799943,
0.06688023,
0.1163176,
0.2936461,
0.2182201,
0.01224851,
0.0115535,
0.0314937,
0.0130447,
0,
0.04740221,
0.104326,
0.5267015,
0.3757679,
0.01028824,
0,
0.01678636,
0.0001657272,
0.002231589,
0.001323774,
0.3153048,
0.03013372,
0.05705579,
0,
2.528305,
2078, 
0.2141602,
0.1010463,
0.01122099,
0.007034205,
0.08119664,
0.1396639,
0.3368085,
0.257182,
0.01488009,
0.01422069,
0.03777561,
0.01589098,
0,
0.05659565,
0.1234675,
0.6203964,
0.4372034,
0.012531,
0,
0.02152574,
0.0001641832,
0.00262235,
0.00162993,
0.3807699,
0.03600651,
0.06929214,
0,
2.993285,
2079, 
0.2534733,
0.1210485,
0.01260874,
0.008416796,
0.09750363,
0.1655766,
0.381655,
0.2984626,
0.01786903,
0.0173058,
0.04485172,
0.01911301,
0,
0.06639709,
0.1439885,
0.720203,
0.5015719,
0.01515587,
0,
0.02717329,
0.0001596261,
0.003045345,
0.001977399,
0.45224,
0.04274031,
0.08335535,
0,
3.495892,
2080, 
0.2956735,
0.1436304,
0.01411822,
0.0100145,
0.1157387,
0.1937994,
0.4276854,
0.3419412,
0.02073018,
0.02082176,
0.05289717,
0.02270477,
0,
0.07676195,
0.1655797,
0.8248322,
0.5680794,
0.01826606,
0,
0.03374618,
0.0001520558,
0.003496378,
0.002396047,
0.5286353,
0.05034676,
0.09919506,
0,
4.031242,
2081, 
0.3402148,
0.1687963,
0.01577197,
0.01184152,
0.1357681,
0.2240522,
0.474427,
0.3873959,
0.02313297,
0.02476266,
0.06185782,
0.02663938,
0,
0.08780955,
0.1879894,
0.9330922,
0.6360724,
0.02193085,
0,
0.0412607,
0.0001414722,
0.003970035,
0.002888242,
0.6090165,
0.05884976,
0.1167038,
0,
4.594386,
2082, 
0.386723,
0.1965046,
0.01759062,
0.01395022,
0.1574221,
0.2560126,
0.5214426,
0.4344697,
0.02500197,
0.02911024,
0.07175824,
0.03087411,
0,
0.09967311,
0.2109293,
1.043923,
0.7049667,
0.02621612,
0,
0.04975035,
0.0001278754,
0.004439696,
0.003475345,
0.6923425,
0.06819627,
0.1357533,
0,
5.180654,
2083, 
0.434903,
0.2265991,
0.01958792,
0.01636351,
0.18052,
0.2892203,
0.5683565,
0.4827965,
0.02621409,
0.03383818,
0.08249246,
0.03536385,
0,
0.1124245,
0.2341734,
1.156373,
0.7742456,
0.03115576,
0,
0.0592194,
0.0001128093,
0.00487388,
0.004158524,
0.7777067,
0.07836006,
0.1561778,
0,
5.785236,
2084, 
0.4843836,
0.2589628,
0.02177289,
0.01910057,
0.2048199,
0.3232499,
0.6147851,
0.5319263,
0.0266259,
0.03886354,
0.09393828,
0.04005756,
0,
0.1260991,
0.2575251,
1.269419,
0.8434018,
0.03672275,
0,
0.0696626,
9.774316e-05,
0.005246171,
0.004939271,
0.8641242,
0.08923379,
0.1778529,
0,
6.402811,
2085, 
0.5344291,
0.2935333,
0.02409162,
0.02212125,
0.2300595,
0.3576927,
0.6603449,
0.5814226,
0.02662323,
0.04410738,
0.1058034,
0.04490576,
0,
0.1406822,
0.2808074,
1.38196,
0.9119663,
0.04287233,
0,
0.08109164,
8.267706e-05,
0.005537574,
0.005796134,
0.9510634,
0.100737,
0.2006344,
0,
7.028366,
2086, 
0.5844091,
0.330073,
0.02654992,
0.02547002,
0.2560215,
0.3921384,
0.7046437,
0.6307935,
0.02643042,
0.04949656,
0.1179379,
0.04986152,
0,
0.1561012,
0.3038132,
1.492968,
0.9794048,
0.04956528,
0,
0.09351845,
6.761095e-05,
0.005734122,
0.00673132,
1.037842,
0.1127101,
0.2244195,
0,
7.656702,
2087, 
0.6336777,
0.3681942,
0.02909419,
0.02911987,
0.2824812,
0.4262,
0.7472837,
0.6795349,
0.02611013,
0.05498097,
0.1302202,
0.05488587,
0,
0.1722808,
0.3263413,
1.601409,
1.045187,
0.05675761,
0,
0.1069546,
5.254484e-05,
0.005845944,
0.007742156,
1.123975,
0.1250417,
0.2490056,
0,
8.282376,
2088, 
0.6816429,
0.4076,
0.03167862,
0.03304591,
0.3092061,
0.459709,
0.7878838,
0.7270879,
0.02567238,
0.06050636,
0.1425023,
0.05985693,
0,
0.1891198,
0.3481881,
1.706288,
1.108787,
0.06439448,
0,
0.1214445,
3.747873e-05,
0.005890516,
0.008829344,
1.208864,
0.1375544,
0.2743385,
0,
8.900128,
2089, 
0.7276498,
0.4479115,
0.03426507,
0.03723453,
0.3359303,
0.4924687,
0.8260904,
0.7729046,
0.02512008,
0.06606928,
0.154697,
0.06469511,
0,
0.2064884,
0.3691463,
1.806739,
1.169699,
0.07245371,
0,
0.1370228,
2.395654e-05,
0.005881429,
0.009991225,
1.292142,
0.1499151,
0.3001889,
0,
9.504728,
2090, 
0.7714186,
0.4885958,
0.03679683,
0.04162834,
0.3624514,
0.5242724,
0.8615981,
0.8165557,
0.02442833,
0.07168316,
0.1666977,
0.06934177,
0,
0.2242298,
0.389015,
1.902059,
1.227411,
0.08090279,
0,
0.1537268,
1.344757e-05,
0.00582713,
0.01122074,
1.372876,
0.1617838,
0.3269252,
0,
10.09146,
2091, 
0.8126183,
0.529218,
0.03922185,
0.04616111,
0.388523,
0.5549161,
0.8941557,
0.8576894,
0.0235692,
0.07732151,
0.1783673,
0.07375922,
0,
0.2418839,
0.4076171,
1.991527,
1.281519,
0.08968041,
0,
0.1715567,
5.951822e-06,
0.005733329,
0.01250711,
1.450319,
0.1729457,
0.3542337,
0,
10.65505,
2092, 
0.8509442,
0.5695179,
0.04156034,
0.05084079,
0.4139208,
0.5841984,
0.9235714,
0.8960236,
0.02251943,
0.08295754,
0.189577,
0.07791972,
0,
0.2590338,
0.4248019,
2.074558,
1.331708,
0.09870626,
0,
0.1904902,
1.469294e-06,
0.005603125,
0.01384582,
1.523509,
0.1831529,
0.3818867,
0,
11.19085,
2093, 
0.8863843,
0.6093699,
0.04377842,
0.05555182,
0.4384193,
0.611867,
0.9497079,
0.9313922,
0.02125392,
0.08855543,
0.2002418,
0.08186703,
0,
0.2753326,
0.4404452,
2.150634,
1.377787,
0.1078922,
0,
0.2103952,
-1.352873e-11,
0.005437995,
0.01522284,
1.591653,
0.1922499,
0.4094988,
0,
11.69494,
2094, 
0.918879,
0.6484099,
0.0459089,
0.06032145,
0.4618396,
0.6376981,
0.9724708,
0.9637213,
0.01974493,
0.09408727,
0.2102886,
0.08565577,
0,
0.2905491,
0.4544624,
2.219459,
1.419669,
0.1171412,
0,
0.2311421,
-1.352873e-11,
0.005238794,
0.01662614,
1.653905,
0.2002544,
0.4368374,
0,
12.16431,
2095, 
0.9481778,
0.6862746,
0.04795545,
0.06512921,
0.48397,
0.6615034,
0.9918647,
0.9928807,
0.01801022,
0.09944291,
0.2194847,
0.08928464,
0,
0.3045217,
0.4668157,
2.280898,
1.457431,
0.1263591,
0,
0.2525969,
-1.352873e-11,
0.004996108,
0.01804169,
1.709817,
0.2071947,
0.463073,
0,
12.59572,
2096, 
0.9740645,
0.7224882,
0.04995158,
0.07003495,
0.5046474,
0.6831554,
1.008017,
1.018767,
0.01609949,
0.1045798,
0.2276526,
0.0927372,
0,
0.3174323,
0.4775102,
2.335054,
1.491244,
0.1355147,
0,
0.2745793,
-1.352873e-11,
0.004709932,
0.01946049,
1.758939,
0.2130683,
0.4880475,
0,
12.98775,
2097, 
0.9965657,
0.756791,
0.05188146,
0.0750097,
0.5237311,
0.7025737,
1.021177,
1.041377,
0.01407201,
0.1094555,
0.2346551,
0.09599216,
0,
0.329456,
0.4865983,
2.381979,
1.521407,
0.1445678,
0,
0.2969098,
-1.352873e-11,
0.004382683,
0.02086928,
1.800912,
0.2179026,
0.5116162,
0,
13.33988,
2098, 
1.015228,
0.7887033,
0.05376114,
0.08011702,
0.5411525,
0.7197742,
1.031695,
1.06071,
0.01200158,
0.1140295,
0.2403868,
0.09906171,
0,
0.3407384,
0.4941746,
2.422014,
1.54832,
0.1535202,
0,
0.319588,
-1.352873e-11,
0.004019964,
0.02226109,
1.834698,
0.2216809,
0.5335426,
0,
13.65118,
2099, 
1.030004,
0.8182175,
0.05554944,
0.08528246,
0.5568721,
0.73483,
1.039997,
1.076831,
0.009977877,
0.1182622,
0.2447273,
0.1019138,
0,
0.3513141,
0.5003135,
2.455665,
1.572436,
0.1623487,
0,
0.3424375,
-1.352873e-11,
0.00362973,
0.02344118,
1.859232,
0.2244418,
0.5537513,
0,
13.92148,
2100, 
1.041344,
0.8454954,
0.05725962,
0.09051722,
0.5709142,
0.747875,
1.0465,
1.089889,
0.008058329,
0.1221658,
0.247712,
0.1045468,
0,
0.361201,
0.5050923,
2.483624,
1.594173,
0.1709402,
0,
0.3643993,
-1.352873e-11,
0.003231845,
0.02429746,
1.872665,
0.2261689,
0.5722582,
0,
14.15033];
