real main.em.dc.CapInvDAC[28](t) = [1971, 
0,
0,
0,
0,
0,
0,
0,
0,
0,
0,
0,
0,
0,
0,
0,
0,
0,
0,
0,
0,
0,
0,
0,
0,
0,
0,
0,
0,
1972, 
0,
0,
0,
0,
0,
0,
0,
0,
0,
0,
0,
0,
0,
0,
0,
0,
0,
0,
0,
0,
0,
0,
0,
0,
0,
0,
0,
0,
1973, 
0,
0,
0,
0,
0,
0,
0,
0,
0,
0,
0,
0,
0,
0,
0,
0,
0,
0,
0,
0,
0,
0,
0,
0,
0,
0,
0,
0,
1974, 
0,
0,
0,
0,
0,
0,
0,
0,
0,
0,
0,
0,
0,
0,
0,
0,
0,
0,
0,
0,
0,
0,
0,
0,
0,
0,
0,
0,
1975, 
0,
0,
0,
0,
0,
0,
0,
0,
0,
0,
0,
0,
0,
0,
0,
0,
0,
0,
0,
0,
0,
0,
0,
0,
0,
0,
0,
0,
1976, 
0,
0,
0,
0,
0,
0,
0,
0,
0,
0,
0,
0,
0,
0,
0,
0,
0,
0,
0,
0,
0,
0,
0,
0,
0,
0,
0,
0,
1977, 
0,
0,
0,
0,
0,
0,
0,
0,
0,
0,
0,
0,
0,
0,
0,
0,
0,
0,
0,
0,
0,
0,
0,
0,
0,
0,
0,
0,
1978, 
0,
0,
0,
0,
0,
0,
0,
0,
0,
0,
0,
0,
0,
0,
0,
0,
0,
0,
0,
0,
0,
0,
0,
0,
0,
0,
0,
0,
1979, 
0,
0,
0,
0,
0,
0,
0,
0,
0,
0,
0,
0,
0,
0,
0,
0,
0,
0,
0,
0,
0,
0,
0,
0,
0,
0,
0,
0,
1980, 
0,
0,
0,
0,
0,
0,
0,
0,
0,
0,
0,
0,
0,
0,
0,
0,
0,
0,
0,
0,
0,
0,
0,
0,
0,
0,
0,
0,
1981, 
0,
0,
0,
0,
0,
0,
0,
0,
0,
0,
0,
0,
0,
0,
0,
0,
0,
0,
0,
0,
0,
0,
0,
0,
0,
0,
0,
0,
1982, 
0,
0,
0,
0,
0,
0,
0,
0,
0,
0,
0,
0,
0,
0,
0,
0,
0,
0,
0,
0,
0,
0,
0,
0,
0,
0,
0,
0,
1983, 
0,
0,
0,
0,
0,
0,
0,
0,
0,
0,
0,
0,
0,
0,
0,
0,
0,
0,
0,
0,
0,
0,
0,
0,
0,
0,
0,
0,
1984, 
0,
0,
0,
0,
0,
0,
0,
0,
0,
0,
0,
0,
0,
0,
0,
0,
0,
0,
0,
0,
0,
0,
0,
0,
0,
0,
0,
0,
1985, 
0,
0,
0,
0,
0,
0,
0,
0,
0,
0,
0,
0,
0,
0,
0,
0,
0,
0,
0,
0,
0,
0,
0,
0,
0,
0,
0,
0,
1986, 
0,
0,
0,
0,
0,
0,
0,
0,
0,
0,
0,
0,
0,
0,
0,
0,
0,
0,
0,
0,
0,
0,
0,
0,
0,
0,
0,
0,
1987, 
0,
0,
0,
0,
0,
0,
0,
0,
0,
0,
0,
0,
0,
0,
0,
0,
0,
0,
0,
0,
0,
0,
0,
0,
0,
0,
0,
0,
1988, 
0,
0,
0,
0,
0,
0,
0,
0,
0,
0,
0,
0,
0,
0,
0,
0,
0,
0,
0,
0,
0,
0,
0,
0,
0,
0,
0,
0,
1989, 
0,
0,
0,
0,
0,
0,
0,
0,
0,
0,
0,
0,
0,
0,
0,
0,
0,
0,
0,
0,
0,
0,
0,
0,
0,
0,
0,
0,
1990, 
0,
0,
0,
0,
0,
0,
0,
0,
0,
0,
0,
0,
0,
0,
0,
0,
0,
0,
0,
0,
0,
0,
0,
0,
0,
0,
0,
0,
1991, 
0,
0,
0,
0,
0,
0,
0,
0,
0,
0,
0,
0,
0,
0,
0,
0,
0,
0,
0,
0,
0,
0,
0,
0,
0,
0,
0,
0,
1992, 
0,
0,
0,
0,
0,
0,
0,
0,
0,
0,
0,
0,
0,
0,
0,
0,
0,
0,
0,
0,
0,
0,
0,
0,
0,
0,
0,
0,
1993, 
0,
0,
0,
0,
0,
0,
0,
0,
0,
0,
0,
0,
0,
0,
0,
0,
0,
0,
0,
0,
0,
0,
0,
0,
0,
0,
0,
0,
1994, 
0,
0,
0,
0,
0,
0,
0,
0,
0,
0,
0,
0,
0,
0,
0,
0,
0,
0,
0,
0,
0,
0,
0,
0,
0,
0,
0,
0,
1995, 
0,
0,
0,
0,
0,
0,
0,
0,
0,
0,
0,
0,
0,
0,
0,
0,
0,
0,
0,
0,
0,
0,
0,
0,
0,
0,
0,
0,
1996, 
0,
0,
0,
0,
0,
0,
0,
0,
0,
0,
0,
0,
0,
0,
0,
0,
0,
0,
0,
0,
0,
0,
0,
0,
0,
0,
0,
0,
1997, 
0,
0,
0,
0,
0,
0,
0,
0,
0,
0,
0,
0,
0,
0,
0,
0,
0,
0,
0,
0,
0,
0,
0,
0,
0,
0,
0,
0,
1998, 
0,
0,
0,
0,
0,
0,
0,
0,
0,
0,
0,
0,
0,
0,
0,
0,
0,
0,
0,
0,
0,
0,
0,
0,
0,
0,
0,
0,
1999, 
0,
0,
0,
0,
0,
0,
0,
0,
0,
0,
0,
0,
0,
0,
0,
0,
0,
0,
0,
0,
0,
0,
0,
0,
0,
0,
0,
0,
2000, 
0,
0,
0,
0,
0,
0,
0,
0,
0,
0,
0,
0,
0,
0,
0,
0,
0,
0,
0,
0,
0,
0,
0,
0,
0,
0,
0,
0,
2001, 
0,
0,
0,
0,
0,
0,
0,
0,
0,
0,
0,
0,
0,
0,
0,
0,
0,
0,
0,
0,
0,
0,
0,
0,
0,
0,
0,
0,
2002, 
0,
0,
0,
0,
0,
0,
0,
0,
0,
0,
0,
0,
0,
0,
0,
0,
0,
0,
0,
0,
0,
0,
0,
0,
0,
0,
0,
0,
2003, 
0,
0,
0,
0,
0,
0,
0,
0,
0,
0,
0,
0,
0,
0,
0,
0,
0,
0,
0,
0,
0,
0,
0,
0,
0,
0,
0,
0,
2004, 
0,
0,
0,
0,
0,
0,
0,
0,
0,
0,
0,
0,
0,
0,
0,
0,
0,
0,
0,
0,
0,
0,
0,
0,
0,
0,
0,
0,
2005, 
0,
0,
0,
0,
0,
0,
0,
0,
0,
0,
0,
0,
0,
0,
0,
0,
0,
0,
0,
0,
0,
0,
0,
0,
0,
0,
0,
0,
2006, 
0,
0,
0,
0,
0,
0,
0,
0,
0,
0,
0,
0,
0,
0,
0,
0,
0,
0,
0,
0,
0,
0,
0,
0,
0,
0,
0,
0,
2007, 
0,
0,
0,
0,
0,
0,
0,
0,
0,
0,
0,
0,
0,
0,
0,
0,
0,
0,
0,
0,
0,
0,
0,
0,
0,
0,
0,
0,
2008, 
0,
0,
0,
0,
0,
0,
0,
0,
0,
0,
0,
0,
0,
0,
0,
0,
0,
0,
0,
0,
0,
0,
0,
0,
0,
0,
0,
0,
2009, 
0,
0,
0,
0,
0,
0,
0,
0,
0,
0,
0,
0,
0,
0,
0,
0,
0,
0,
0,
0,
0,
0,
0,
0,
0,
0,
0,
0,
2010, 
0,
0,
0,
0,
0,
0,
0,
0,
0,
0,
0,
0,
0,
0,
0,
0,
0,
0,
0,
0,
0,
0,
0,
0,
0,
0,
0,
0,
2011, 
0,
0,
0,
0,
0,
0,
0,
0,
0,
0,
0,
0,
0,
0,
0,
0,
0,
0,
0,
0,
0,
0,
0,
0,
0,
0,
0,
0,
2012, 
0,
0,
0,
0,
0,
0,
0,
0,
0,
0,
0,
0,
0,
0,
0,
0,
0,
0,
0,
0,
0,
0,
0,
0,
0,
0,
0,
0,
2013, 
0,
0,
0,
0,
0,
0,
0,
0,
0,
0,
0,
0,
0,
0,
0,
0,
0,
0,
0,
0,
0,
0,
0,
0,
0,
0,
0,
0,
2014, 
0,
0,
0,
0,
0,
0,
0,
0,
0,
0,
0,
0,
0,
0,
0,
0,
0,
0,
0,
0,
0,
0,
0,
0,
0,
0,
0,
0,
2015, 
0,
0,
0,
0,
0,
0,
0,
0,
0,
0,
0,
0,
0,
0,
0,
0,
0,
0,
0,
0,
0,
0,
0,
0,
0,
0,
0,
0,
2016, 
0,
0,
0,
0,
0,
0,
0,
0,
0,
0,
0,
0,
0,
0,
0,
0,
0,
0,
0,
0,
0,
0,
0,
0,
0,
0,
0,
0,
2017, 
0,
0,
0,
0,
0,
0,
0,
0,
0,
0,
0,
0,
0,
0,
0,
0,
0,
0,
0,
0,
0,
0,
0,
0,
0,
0,
0,
0,
2018, 
0,
0,
0,
0,
0,
0,
0,
0,
0,
0,
0,
0,
0,
0,
0,
0,
0,
0,
0,
0,
0,
0,
0,
0,
0,
0,
0,
0,
2019, 
0,
0,
0,
0,
0,
0,
0,
0,
0,
0,
0,
0,
0,
0,
0,
0,
0,
0,
0,
0,
0,
0,
0,
0,
0,
0,
0,
0,
2020, 
0,
0,
0,
0,
0,
0,
0,
0,
0,
0,
0,
0,
0,
0,
0,
0,
0,
0,
0,
0,
0,
0,
0,
0,
0,
0,
0,
0,
2021, 
0,
0,
0,
0,
0,
0,
0,
0,
0,
0,
0,
0,
0,
0,
0,
0,
0,
0,
0,
0,
0,
0,
0,
0,
0,
0,
0,
0,
2022, 
0,
0,
0,
0,
0,
0,
0,
0,
0,
0,
0,
0,
0,
0,
0,
0,
0,
0,
0,
0,
0,
0,
0,
0,
0,
0,
0,
0,
2023, 
0,
0,
0,
0,
0,
0,
0,
0,
0,
0,
0,
0,
0,
0,
0,
0,
0,
0,
0,
0,
0,
0,
0,
0,
0,
0,
0,
0,
2024, 
0,
0,
0,
0,
0,
0,
0,
0,
0,
0,
0,
0,
0,
0,
0,
0,
0,
0,
0,
0,
0,
0,
0,
0,
0,
0,
0,
0,
2025, 
0,
0,
0,
0,
0,
0,
0,
0,
0,
0,
0,
0,
0,
0,
0,
0,
0,
0,
0,
0,
0,
0,
0,
0,
0,
0,
0,
0,
2026, 
0,
0,
0,
0,
0,
0,
0,
0,
0,
0,
0,
0,
0,
0,
0,
0,
0,
0,
0,
0,
0,
0,
0,
0,
0,
0,
0,
0,
2027, 
0,
0,
0,
0,
0,
0,
0,
0,
0,
0,
0,
0,
0,
0,
0,
0,
0,
0,
0,
0,
0,
0,
0,
0,
0,
0,
0,
0,
2028, 
0,
0,
0,
0,
0,
0,
0,
0,
0,
0,
0,
0,
0,
0,
0,
0,
0,
0,
0,
0,
0,
0,
0,
0,
0,
0,
0,
0,
2029, 
0,
0,
0,
0,
0,
0,
0,
0,
0,
0,
0,
0,
0,
0,
0,
0,
0,
0,
0,
0,
0,
0,
0,
0,
0,
0,
0,
0,
2030, 
0,
0,
0,
0,
0,
0,
0,
0,
0,
0,
0,
0,
0,
0,
0,
0,
0,
0,
0,
0,
0,
0,
0,
0,
0,
0,
0,
0,
2031, 
0,
0,
0,
0,
0,
0,
0,
0,
0,
0,
0,
0,
0,
0,
0,
0,
0,
0,
0,
0,
0,
0,
0,
0,
0,
0,
0,
0,
2032, 
0,
0,
0,
0,
0,
0,
0,
0,
0,
0,
0,
0,
0,
0,
0,
0,
0,
0,
0,
0,
0,
0,
0,
0,
0,
0,
0,
0,
2033, 
0,
0,
0,
0,
0,
0,
0,
0,
0,
0,
0,
0,
0,
0,
0,
0,
0,
0,
0,
0,
0,
0,
0,
0,
0,
0,
0,
0,
2034, 
0,
0,
0,
0,
0,
0,
0,
0,
0,
0,
0,
0,
0,
0,
0,
0,
0,
0,
0,
0,
0,
0,
0,
0,
0,
0,
0,
0,
2035, 
0,
0,
0,
0,
0,
0,
0,
0,
0,
0,
0,
0,
0,
0,
0,
0,
0,
0,
0,
0,
0,
0,
0,
0,
0,
0,
0,
0,
2036, 
0,
0,
0,
0,
0,
0,
0,
0,
0,
0,
0,
0,
0,
0,
0,
0,
0,
0,
0,
0,
0,
0,
0,
0,
0,
0,
0,
0,
2037, 
0,
0,
0,
0,
0,
0,
0,
0,
0,
0,
0,
0,
0,
0,
0,
0,
0,
0,
0,
0,
0,
0,
0,
0,
0,
0,
0,
0,
2038, 
0,
0,
0,
0,
0,
0,
0,
0,
0,
0,
0,
0,
0,
0,
0,
0,
0,
0,
0,
0,
0,
0,
0,
0,
0,
0,
0,
0,
2039, 
0,
0,
0,
0,
0,
0,
0,
0,
0,
0,
0,
0,
0,
0,
0,
0,
0,
0,
0,
0,
0,
0,
0,
0,
0,
0,
0,
0,
2040, 
0,
0,
0,
0,
0,
0,
0,
0,
0,
0,
0,
0,
0,
0,
0,
0,
0,
0,
0,
0,
0,
0,
0,
0,
0,
0,
0,
0,
2041, 
0,
0,
0,
0,
0,
0,
0,
0,
0,
0,
0,
0,
0,
0,
0,
0,
0,
0,
0,
0,
0,
0,
0,
0,
0,
0,
0,
0,
2042, 
0,
0,
0,
0,
0,
0,
0,
0,
0,
0,
0,
0,
0,
0,
0,
0,
0,
0,
0,
0,
0,
0,
0,
0,
0,
0,
0,
0,
2043, 
0,
0,
0,
0,
0,
0,
0,
0,
0,
0,
0,
0,
0,
0,
0,
0,
0,
0,
0,
0,
0,
0,
0,
0,
0,
0,
0,
0,
2044, 
0,
0,
0,
0,
0,
0,
0,
0,
0,
0,
0,
0,
0,
0,
0,
0,
0,
0,
0,
0,
0,
0,
0,
0,
0,
0,
0,
0,
2045, 
0,
0,
0,
0,
0,
0,
0,
0,
0,
0,
0,
0,
0,
0,
0,
0,
0,
0,
0,
0,
0,
0,
0,
0,
0,
0,
0,
0,
2046, 
0,
0,
0,
0,
0,
0,
0,
0,
0,
0,
0,
0,
0,
0,
0,
0,
0,
0,
0,
0,
0,
0,
0,
0,
0,
0,
0,
0,
2047, 
0,
0,
0,
0,
0,
0,
0,
0,
0,
0,
0,
0,
0,
0,
0,
0,
0,
0,
0,
0,
0,
0,
0,
0,
0,
0,
0,
0,
2048, 
0,
0,
0,
0,
0,
0,
0,
0,
0,
0,
0,
0,
0,
0,
0,
0,
0,
0,
0,
0,
0,
0,
0,
0,
0,
0,
0,
0,
2049, 
0,
0,
0,
0,
0,
0,
0,
0,
0,
0,
0,
0,
0,
0,
0,
0,
0,
0,
0,
0,
0,
0,
0,
0,
0,
0,
0,
0,
2050, 
0,
0,
0,
0,
0,
0,
0,
0,
0,
0,
0,
0,
0,
0,
0,
0,
0,
0,
0,
0,
0,
0,
0,
0,
0,
0,
0,
0,
2051, 
0.0005095747,
0,
0,
0,
0.0002669554,
0.0004345834,
0.0008826782,
0.0004895724,
0,
0,
0,
0,
0,
0,
0.0002937054,
0.001276638,
0.0009951743,
0,
0,
0,
0,
0,
0,
0.0006647139,
0,
0,
0,
0.005813595,
2052, 
0.0005783005,
0,
0,
0,
0.0002896374,
0.0004891307,
0.001014148,
0.0005630871,
0,
0,
0,
0,
0,
0,
0.000333294,
0.001461855,
0.001143372,
0,
0,
0,
0,
0,
0,
0.0007564827,
0,
0,
0,
0.006629308,
2053, 
0.0006522021,
0,
0,
0,
0.000318046,
0.0005554921,
0.001164834,
0.0006397737,
0,
0,
0,
0,
0,
0,
0.0003840088,
0.001675091,
0.001299044,
0,
0,
0,
0,
0,
0,
0.0008649571,
0.0001948035,
0.0002601186,
0,
0.008008369,
2054, 
0.0007363837,
0,
0,
0,
0.0003520824,
0.0006280154,
0.001346845,
0.0007458667,
0,
0,
0,
0,
0,
0.0002181129,
0.0004362033,
0.001925047,
0.001493754,
0,
0,
0,
0,
0,
0,
0.001002,
0.0002151177,
0.0002835635,
0,
0.009382992,
2055, 
0.0008202404,
0.0004764392,
0.0001037425,
0,
0.0003856958,
0.0007154897,
0.001561336,
0.0008483307,
0,
0,
0.0002398912,
0,
0,
0.0002473411,
0.0004872581,
0.002201251,
0.001717809,
0,
0,
0,
0,
0,
0,
0.001157244,
0.0002346109,
0.0003166024,
0,
0.01151328,
2056, 
0.000918149,
0.0005350698,
0.0001153607,
0,
0.0004322838,
0.0008162824,
0.001772294,
0.0009738716,
0,
0,
0.0002693007,
8.885412e-05,
0,
0.0002824457,
0.0005459272,
0.002505778,
0.001951096,
0,
0,
0,
0,
0,
0,
0.001332036,
0.0002557597,
0.0003493623,
0,
0.01314387,
2057, 
0.001037661,
0.0006082382,
0.0001298178,
0,
0.0004873661,
0.0009458623,
0.002058161,
0.001131782,
0,
7.309804e-05,
0.000300889,
9.644051e-05,
0,
0.0003240041,
0.0006218078,
0.002922768,
0.002268513,
0,
0,
0,
0,
0,
0,
0.001555115,
0.0002849304,
0.0004013314,
0,
0.01524779,
2058, 
0.001231947,
0.0007074904,
0.0001497028,
0,
0.0005772772,
0.001124459,
0.00247974,
0.001385519,
0,
8.580913e-05,
0.0003480632,
0.0001086408,
0,
0.0003805226,
0.0007255931,
0.003525203,
0.002725265,
0,
0,
0,
0,
0,
0,
0.001874794,
0.0003243321,
0.0004665054,
0,
0.01822086,
2059, 
0.001476362,
0.000841877,
0.000167019,
0,
0.0006866839,
0.001348215,
0.00304085,
0.001715838,
0.0001237722,
0.0001014365,
0.0004012099,
0.0001256532,
0,
0.0004501816,
0.0008732474,
0.004344296,
0.003339882,
0,
0,
0,
0,
0,
0,
0.002284184,
0.0003758553,
0.0005625746,
0,
0.02225914,
2060, 
0.001828962,
0.001011994,
0.0001930971,
0,
0.0008527623,
0.001512179,
0.003830143,
0.002178495,
0.0001486033,
0.0001219441,
0.0004571235,
0.0001487617,
0,
0.0005453816,
0.001082065,
0.005491094,
0.004185748,
0,
0,
0,
0,
0,
0,
0.002840682,
0.0004441309,
0.000683568,
0,
0.02755673,
2061, 
0.002187291,
0.001213942,
0.0002169695,
8.980619e-05,
0.001011134,
0.001711551,
0.004748398,
0.002695057,
0.0001774053,
0.0001454974,
0.0005203382,
0.0001760045,
0,
0.0006494378,
0.001328825,
0.006838286,
0.005188522,
0,
0,
0,
8.491526e-05,
0,
0,
0.003506808,
0.0005158283,
0.0008321395,
0,
0.03383816,
2062, 
0.002658238,
0.001461627,
0.0002535808,
0.0001080632,
0.001226202,
0.00197622,
0.005955317,
0.003398063,
0.0002129849,
0.0001758483,
0.0006023066,
0.0002125095,
0,
0.0007822096,
0.001646061,
0.008609988,
0.006511758,
0,
0,
0,
8.081189e-05,
0,
0,
0.004341586,
0.0006004894,
0.001013155,
0,
0.04182702,
2063, 
0.00330687,
0.001779232,
0.0003025625,
0.0001312543,
0.001396681,
0.002347211,
0.007527027,
0.004298626,
0.0002601351,
0.0002137542,
0.0007132855,
0.0002603533,
0,
0.0009505992,
0.002065461,
0.01093993,
0.008259912,
0,
0,
0,
0,
8.97514e-05,
0,
0.005479508,
0.0007086282,
0.001269199,
0,
0.05229998,
2064, 
0.004217124,
0.002190521,
0.0003654932,
0.000163283,
0.001677363,
0.002865476,
0.009539796,
0.005537887,
0.0003217987,
0.0002690592,
0.0008614706,
0.0003200822,
0,
0.001170872,
0.002636328,
0.0140959,
0.01058261,
0.0004319969,
0,
0.0004332022,
0,
0.000101561,
3.987033e-05,
0.006971983,
0.0008484549,
0.001589862,
0,
0.06723199,
2065, 
0.00542138,
0.002733609,
0.0004366131,
0.0002036693,
0.002056414,
0.003567375,
0.01208538,
0.007115163,
0.0003965607,
0.0003427409,
0.001044226,
0.0004010611,
0,
0.001432832,
0.003426013,
0.01814377,
0.0136121,
0.0004865787,
0,
0.0005241846,
0,
0.0001158075,
4.836027e-05,
0.009074389,
0.00103631,
0.002047689,
0,
0.08575223,
2066, 
0.007041657,
0.003461045,
0.0005240719,
0.0002558203,
0.002566944,
0.00449818,
0.0152821,
0.009296894,
0.0004993753,
0.000442278,
0.00127966,
0.0005066413,
0,
0.001807212,
0.00445712,
0.02341069,
0.01760933,
0.0005577634,
0,
0.0006520623,
0,
0.0001329502,
5.985554e-05,
0.01186351,
0.001282352,
0.002441897,
0,
0.1099294,
2067, 
0.009186548,
0.004365061,
0.0006214819,
0.0003210391,
0.003258782,
0.00578702,
0.01916999,
0.01210323,
0.0006341691,
0.0005749093,
0.001602933,
0.0006495602,
0,
0.002342697,
0.005836158,
0.03021688,
0.02275105,
0.0006571289,
0,
0.0008290531,
0,
0.0001533429,
7.443319e-05,
0.0158005,
0.001611625,
0.002951584,
0,
0.1414992,
2068, 
0.01197425,
0.005533993,
0.0007321318,
0.0004036037,
0.004143111,
0.007478876,
0.02342563,
0.01573665,
0.0008038433,
0.0007484088,
0.002036331,
0.0008348266,
0,
0.00304584,
0.007413583,
0.0384547,
0.02860633,
0.0007878602,
0,
0.001071654,
0,
0.0001779159,
9.387032e-05,
0.0208042,
0.002027774,
0.003604237,
0,
0.1799396,
2069, 
0.01539231,
0.007020053,
0.0008556877,
0.0005073667,
0.005341069,
0.009702347,
0.02787855,
0.02009127,
0.001036975,
0.000965382,
0.002589996,
0.001079991,
0,
0.003956556,
0.009442111,
0.04840209,
0.03567341,
0.0009612352,
0,
0.001401921,
0,
0.0002088663,
0.0001186732,
0.02751232,
0.002523608,
0.004583487,
0,
0.2272453,
2070, 
0.01961132,
0.008932259,
0.001010882,
0.0006396629,
0.006861819,
0.01239639,
0.03248658,
0.02530414,
0.001325645,
0.00124955,
0.003303617,
0.001396225,
0,
0.005162304,
0.01179248,
0.05970243,
0.04287143,
0.00117495,
0,
0.001842063,
0,
0.0002523308,
0.0001529128,
0.03540884,
0.003098927,
0.005805765,
0,
0.2817825,
2071, 
0.02390219,
0.0107707,
0.00114761,
0.0007720914,
0.008679857,
0.01519596,
0.03614097,
0.03004788,
0.001620976,
0.001532663,
0.003965527,
0.001724873,
0,
0.00646456,
0.01401925,
0.06982718,
0.04916851,
0.001401002,
0,
0.002350928,
0,
0.000286044,
0.0001858358,
0.04393232,
0.003687935,
0.007126831,
0,
0.3339517,
2072, 
0.02852787,
0.01283824,
0.001301942,
0.0009437454,
0.01048475,
0.01812776,
0.03960617,
0.03474228,
0.001962496,
0.001864589,
0.004759751,
0.002115868,
0,
0.007937831,
0.01605161,
0.07999858,
0.0548318,
0.001632325,
0,
0.002968999,
0,
0.0003204883,
0.0002316418,
0.05208667,
0.004351936,
0.008685212,
0,
0.3863725,
2073, 
0.03311155,
0.01513109,
0.00132139,
0.001108029,
0.01256943,
0.02123298,
0.04258891,
0.03707348,
0.002386015,
0.002259708,
0.005622132,
0.002466698,
0,
0.00909082,
0.0181009,
0.08921942,
0.05986181,
0.001903202,
0,
0.003822581,
0,
0.0003563429,
0.0002789124,
0.06036782,
0.005140244,
0.0105128,
0,
0.4355263,
2074, 
0.03756805,
0.01765345,
0.001381162,
0.001303173,
0.01472437,
0.02417161,
0.04511998,
0.03965179,
0.002834172,
0.00268233,
0.006611399,
0.002866585,
0,
0.009531967,
0.01978239,
0.09713518,
0.0639196,
0.002199086,
0,
0.004710439,
0,
0.0003932815,
0.000338523,
0.06738655,
0.005952063,
0.01242268,
0,
0.4803398,
2075, 
0.04100392,
0.02028506,
0.001454996,
0.001316001,
0.01683769,
0.02702454,
0.04717636,
0.04245561,
0.002802207,
0.003105452,
0.007077204,
0.003290265,
0,
0.009862806,
0.02141869,
0.1036507,
0.06713311,
0.002511534,
0,
0.005641817,
0,
0.0004275521,
0.000309463,
0.07385822,
0.006952981,
0.01444778,
0,
0.520044,
2076, 
0.04340096,
0.02314361,
0.001549213,
0.00150853,
0.01876088,
0.029466,
0.04863448,
0.04494984,
0.003249917,
0.003551398,
0.008073725,
0.003693006,
0,
0.01045033,
0.02258348,
0.1089068,
0.06950622,
0.002967663,
0,
0.006553103,
0,
0.0004561387,
0.0003722402,
0.07909913,
0.007853516,
0.01636855,
0,
0.5550988,
2077, 
0.04605725,
0.02579105,
0.001634528,
0.001703373,
0.02080926,
0.03161745,
0.04976949,
0.04732587,
0.003809559,
0.004011466,
0.008942412,
0.004064816,
0,
0.0112331,
0.02343683,
0.1130596,
0.07140186,
0.003542857,
0,
0.007509798,
0,
0.0004816618,
0.0004382021,
0.08340108,
0.008862543,
0.01814294,
0,
0.587047,
2078, 
0.04849009,
0.02860343,
0.00203308,
0.002213512,
0.02262946,
0.03350824,
0.05061802,
0.04926614,
0.001830957,
0.0044829,
0.01071379,
0.004399248,
0,
0.01221499,
0.02403054,
0.1163768,
0.07286086,
0.004329802,
0,
0.008449294,
0,
0.000504689,
0.0006348137,
0.08654243,
0.009743952,
0.01979169,
0,
0.6142687,
2079, 
0.05040572,
0.03126947,
0.002223533,
0.002494534,
0.02417683,
0.03513369,
0.05127039,
0.05102443,
0.0006442599,
0.004891272,
0.01147421,
0.004682455,
0,
0.01331828,
0.02457966,
0.1190675,
0.0741922,
0.005011402,
0,
0.00945794,
0,
0.0005237973,
0.0007098831,
0.08921183,
0.01070047,
0.02123406,
0,
0.6376978,
2080, 
0.05223051,
0.03385008,
0.002422735,
0.002787654,
0.02551911,
0.03650465,
0.05176841,
0.05242501,
0.0002577063,
0.005243075,
0.01211615,
0.004915405,
0,
0.01437605,
0.02494675,
0.1212603,
0.07520503,
0.005697358,
0,
0.01060457,
0,
0.0004354857,
0.0007920201,
0.09095351,
0.01147058,
0.02271619,
0,
0.6584983,
2081, 
0.05351917,
0.03608781,
0.002604163,
0.003109874,
0.02664532,
0.03683204,
0.05216442,
0.05361056,
0.0001192303,
0.005584463,
0.01263015,
0.005122656,
0,
0.01540577,
0.02522281,
0.1230568,
0.07596827,
0.006373785,
0,
0.01159634,
0,
0.0003187644,
0.0008660857,
0.09231581,
0.01228817,
0.02392504,
0,
0.6753675,
2082, 
0.05487514,
0.03836615,
0.00275749,
0.00341994,
0.02765301,
0.03716967,
0.05250226,
0.05448523,
0,
0.005666066,
0.01295424,
0.00527093,
0,
0.01648146,
0.02545064,
0.1239577,
0.07671655,
0.006873554,
0,
0.01260227,
0,
0.000226146,
0.0009462655,
0.09267527,
0.01282931,
0.0252226,
0,
0.6891019,
2083, 
0.05437692,
0.04115201,
0.002913824,
0.0037541,
0.02839457,
0.03744039,
0.05278224,
0.05523018,
0,
0.005784799,
0.01335694,
0.005401433,
0,
0.01755088,
0.02561938,
0.1241342,
0.07757735,
0.007508323,
0,
0.0136976,
0,
0.0001622076,
0.001044161,
0.0944778,
0.01340212,
0.02632573,
0,
0.7020872,
2084, 
0.05410197,
0.04300559,
0.003164171,
0.004288786,
0.02916421,
0.03758538,
0.05302216,
0.05578429,
0,
0.005882948,
0.01349348,
0.005509129,
0,
0.0185099,
0.02572072,
0.1246317,
0.07838961,
0.008041938,
0,
0.01485397,
0,
0.0001212379,
0.001137424,
0.0955141,
0.01370188,
0.02750811,
0,
0.7131327,
2085, 
0.05392151,
0.04413397,
0.003132529,
0.004486457,
0.02978985,
0.03775806,
0.05323199,
0.05623062,
0,
0.006057419,
0.01369659,
0.005626365,
0,
0.01950869,
0.02580256,
0.1252146,
0.07924071,
0.008570552,
0,
0.01617813,
0,
9.598611e-05,
0.001215701,
0.09710399,
0.01408738,
0.02829231,
0,
0.723376,
2086, 
0.05369062,
0.04550325,
0.003133363,
0.004731163,
0.03026653,
0.03814277,
0.05341202,
0.05638602,
0,
0.006215579,
0.01369447,
0.005321386,
0,
0.02042966,
0.02587577,
0.1259573,
0.08002292,
0.009049373,
0,
0.01754683,
0,
8.055319e-05,
0.00130473,
0.09823688,
0.01421778,
0.02962431,
0,
0.7328433,
2087, 
0.05341499,
0.04659631,
0.003148645,
0.005021614,
0.03054888,
0.03853748,
0.05356962,
0.05642317,
0,
0.00638399,
0.01384723,
0.00519712,
0,
0.02133077,
0.0259249,
0.1266597,
0.08086206,
0.009526924,
0,
0.01892006,
0,
7.109667e-05,
0.001390903,
0.09986744,
0.01331896,
0.03025121,
0,
0.7408131,
2088, 
0.05329214,
0.04751141,
0.003063739,
0.005123044,
0.03097771,
0.03893214,
0.05371004,
0.05675559,
0,
0.006697932,
0.01401505,
0.005172181,
0,
0.02212429,
0.02596684,
0.1274173,
0.08162206,
0.01010059,
0,
0.02045187,
0,
6.560946e-05,
0.001470313,
0.1003419,
0.01244561,
0.03376997,
0,
0.7510274,
2089, 
0.05318948,
0.0480605,
0.003087742,
0.00538699,
0.03129355,
0.03926001,
0.05380286,
0.05706412,
0,
0.006808062,
0.01379863,
0.005240068,
0,
0.02123807,
0.02600155,
0.1280714,
0.08247176,
0.01044012,
0,
0.02191081,
0,
6.179338e-05,
0.001529727,
0.1009434,
0.01194833,
0.03402254,
0,
0.7556314,
2090, 
0.05318073,
0.04879669,
0.003179457,
0.005671108,
0.03161483,
0.039619,
0.05379779,
0.05731145,
0,
0.007001981,
0.01365952,
0.005373129,
0,
0.02051398,
0.02604492,
0.1288297,
0.08329892,
0.01064945,
0,
0.02342843,
0,
5.873476e-05,
0.001595941,
0.1007972,
0.01140233,
0.03436088,
0,
0.7601862,
2091, 
0.05433679,
0.05050706,
0.003025251,
0.00538637,
0.03177114,
0.03985147,
0.05367694,
0.05754259,
0,
0.007144636,
0.01355189,
0.005442924,
0,
0.01998232,
0.02606224,
0.1293971,
0.08411626,
0.01078597,
0,
0.02447198,
0,
5.562514e-05,
0.001627484,
0.1005882,
0.01107913,
0.03448221,
0,
0.7648856,
2092, 
0.05491495,
0.05075275,
0.003206907,
0.005867077,
0.03195515,
0.04010115,
0.05332921,
0.057754,
0,
0.007341607,
0.01365008,
0.00573888,
0,
0.01992133,
0.02607545,
0.1301071,
0.08490326,
0.01090062,
0,
0.02555001,
0,
5.299891e-05,
0.001666709,
0.1000777,
0.01061029,
0.03465991,
0,
0.7691373,
2093, 
0.05434367,
0.05081185,
0.003171617,
0.005947319,
0.03205675,
0.04032351,
0.05302078,
0.05775193,
0,
0.007270684,
0.01302734,
0.005843379,
0,
0.0200494,
0.02608636,
0.1306961,
0.08574976,
0.0111654,
0,
0.02675771,
0,
0,
0.001701665,
0.09965244,
0.01020361,
0.03469726,
0,
0.7703286,
2094, 
0.05353997,
0.04987787,
0.003400733,
0.006593994,
0.03216551,
0.04054311,
0.05286374,
0.05753547,
0,
0.00732007,
0.01224416,
0.005941978,
0,
0.02022612,
0.02609687,
0.1313631,
0.08653653,
0.0115318,
0,
0.02764902,
0,
0,
0.001741279,
0.09859417,
0.010007,
0.03474912,
0,
0.7705216,
2095, 
0.05366883,
0.05011077,
0.00345665,
0.006835791,
0.03223999,
0.04074178,
0.05285801,
0.05735666,
0,
0.007433218,
0.01172044,
0.006047215,
0,
0.02053456,
0.02610373,
0.1308609,
0.08731514,
0.0117828,
0,
0.02863159,
0,
0,
0.001777887,
0.09633823,
0.009855434,
0.03484337,
0,
0.7705129,
2096, 
0.05218897,
0.05003536,
0.003426408,
0.006974843,
0.03233279,
0.04091953,
0.05294878,
0.05671502,
0,
0.007475425,
0.0112948,
0.006217435,
0,
0.02084285,
0.02607398,
0.1306402,
0.08805773,
0.01217486,
0,
0.03001278,
0,
0,
0.00180995,
0.08974261,
0.009664904,
0.03412754,
0,
0.7636768,
2097, 
0.05179335,
0.05072181,
0.003447593,
0.007192378,
0.03238636,
0.04106737,
0.0530934,
0.05601234,
0,
0.007525469,
0.01091113,
0.006352138,
0,
0.02100804,
0.02577257,
0.1306518,
0.08872872,
0.01239927,
0,
0.03051726,
0,
0,
0.0009102339,
0.08184638,
0.009530867,
0.0341454,
0,
0.7560139,
2098, 
0.05225922,
0.0519602,
0.003496757,
0.007412045,
0.0324766,
0.04119545,
0.05319889,
0.05523916,
0,
0.007517349,
0.01041919,
0.006406039,
0,
0.02120222,
0.02538631,
0.1308814,
0.08916976,
0.01229934,
0,
0.02671171,
0,
0,
0.0004076601,
0.069589,
0.009125372,
0.03433526,
0,
0.7406889,
2099, 
0.05231334,
0.05238106,
0.003373505,
0.007477995,
0.03248299,
0.04126819,
0.05330212,
0.0546905,
0,
0.007486202,
0.00993628,
0.006518729,
0,
0.02124478,
0.0250541,
0.1311604,
0.08934656,
0.0118347,
0,
0.02442161,
0,
0,
0.0001974304,
0.05381069,
0.008671246,
0.03441376,
0,
0.7213862,
2100, 
0.05242262,
0.05281357,
0.003355887,
0.007613908,
0.0323988,
0.04121511,
0.05331516,
0.05417559,
0,
0.007410624,
0.009380099,
0.006598172,
0,
0.02096732,
0.02472089,
0.1315259,
0.08913498,
0.01142567,
0,
0.02265021,
0,
0,
0.0001120629,
0.0405691,
0.007960951,
0.03407924,
0,
0.7038459];
