real main.em.ep.ncl.NuclFuelEff[27](t) = [1971, 
170,
170,
170,
170,
170,
170,
170,
170,
170,
170,
170,
170,
170,
170,
170,
170,
170,
170,
170,
170,
170,
170,
170,
170,
170,
170,
0,
1972, 
170,
170,
170.3448,
170,
170.3448,
170.3448,
170.3448,
170.3448,
170.3448,
170.3448,
170,
170.3448,
170.3448,
170.3448,
170.3448,
170,
170.3448,
170,
170.3448,
170.3448,
170.3448,
170.3448,
170,
170.3448,
170.3448,
170.3448,
0,
1973, 
170.1724,
170.1724,
170.6897,
170.1724,
170.6897,
170.6897,
170.6897,
170.6897,
170.6897,
170.6897,
170.1724,
170.6897,
170.6897,
170.6897,
170.6897,
170.1724,
170.6897,
170.1724,
170.6897,
170.6897,
170.6897,
170.6897,
170.1724,
170.6897,
170.6897,
170.6897,
0,
1974, 
170.3448,
170.3448,
171.0345,
170.3448,
171.0345,
171.0345,
171.0345,
171.0345,
171.0345,
171.0345,
170.3448,
171.0345,
171.0345,
171.0345,
171.0345,
170.3448,
171.0345,
170.3448,
171.0345,
171.0345,
171.0345,
171.0345,
170.3448,
171.0345,
171.0345,
171.0345,
0,
1975, 
170.5172,
170.5172,
171.3793,
170.5172,
171.3793,
171.3793,
171.3793,
171.3793,
171.3793,
171.3793,
170.5172,
171.3793,
171.3793,
171.3793,
171.3793,
170.5172,
171.3793,
170.5172,
171.3793,
171.3793,
171.3793,
171.3793,
170.5172,
171.3793,
171.3793,
171.3793,
0,
1976, 
171.327,
171.3623,
171.7241,
170.5172,
171.7241,
171.3793,
171.7241,
171.7241,
171.7241,
171.7241,
171.3228,
171.3793,
171.7241,
171.7241,
171.3793,
171.3486,
171.7241,
171.2341,
171.7241,
171.7241,
171.7241,
171.7241,
171.3629,
171.7241,
171.3793,
171.7241,
0,
1977, 
171.333,
171.4064,
172.069,
170.5172,
172.069,
171.3793,
172.069,
172.069,
172.069,
172.069,
171.4478,
171.3793,
172.069,
172.069,
171.3793,
171.5026,
172.069,
171.2539,
172.069,
172.069,
172.069,
172.069,
171.4782,
172.069,
171.3793,
172.069,
0,
1978, 
171.6898,
171.503,
172.4138,
170.5172,
172.4138,
171.3793,
172.4138,
172.4138,
172.4138,
172.4138,
171.6004,
171.3793,
172.4138,
172.4138,
171.3793,
171.5482,
172.4138,
171.2856,
172.4138,
172.4138,
172.4138,
172.4138,
171.4801,
172.4138,
171.3793,
172.4138,
0,
1979, 
171.8529,
171.5842,
172.7586,
170.5172,
172.7586,
171.3793,
172.7586,
172.7586,
172.7586,
172.7586,
171.7551,
171.3793,
172.7586,
172.4138,
171.3793,
171.5524,
172.7586,
171.3277,
172.4138,
172.4138,
172.7586,
172.7586,
171.7984,
172.7586,
171.3793,
172.7586,
0,
1980, 
172.0194,
171.5955,
173.1035,
170.5172,
173.1035,
171.3793,
173.1035,
173.1035,
173.1035,
173.1035,
171.9291,
171.6823,
173.1035,
172.4138,
171.3793,
171.7449,
173.1035,
171.3793,
172.4138,
172.5862,
173.1035,
173.1035,
172.048,
173.1035,
171.3793,
173.1035,
0,
1981, 
172.1633,
171.655,
173.4483,
170.5172,
173.4483,
171.3793,
173.4483,
173.4483,
173.4483,
173.4483,
172.1892,
171.6823,
173.4483,
172.4138,
171.3793,
172.0715,
173.4483,
171.4393,
172.4138,
172.5862,
173.4483,
173.4483,
172.0497,
173.4483,
171.3793,
173.4483,
0,
1982, 
172.1687,
171.813,
173.7931,
170.5172,
173.7931,
171.3793,
173.7931,
173.7931,
173.7931,
173.7931,
172.4752,
172.6519,
173.7931,
172.5554,
171.3793,
172.3721,
173.7931,
172.6348,
172.4138,
172.9698,
173.7931,
173.7931,
172.1053,
173.7931,
171.3793,
173.7931,
0,
1983, 
172.1755,
171.857,
174.1379,
170.5172,
174.1379,
171.3793,
174.1379,
174.1379,
174.1379,
174.1379,
172.5984,
172.801,
174.1379,
172.9243,
171.3793,
172.4951,
174.1379,
172.6509,
172.4138,
172.9698,
174.1379,
174.1379,
172.2803,
174.1379,
171.3793,
174.1379,
0,
1984, 
172.5484,
171.9993,
174.4828,
170.5172,
174.4828,
171.3793,
174.4828,
174.4828,
174.4828,
174.4828,
172.7697,
173.2992,
174.4828,
173.1418,
171.3793,
172.6261,
174.4828,
172.6712,
173.6036,
173.3296,
174.4828,
174.4828,
172.2828,
174.4828,
171.3793,
174.4828,
0,
1985, 
173.0002,
172.3112,
174.8276,
170.5172,
174.4828,
173.3548,
174.8276,
174.8276,
174.8276,
174.4828,
173.0775,
173.4859,
174.8276,
173.1418,
171.3793,
172.8158,
174.8276,
173.2337,
173.6036,
173.5868,
174.8276,
174.8276,
172.5789,
174.8276,
171.3793,
174.8276,
0,
1986, 
173.1768,
172.6039,
175.1724,
170.5172,
174.4828,
173.3548,
175.1724,
175.1724,
175.1724,
174.6552,
173.3932,
173.6702,
175.1724,
173.7312,
171.3793,
173.0648,
175.1724,
173.2486,
174.0029,
173.8131,
175.1724,
175.1724,
173.0394,
175.1724,
171.3793,
175.1724,
0,
1987, 
173.4428,
172.906,
175.5172,
170.5172,
174.4828,
173.3548,
175.5172,
175.5172,
175.5172,
174.6552,
173.5809,
173.8509,
175.5172,
173.7312,
171.3793,
173.297,
175.5172,
173.7012,
174.4647,
173.8131,
175.5172,
175.5172,
173.0414,
175.5172,
171.3793,
175.5172,
0,
1988, 
173.6031,
173.0993,
175.8621,
170.5172,
174.4828,
173.3548,
175.8621,
175.8621,
175.8621,
174.6552,
173.712,
174.2344,
175.8621,
173.9301,
171.3793,
173.3001,
175.8621,
173.7141,
174.639,
173.8131,
175.8621,
175.8621,
173.3504,
175.8621,
171.3793,
175.8621,
0,
1989, 
173.6073,
173.3187,
176.2069,
170.5172,
174.4828,
173.3548,
176.2069,
176.2069,
176.2069,
174.6552,
173.8699,
174.4323,
176.2069,
174.2616,
171.3793,
173.4017,
176.2069,
173.7292,
174.812,
173.8131,
176.2069,
176.2069,
173.3524,
176.2069,
171.3793,
176.2069,
0,
1990, 
173.6122,
173.3602,
176.5517,
170.5172,
174.4828,
173.3548,
176.5517,
176.5517,
176.5517,
174.6552,
173.9061,
174.4323,
176.5517,
174.5465,
171.3793,
173.6147,
176.5517,
173.7466,
174.9848,
173.8131,
176.5517,
176.5517,
173.4946,
176.5517,
171.3793,
176.5517,
0,
1991, 
173.8319,
173.4771,
176.5517,
170.5172,
174.4828,
173.3548,
176.8965,
176.8965,
176.8965,
174.6552,
173.9061,
174.4323,
176.8965,
174.5465,
171.3793,
173.6147,
176.8965,
173.7661,
174.9848,
173.8131,
176.8965,
176.8965,
173.7154,
176.8965,
171.3793,
176.8965,
0,
1992, 
174.045,
173.4822,
176.5517,
170.5172,
174.4828,
173.3548,
177.2414,
177.2414,
177.2414,
174.6552,
173.9157,
174.4323,
177.2414,
174.5465,
171.3793,
173.6147,
177.2414,
174.4772,
174.9848,
173.8131,
177.2414,
177.2414,
173.8895,
177.2414,
171.3793,
177.2414,
0,
1993, 
174.0501,
173.4822,
176.5517,
170.5172,
174.4828,
173.3548,
177.5862,
177.5862,
177.5862,
174.6552,
173.9571,
174.4323,
177.5862,
174.5465,
171.3793,
173.6147,
177.5862,
174.9889,
174.9848,
173.8131,
177.5862,
177.5862,
173.8918,
177.5862,
171.3793,
177.5862,
0,
1994, 
174.4769,
173.4822,
176.5517,
170.5172,
174.4828,
173.3548,
177.931,
177.931,
177.931,
174.6552,
173.9878,
174.6674,
177.931,
174.5465,
171.3793,
173.7022,
177.931,
175.3945,
174.9848,
173.8131,
177.931,
177.931,
174.294,
177.931,
171.3793,
177.931,
0,
1995, 
174.4818,
173.4822,
176.5517,
170.5172,
174.4828,
173.3548,
178.2759,
178.2759,
178.2759,
174.6552,
173.9878,
174.6674,
178.2759,
174.5465,
171.3793,
173.7074,
178.2759,
175.4039,
174.9848,
175.0614,
178.2759,
178.2759,
174.5095,
178.2759,
171.3793,
178.2759,
0,
1996, 
174.4871,
173.4823,
177.4138,
170.5172,
174.4828,
173.3548,
178.6207,
178.6207,
178.6207,
174.6552,
173.9939,
174.6674,
178.6207,
174.5465,
171.3793,
173.713,
178.6207,
175.7906,
175.3645,
175.0614,
178.6207,
178.6207,
174.6707,
178.6207,
171.3793,
178.6207,
0,
1997, 
174.4929,
173.5186,
177.4138,
170.5172,
174.4828,
173.3548,
178.9655,
178.9655,
178.9655,
174.6552,
174.0002,
174.8687,
178.9655,
174.5688,
171.3793,
173.719,
178.9655,
175.7996,
175.7014,
175.0614,
178.9655,
178.9655,
174.8255,
178.9655,
171.3793,
178.9655,
0,
1998, 
174.4992,
173.5186,
177.4138,
170.5172,
174.4828,
173.3548,
179.3103,
179.3103,
179.3103,
174.6552,
174.0049,
174.8687,
179.3103,
174.5688,
171.3793,
173.7254,
179.3103,
175.8096,
175.9262,
175.0614,
179.3103,
179.3103,
175.0471,
179.3103,
171.3793,
179.3103,
0,
1999, 
174.5059,
173.5186,
177.4138,
170.5172,
174.4828,
173.3548,
179.6552,
179.6552,
179.6552,
174.6552,
174.0896,
174.8687,
179.6552,
174.5688,
171.3793,
173.7321,
179.6552,
175.8207,
176.4059,
175.0614,
179.6552,
179.6552,
175.0492,
179.6552,
171.3793,
179.6552,
0,
2000, 
174.5132,
173.5186,
177.4138,
170.5172,
174.4828,
173.3548,
180,
180,
180,
174.6552,
174.0896,
175.0228,
180,
174.5688,
171.3793,
173.7393,
180,
176.272,
176.8094,
175.0614,
180,
180,
175.0515,
180,
171.3793,
180,
0,
2001, 
174.5208,
173.5186,
177.4138,
170.5172,
178.2421,
173.3548,
181.4,
181.4,
181.4,
174.6552,
174.1399,
175.1779,
181.4,
174.5688,
171.3793,
173.7469,
181.4,
177.2334,
176.8094,
175.0614,
181.4,
181.4,
175.054,
181.4,
177.9716,
181.4,
0,
2002, 
174.5304,
173.5186,
177.4138,
170.5172,
178.2421,
173.3548,
182.8,
182.8,
182.8,
174.6552,
174.1496,
175.1779,
182.8,
174.5688,
171.3793,
174.0969,
182.8,
177.242,
176.8094,
175.0614,
182.8,
182.8,
175.0571,
182.8,
177.9716,
182.8,
0,
2003, 
174.542,
173.5186,
177.4138,
170.5172,
178.2421,
173.3548,
184.2,
184.2,
184.2,
174.6552,
174.1496,
175.244,
184.2,
174.5688,
171.3793,
174.107,
184.2,
177.2534,
177.5671,
176.9218,
184.2,
184.2,
175.201,
184.2,
177.9716,
184.2,
0,
2004, 
174.5554,
173.5186,
177.4138,
170.5172,
178.2421,
173.3548,
185.6,
185.6,
185.6,
174.6552,
174.1496,
175.8028,
185.6,
174.5688,
171.3793,
174.1187,
185.6,
177.2677,
177.5671,
178.0027,
185.6,
185.6,
175.201,
185.6,
177.9716,
185.6,
0,
2005, 
174.5708,
173.5186,
177.4138,
170.5172,
178.2421,
173.3548,
187,
187,
187,
174.6552,
174.1496,
175.8028,
187,
175.3698,
171.3793,
174.1319,
187,
177.2848,
178.0449,
178.4069,
187,
187,
175.201,
187,
177.9716,
187,
0,
2006, 
174.5881,
173.5186,
177.4138,
170.5172,
178.2421,
173.3548,
188.4,
188.4,
188.4,
174.6552,
174.1496,
175.8028,
188.4,
175.3698,
171.3793,
174.6928,
188.4,
178.9685,
178.5477,
178.4069,
188.4,
188.4,
175.787,
188.4,
177.9716,
188.4,
0,
2007, 
174.6072,
173.5186,
177.4138,
170.5172,
178.2421,
173.3548,
189.8,
189.8,
189.8,
174.6552,
174.1496,
175.8028,
189.8,
175.3698,
171.3793,
174.7079,
189.8,
180.3616,
178.5477,
178.4069,
189.8,
189.8,
176.1399,
189.8,
177.9716,
189.8,
0,
2008, 
174.6283,
173.5186,
177.4138,
170.5172,
178.2421,
173.3548,
191.2,
191.2,
191.2,
174.6552,
174.1496,
175.8028,
191.2,
175.3698,
171.3793,
174.7245,
191.2,
180.9384,
178.5477,
180.1117,
191.2,
191.2,
176.146,
191.2,
177.9716,
191.2,
0,
2009, 
174.6512,
173.5186,
177.4138,
170.5172,
178.2421,
173.3548,
192.6,
192.6,
192.6,
174.6552,
174.1496,
175.8028,
192.6,
175.3698,
171.3793,
174.7427,
192.6,
180.9523,
178.5477,
180.1117,
192.6,
192.6,
176.1527,
192.6,
177.9716,
192.6,
0,
2010, 
174.676,
173.5186,
177.4138,
170.5172,
178.2421,
173.3548,
194,
194,
194,
174.6552,
174.1496,
175.8028,
194,
175.3698,
171.3793,
174.7623,
194,
180.9681,
178.5477,
180.1117,
194,
194,
176.1527,
194,
177.9716,
194,
0,
2011, 
174.7027,
173.5186,
177.4138,
170.5172,
178.2421,
173.3548,
195.4,
195.4,
195.4,
174.6552,
174.1496,
175.8028,
195.4,
175.3698,
171.3793,
175.5624,
195.4,
182.2906,
178.5477,
181.6043,
195.4,
195.4,
176.1527,
195.4,
177.9716,
195.4,
0,
2012, 
174.7312,
173.5186,
177.4138,
170.5172,
178.2421,
173.3548,
196.8,
196.8,
196.8,
174.6552,
174.1496,
175.8028,
196.8,
175.3698,
171.3793,
175.5833,
196.8,
182.9712,
179.4858,
182.4866,
196.8,
196.8,
176.1527,
196.8,
185.5239,
196.8,
0,
2013, 
174.7312,
173.5186,
177.4138,
170.5172,
178.2421,
173.3548,
198.2,
198.2,
198.2,
174.6552,
174.1496,
175.8028,
198.2,
175.3698,
171.3793,
176.4297,
198.2,
182.9872,
181.1831,
183.0079,
198.2,
198.2,
176.1527,
198.2,
185.5239,
198.2,
0,
2014, 
174.7312,
173.5186,
177.4138,
170.5172,
178.2421,
173.3548,
199.6,
199.6,
199.6,
174.6552,
174.1496,
175.8028,
199.6,
175.3698,
171.3793,
176.4516,
198.2,
183.0046,
181.1831,
184.6615,
199.6,
199.6,
176.1527,
199.6,
185.5239,
199.6,
0,
2015, 
174.7312,
173.5186,
177.4138,
170.5172,
178.2421,
173.3548,
201,
201,
201,
174.6552,
174.1496,
175.8028,
201,
175.3698,
171.3793,
176.475,
198.2,
185.9603,
181.1831,
187.8524,
201,
201,
176.1527,
201,
185.5239,
201,
0,
2016, 
174.7312,
173.5186,
177.4138,
170.5172,
178.2421,
185.037,
202.4,
202.4,
202.4,
174.6552,
174.1496,
175.8028,
202.4,
175.3698,
171.3793,
177.5016,
198.2,
185.9745,
182.0875,
190.3896,
202.4,
202.4,
176.1527,
202.4,
185.5239,
202.4,
0,
2017, 
174.7312,
173.5186,
177.4138,
170.5172,
178.2421,
185.037,
203.8,
203.8,
203.8,
174.6552,
174.1496,
175.8028,
203.8,
175.3698,
171.3793,
179.3048,
198.2,
188.4557,
182.0875,
192.6162,
203.8,
203.8,
176.1527,
203.8,
190.788,
203.8,
0,
2018, 
174.7312,
173.5186,
177.4138,
170.5172,
178.2421,
185.32,
205.2,
205.2,
205.2,
174.6552,
174.1496,
175.8028,
205.2,
175.3698,
171.3793,
181.9605,
201.4667,
192.7726,
184.6561,
194.7728,
205.2,
205.2,
176.1527,
205.2,
193.8818,
205.2,
0,
2019, 
174.7312,
173.5186,
177.4138,
170.5172,
178.2421,
185.32,
206.6,
206.6,
206.6,
174.6552,
174.1496,
175.8028,
206.6,
175.3698,
171.3793,
183.5694,
202.8421,
195.0745,
185.7517,
196.573,
206.6,
206.6,
176.1527,
206.6,
193.8818,
206.6,
0,
2020, 
174.7312,
173.5186,
177.4138,
170.5172,
178.2421,
185.32,
208,
208,
208,
174.6552,
174.1496,
175.8028,
208,
177.7113,
171.3793,
184.3924,
203.8539,
195.0799,
186.8072,
197.6153,
208,
208,
176.1527,
208,
193.8818,
208,
0,
2021, 
174.7312,
173.9333,
177.4138,
170.5172,
178.2421,
185.32,
209.4,
209.4,
209.4,
174.6552,
174.1496,
175.8028,
209.4,
179.8239,
171.3793,
186.1003,
205.2359,
195.8345,
186.8072,
198.7625,
209.4,
209.4,
176.1527,
209.4,
200.0201,
209.4,
0,
2022, 
174.7312,
173.9333,
178.2626,
170.5172,
178.2421,
185.32,
210.8,
210.8,
210.8,
174.6552,
174.6573,
175.8028,
210.8,
179.8239,
171.3793,
186.1003,
205.2359,
195.8345,
186.8072,
198.7625,
210.8,
210.8,
176.2587,
210.8,
200.0201,
210.8,
0,
2023, 
174.7312,
173.9333,
178.2626,
170.5172,
178.2421,
185.32,
212.2,
212.2,
212.2,
174.6552,
174.6573,
175.8028,
212.2,
179.8239,
171.3793,
186.1003,
205.2359,
195.8345,
186.8072,
198.7625,
212.2,
212.2,
176.3717,
212.2,
200.0718,
212.2,
0,
2024, 
174.7312,
173.9333,
179.1715,
170.5172,
178.2421,
185.32,
213.6,
213.6,
213.6,
174.6552,
174.6573,
175.8028,
213.6,
179.8239,
171.3793,
186.1003,
205.2359,
195.8345,
186.8072,
198.7625,
213.6,
213.6,
176.4811,
213.6,
200.1515,
213.6,
0,
2025, 
174.7312,
173.9333,
179.1715,
170.5172,
178.2421,
185.32,
215,
215,
215,
174.6552,
174.6573,
175.8028,
215,
179.8239,
171.3793,
186.1003,
205.2359,
195.8345,
186.8072,
198.7625,
215,
215,
176.4811,
215,
200.242,
215,
0,
2026, 
174.7312,
173.9333,
179.1715,
170.5172,
178.2421,
185.32,
216.4,
216.4,
216.4,
174.6552,
174.6573,
175.8028,
216.4,
179.8239,
171.3793,
186.1003,
205.2431,
195.8345,
186.8072,
198.7625,
216.4,
216.4,
176.4811,
216.4,
200.5036,
216.4,
0,
2027, 
174.7312,
173.9333,
179.1715,
170.5172,
178.2421,
185.32,
217.8,
217.8,
217.8,
174.6552,
174.6573,
177.9225,
217.8,
179.8239,
171.3793,
186.1003,
207.4186,
195.8345,
186.8072,
198.7625,
217.8,
217.8,
179.6116,
217.8,
204.3354,
217.8,
0,
2028, 
174.7312,
173.9333,
202.6878,
170.5172,
178.2421,
185.32,
219.2,
219.2,
219.2,
177.3876,
174.6573,
177.9225,
219.2,
179.8239,
171.3793,
186.1003,
207.7463,
195.8345,
186.8072,
198.7625,
219.2,
219.2,
179.6321,
219.2,
207.435,
219.2,
0,
2029, 
174.7312,
173.9333,
212.3483,
170.5172,
178.2421,
190.3109,
220.6,
220.6,
220.6,
184.4263,
174.6573,
180.1587,
220.6,
179.8239,
171.3793,
186.1003,
212.1916,
212.8346,
188.4693,
198.7625,
220.6,
220.6,
183.2925,
220.6,
212.2445,
220.6,
0,
2030, 
175.176,
174.0496,
216.0568,
170.5172,
178.2421,
207.1909,
222,
222,
222,
205.8375,
174.7375,
180.1867,
222,
179.8239,
171.3793,
186.1003,
214.1389,
213.8055,
189.9909,
205.3943,
222,
222,
186.3017,
222,
214.2562,
222,
0,
2031, 
175.4947,
181.2831,
216.9765,
170.5172,
178.2421,
211.7928,
223.4,
223.4,
223.4,
212.9067,
178.8814,
185.5198,
223.4,
184.4895,
171.3793,
186.1003,
214.1389,
217.0916,
192.3284,
212.8354,
223.4,
223.4,
191.1463,
223.4,
216.0093,
223.4,
0,
2032, 
175.5022,
181.7221,
216.9765,
170.6897,
178.2421,
211.7928,
224.8,
224.8,
224.8,
216.1431,
181.2487,
187.4805,
224.8,
185.2977,
171.3793,
186.111,
216.2939,
217.0945,
194.714,
214.9032,
224.8,
224.8,
194.8642,
224.8,
216.0318,
224.8,
0,
2033, 
175.7003,
184.4431,
216.9765,
170.8621,
178.2421,
211.9441,
226.2,
226.2,
226.2,
217.1742,
184.6093,
192.9742,
226.2,
185.3466,
171.3793,
186.1215,
216.4283,
217.4757,
195.0783,
217.5687,
226.2,
226.2,
194.8706,
226.2,
216.6697,
226.2,
0,
2034, 
175.9811,
186.4665,
216.9765,
171.0345,
178.2421,
212.173,
227.6,
227.6,
227.6,
217.1742,
184.624,
195.5824,
227.6,
186.3522,
171.3793,
186.15,
218.054,
217.6929,
195.0783,
217.5687,
227.6,
227.6,
196.824,
227.6,
216.6889,
227.6,
0,
2035, 
176.1548,
188.1268,
216.9765,
229,
178.2421,
212.173,
229,
229,
229,
217.1744,
185.7703,
198.7907,
227.6,
186.9825,
171.3793,
186.1601,
218.8495,
218.0756,
195.2433,
218.7173,
229,
229,
198.5835,
227.6,
217.5346,
229,
0,
2036, 
176.7449,
193.8536,
216.9765,
230.4,
178.2421,
214.4244,
230.4,
230.4,
230.4,
217.1744,
186.6656,
199.7342,
227.6,
186.9825,
230.4,
187.3094,
218.8495,
218.3006,
195.2433,
218.7173,
230.4,
230.4,
199.938,
227.6,
217.8405,
230.4,
0,
2037, 
176.8462,
195.6329,
216.9765,
231.8,
178.2421,
214.4244,
231.8,
231.8,
231.8,
217.1744,
187.1297,
199.7342,
227.6,
186.9825,
231.8,
188.2343,
218.8495,
218.8607,
195.2433,
218.7173,
231.8,
231.8,
200.6373,
227.6,
217.8405,
231.8,
0,
2038, 
177.3313,
197.909,
217.3737,
233.2,
178.2421,
214.4244,
233.2,
233.2,
233.2,
217.2902,
187.6348,
199.7342,
227.6,
186.9825,
233.2,
188.4422,
218.8495,
219.1946,
195.2433,
218.7173,
233.2,
233.2,
201.8362,
227.6,
217.8405,
233.2,
0,
2039, 
177.6748,
199.1819,
217.4598,
234.6,
178.2421,
214.4244,
234.6,
234.6,
234.6,
217.4024,
189.5836,
199.7342,
227.6,
189.2514,
234.6,
189.1314,
218.8495,
219.7712,
195.6314,
218.7984,
234.6,
234.6,
204.4653,
227.6,
217.8405,
234.6,
0,
2040, 
178.0157,
199.7763,
217.8347,
236,
178.2421,
214.4244,
236,
236,
236,
217.5336,
190.8489,
200.4513,
227.6,
189.2514,
236,
191.092,
218.8495,
220.1572,
195.6499,
218.8791,
236,
236,
205.7466,
227.6,
218.7301,
236,
0,
2041, 
178.3295,
200.4342,
217.8378,
237.4,
178.4279,
215.2562,
237.4,
237.4,
237.4,
217.5336,
193.3871,
200.8928,
228.16,
189.2514,
237.4,
193.4951,
218.8495,
220.361,
195.6499,
218.8791,
237.4,
237.4,
205.7703,
227.6,
218.7301,
237.4,
0,
2042, 
178.3493,
201.7803,
218.106,
238.8,
187.4591,
216.3918,
238.8,
238.8,
238.8,
217.7715,
195.1436,
203.0797,
230.0741,
189.6515,
238.8,
197.0142,
218.9535,
220.8636,
195.6499,
219.0072,
238.8,
238.8,
205.9803,
227.6,
219.6741,
238.8,
0,
2043, 
178.3743,
202.3054,
218.2477,
240.2,
187.4591,
216.3918,
240.2,
240.2,
240.2,
217.829,
196.0332,
203.8458,
230.0741,
191.6559,
240.2,
197.8016,
219.0296,
221.2415,
195.6499,
219.0072,
240.2,
240.2,
206.7379,
227.6,
219.6741,
240.2,
0,
2044, 
178.8953,
204.2577,
218.4094,
241.6,
196.2155,
216.847,
241.6,
241.6,
241.6,
218.2341,
197.3268,
206.7176,
231.7393,
193.0314,
241.6,
199.9517,
219.1662,
221.9364,
196.4967,
219.1341,
241.6,
241.6,
206.7461,
227.6,
220.2659,
241.6,
0,
2045, 
179.9796,
206.6893,
218.6115,
241.6,
202.4999,
220.8574,
241.6,
241.6,
241.6,
220.9793,
200.3512,
207.9299,
231.7393,
193.9402,
243,
201.2013,
219.2611,
222.4917,
196.5174,
219.2522,
241.6,
243,
207.9492,
227.6,
220.2659,
243,
0,
2046, 
180.6327,
211.4551,
218.7369,
242.9347,
204.3821,
221.1017,
242.4062,
241.8663,
241.9557,
223.6267,
206.7052,
209.7461,
232.2534,
198.5326,
244.4,
203.8217,
219.4818,
223.5025,
198.5,
219.3699,
241.6,
244.4,
209.9247,
227.6,
220.8729,
243,
0,
2047, 
182.0133,
215.5542,
219.077,
242.9347,
204.9503,
221.2358,
242.9994,
241.8663,
243.1992,
224.0896,
211.196,
211.5681,
232.2736,
199.6708,
245.8,
206.349,
219.4818,
223.5673,
202.3876,
219.3699,
243.3624,
245.8,
210.1503,
227.6,
221.103,
243.0607,
0,
2048, 
183.2399,
220.8307,
219.2642,
243.1309,
205.3414,
222.1357,
243.9534,
241.8663,
243.6094,
224.3511,
215.9516,
215.8693,
233.3948,
201.9182,
247.2,
206.8579,
219.7668,
224.319,
204.1425,
219.3699,
243.3624,
247.2,
211.6432,
227.6,
222.1366,
244.9395,
0,
2049, 
183.2738,
225.2718,
219.8749,
244.7368,
205.5249,
222.249,
244.7307,
241.8663,
244.853,
224.6722,
221.914,
219.2289,
233.3948,
208.3996,
247.2,
208.111,
220.3469,
225.4345,
208.2589,
219.3699,
244.48,
248.6,
211.9988,
227.6,
222.2396,
245.422,
0,
2050, 
183.3065,
227.6978,
219.9458,
244.7368,
207.549,
224.4046,
245.8286,
241.8663,
245.5071,
225.0714,
224.099,
219.5697,
233.3948,
216.6112,
248.4426,
210.3853,
220.5569,
226.0732,
209.5808,
219.3699,
244.48,
248.6,
212.9394,
227.6,
223.7738,
246.4179,
0,
2051, 
184.9949,
230.1394,
222.0111,
246.3736,
207.549,
224.4404,
246.6595,
244.3379,
246.6844,
225.4058,
224.8307,
219.9791,
233.3948,
218.0196,
248.4426,
210.7183,
221.0967,
226.9139,
211.6034,
219.3699,
244.8712,
248.9418,
214.4083,
227.6,
224.0662,
246.6086,
0,
2052, 
187.6935,
230.7446,
222.1456,
246.3736,
211.0751,
227.0673,
247.9072,
244.3379,
247.5921,
225.8064,
225.7989,
220.4411,
233.9883,
218.3437,
248.4426,
211.6669,
221.7383,
227.6708,
212.3553,
219.3699,
245.4439,
250.8255,
215.8263,
227.6,
225.8967,
249.9622,
0,
2053, 
187.7747,
230.7502,
222.9332,
248.4762,
214.5235,
228.1118,
249.1619,
251.3785,
249.721,
226.1606,
227.4794,
220.67,
234.3893,
219.5039,
248.4426,
211.8013,
222.2597,
228.7309,
214.4497,
219.3699,
245.7428,
252.0254,
216.4553,
227.6,
226.0779,
249.9839,
0,
2054, 
207.8973,
230.7868,
223.5835,
248.4762,
214.5235,
231.8003,
250.6528,
253.8352,
251.0636,
226.5705,
229.1256,
223.2533,
235.3909,
220.1358,
250.1334,
213.2556,
223.0134,
229.6751,
215.9993,
219.3699,
247.8643,
254.0598,
219.2091,
227.6,
228.4153,
253.9636,
0,
2055, 
208.6065,
230.7868,
223.9037,
251.1701,
220.9292,
232.535,
252.7438,
257.7934,
252.9091,
226.9809,
229.5537,
223.2546,
235.3915,
221.1672,
250.1334,
213.2912,
223.7266,
230.7169,
218.1297,
219.6336,
248.6838,
255.5531,
221.2284,
227.6,
229.1236,
253.9636,
0,
2056, 
209.3418,
230.7885,
225.9742,
251.1701,
220.9292,
235.0281,
254.4488,
259.5181,
254.4916,
227.5243,
230.212,
223.5414,
237.8687,
221.3109,
255.9054,
213.3266,
224.3391,
231.5375,
220.3555,
219.6336,
250.3444,
257.3858,
222.3938,
227.6,
231.9325,
257.3424,
0,
2057, 
214.7474,
231.2671,
226.3711,
253.4366,
228.3359,
236.1484,
256.3068,
261.9994,
256.2306,
228.7763,
231.2626,
225.0453,
237.8687,
222.2303,
255.9054,
213.5443,
224.6671,
232.4657,
223.2796,
219.6336,
250.9472,
258.8219,
224.2034,
227.6,
233.6214,
257.3424,
0,
2058, 
215.5842,
231.2671,
227.2679,
253.4619,
228.3359,
237.9788,
258.7501,
263.1953,
257.7485,
228.8434,
231.8992,
225.6221,
238.2754,
222.4049,
255.9054,
213.5792,
225.1882,
233.3283,
225.1828,
219.6336,
253.2439,
258.8219,
225.8675,
227.6,
235.7613,
261.0703,
0,
2059, 
216.4529,
231.2671,
227.607,
256.1923,
232.1744,
239.2179,
260.1465,
265.108,
259.1522,
229.7926,
234.0658,
225.7942,
240.8614,
223.0011,
261.1644,
214.0118,
225.5603,
234.6003,
228.0925,
219.6656,
253.5918,
261.0966,
226.5874,
227.6,
237.2437,
261.0703,
0,
2060, 
221.0965,
232.4003,
228.1178,
256.1923,
232.1744,
239.5877,
262.3734,
266.2345,
261.1055,
230.1789,
234.6844,
227.4358,
240.8614,
223.0867,
262.8459,
214.0545,
226.1845,
235.369,
230.15,
219.6899,
255.8324,
263.247,
226.7677,
227.6,
239.3825,
264.6413,
0,
2061, 
225.8065,
232.4003,
228.7815,
259.2604,
258.1148,
241.3776,
263.8346,
268.2937,
262.3561,
231.2945,
236.3204,
228.544,
240.8614,
223.5253,
270.135,
214.5862,
226.5207,
237.9045,
230.3305,
219.7257,
256.2143,
265.1061,
226.8994,
227.6,
241.6938,
264.6413,
0,
2062, 
226.8062,
233.2179,
228.7815,
259.2604,
258.1148,
242.3002,
265.7963,
269.3464,
263.9769,
231.892,
236.7721,
229.2418,
240.8614,
223.5253,
270.135,
216.1237,
227.2651,
238.784,
230.3398,
219.7362,
257.5328,
265.1061,
227.0175,
229.5895,
243.8651,
268.3696,
0,
2063, 
229.2879,
233.2179,
229.626,
262.1147,
262.8012,
243.5372,
267.4413,
271.1219,
265.0921,
233.1351,
237.7848,
229.645,
240.8614,
223.8429,
270.135,
216.4865,
227.5197,
242.1313,
232.6444,
219.9913,
257.6001,
265.2008,
227.6411,
229.5895,
246.0943,
268.3696,
0,
2064, 
230.3233,
233.3415,
229.626,
262.1318,
262.8012,
244.6271,
269.084,
272.3564,
266.5314,
233.9815,
238.236,
232.5397,
243.3814,
223.8839,
271.0465,
216.9287,
228.3636,
243.1012,
232.6444,
220.1655,
259.8619,
265.2008,
227.6898,
229.5895,
248.52,
271.2788,
0,
2065, 
231.7507,
233.5933,
230.9621,
264.8286,
263.3323,
245.0432,
270.7657,
274.5666,
267.6562,
235.0282,
238.6211,
232.5397,
243.3959,
228.7696,
271.0465,
216.9609,
228.6831,
246.5479,
233.813,
220.2293,
260.2904,
266.7289,
227.852,
229.5895,
250.2376,
271.4092,
0,
2066, 
232.821,
233.5933,
230.9621,
265.4473,
264.0543,
246.0538,
272.154,
275.6671,
268.9206,
235.4967,
238.6213,
233.5884,
248.397,
229.0547,
276.7269,
218.7169,
229.8915,
247.1972,
235.0055,
220.2293,
263.4865,
272.1238,
229.3155,
234.981,
251.7891,
274.2399,
0,
2067, 
235.1,
233.8559,
231.7304,
267.8819,
264.0543,
246.4039,
273.6982,
278.544,
269.9409,
236.155,
239.096,
233.5884,
248.397,
229.1844,
276.7269,
219.3045,
230.3036,
247.5983,
235.0055,
220.2293,
265.6231,
277.7905,
230.5478,
234.981,
253.5896,
274.4164,
0,
2068, 
236.6388,
233.8559,
231.7304,
269.1814,
264.4483,
248.3223,
274.8514,
279.7102,
271.2375,
236.2881,
239.096,
234.9088,
251.2743,
229.4151,
283.8284,
219.8571,
231.483,
248.433,
236.0976,
220.4161,
269.2375,
277.8949,
230.5612,
246.5966,
255.6043,
276.9479,
0,
2069, 
239.288,
234.7966,
231.7304,
271.8204,
264.4483,
248.9265,
276.4932,
282.4054,
272.4314,
236.6737,
239.4639,
235.1708,
259.0721,
230.0608,
283.8284,
220.4174,
232.0555,
255.6885,
238.6893,
220.4737,
271.4162,
283.2213,
231.3806,
246.5966,
257.0461,
277.232,
0,
2070, 
240.4617,
235.4811,
231.7304,
273.0618,
265.2303,
250.0274,
278.2713,
283.8076,
276.001,
237.0378,
239.4639,
236.1829,
259.0721,
230.2869,
291.0623,
221.3221,
233.3902,
255.6897,
243.4598,
223.8183,
274.0591,
283.4977,
231.3806,
254.6476,
259.6599,
279.5512,
0,
2071, 
243.9426,
236.1362,
231.7304,
275.5321,
265.3047,
250.2153,
280.3558,
286.1635,
276.001,
237.2001,
239.8709,
237.3822,
266.249,
231.0042,
291.0623,
223.2682,
233.7977,
255.7855,
245.1419,
225.9797,
274.8153,
286.2713,
233.3029,
254.6476,
260.4489,
279.6904,
0,
2072, 
245.7077,
236.8655,
231.7304,
276.5383,
266.1382,
250.578,
282.0784,
287.8538,
278.8539,
237.7434,
240.9345,
237.9196,
266.249,
231.5454,
295.7171,
223.9388,
235.0064,
255.8361,
248.5852,
230.39,
278.8028,
286.2713,
233.5144,
263.0719,
264.4449,
282.1816,
0,
2073, 
247.7588,
238.2883,
232.8174,
279.1904,
266.2714,
251.0114,
283.8032,
290.2192,
278.8539,
237.7434,
244.0583,
238.77,
268.9453,
232.0635,
295.7171,
225.1326,
235.0064,
255.8372,
252.5867,
231.1454,
279.4065,
288.1708,
235.8886,
263.0719,
264.5102,
282.1816,
0,
2074, 
248.3008,
238.5353,
233.5132,
280.0297,
266.7939,
254.463,
285.5179,
291.9057,
280.6136,
238.3144,
244.0583,
238.8875,
271.1554,
232.9117,
299.5799,
225.1626,
237.1626,
260.1306,
255.3004,
234.5589,
284.9364,
288.804,
235.8886,
263.0719,
267.4426,
282.1816,
0,
2075, 
250.2218,
240.2979,
234.886,
282.545,
267.0066,
256.5504,
287.1743,
294.2095,
280.6136,
238.5419,
247.4606,
239.204,
271.1554,
233.2041,
299.5799,
226.6936,
237.1626,
260.3291,
257.481,
235.0346,
288.1381,
290.7234,
236.6983,
263.0719,
268.3181,
282.1816,
0,
2076, 
251.3367,
240.5513,
234.886,
283.5662,
267.3242,
261.1815,
288.8367,
297.0022,
283.5236,
239.0945,
247.4606,
239.4182,
275.858,
234.4002,
303.7512,
230.1144,
239.0398,
264.9443,
262.8069,
235.5612,
295.4756,
290.7234,
236.9265,
263.0719,
271.0088,
282.1816,
0,
2077, 
253.5209,
242.2613,
234.886,
286.0068,
267.5588,
262.0887,
290.2937,
298.2147,
284.9304,
239.4084,
249.6731,
239.8901,
275.858,
234.4002,
303.7512,
235.7167,
239.0398,
265.1353,
264.3422,
238.4782,
295.9117,
290.7234,
237.5859,
263.0719,
271.4368,
282.1816,
0,
2078, 
253.7425,
242.3734,
234.886,
287.3172,
267.9615,
264.4887,
292.1687,
301.0155,
287.4845,
239.9652,
249.6731,
239.8901,
275.858,
234.8133,
305.6117,
244.4547,
241.4968,
266.1266,
270.3015,
239.3073,
299.7804,
290.7234,
237.8799,
263.0719,
275.4426,
282.1816,
0,
2079, 
255.6926,
245.2433,
235.1331,
289.4761,
268.3825,
266.9804,
293.7054,
302.5879,
289.4631,
240.3446,
250.9212,
240.4576,
277.5301,
235.7689,
306.7124,
254.2041,
242.4872,
269.3138,
272.2434,
240.2131,
303.1481,
290.7234,
239.2417,
263.0719,
275.4426,
282.1816,
0,
2080, 
255.6926,
245.2433,
235.3814,
290.7248,
268.8255,
268.3325,
295.2035,
305.3485,
292.1768,
240.9902,
250.9212,
240.4576,
277.5301,
240.9556,
310.3158,
261.1409,
245.0816,
269.3148,
275.1539,
240.8239,
305.9259,
290.7234,
239.2417,
263.0719,
279.4212,
282.1816,
0,
2081, 
257.9442,
247.8497,
236.1819,
292.8822,
269.2192,
270.3102,
296.484,
307.2658,
292.8483,
241.3577,
251.5237,
240.6669,
279.7381,
247.3573,
310.4788,
276.7617,
247.083,
273.7631,
275.1627,
241.5522,
309.27,
290.7234,
240.0523,
263.0719,
280.5981,
282.1816,
0,
2082, 
257.9442,
247.8497,
236.8355,
295.0456,
269.8431,
272.0311,
298.1622,
309.7708,
295.2043,
241.8843,
253.4428,
241.2224,
279.7381,
249.2291,
311.7433,
280.4585,
248.897,
273.7631,
275.8649,
241.5522,
309.27,
291.8301,
240.1169,
263.0719,
284.3186,
283.6829,
0,
2083, 
261.0181,
250.0703,
237.9147,
295.7297,
270.9153,
274.2537,
299.5885,
311.5406,
295.3682,
242.3024,
253.4818,
241.511,
280.8115,
250.5641,
312.2757,
284.0297,
248.897,
274.2163,
275.8649,
241.5522,
309.7391,
292.6744,
240.4759,
263.0719,
284.7769,
287.2856,
0,
2084, 
261.0181,
250.0703,
238.8452,
297.5596,
271.779,
275.6761,
301.0076,
313.7894,
297.462,
242.416,
254.4308,
243.1716,
280.8663,
253.3996,
312.5643,
286.4261,
251.1434,
277.5042,
276.1104,
241.5522,
309.9059,
294.8742,
240.5334,
312.8388,
290.1835,
289.0875,
0,
2085, 
263.0067,
251.932,
240.1347,
298.4897,
273.1801,
277.5172,
302.4908,
315.6132,
297.6879,
242.45,
254.4308,
243.1716,
285.6695,
254.4085,
312.773,
288.9886,
251.1434,
277.5042,
276.1104,
241.5522,
311.507,
296.5559,
240.9346,
314.2577,
290.7334,
293.9567,
0,
2086, 
263.0067,
251.932,
241.8004,
300.4147,
274.227,
279.6278,
303.7102,
317.3452,
301.1498,
242.5544,
257.6964,
244.8779,
285.6695,
256.8583,
312.773,
290.5749,
252.9446,
279.3031,
276.3939,
241.5522,
312.6262,
298.1303,
241.7461,
328.7066,
295.574,
294.9168,
0,
2087, 
263.3927,
254.1296,
241.8513,
301.0741,
276.9609,
281.7969,
305.1819,
317.9773,
301.5556,
242.5544,
257.6964,
246.2355,
287.2383,
257.3651,
312.773,
293.363,
254.3486,
280.6107,
276.6782,
241.5522,
313.063,
300.6743,
244.6504,
328.7066,
296.3576,
300.1411,
0,
2088, 
263.3927,
254.1296,
245.2497,
303.4157,
277.8161,
283.9672,
306.58,
319.7153,
303.9106,
242.7049,
261.2307,
248.0648,
288.6206,
260.1385,
312.773,
293.9929,
255.859,
282.4866,
277.3214,
241.5522,
314.1947,
301.7123,
244.6612,
332.3895,
300.9702,
301.4932,
0,
2089, 
263.3927,
255.6373,
251.8344,
304.3828,
278.4599,
287.1627,
308.1956,
320.5118,
305.4159,
243.8853,
261.2307,
250.9628,
292.3144,
261.0278,
312.773,
297.5297,
261.2554,
290.7905,
279.6605,
241.5522,
314.3556,
304.0539,
248.3867,
334.5852,
304.8252,
307.0876,
0,
2090, 
270.5998,
255.7247,
271.1062,
306.5342,
278.7044,
296.9315,
308.7305,
322.3388,
307.3804,
249.0397,
264.6688,
254.7266,
292.3242,
262.7293,
312.773,
298.2634,
267.05,
295.7089,
282.1816,
243.5639,
318.0212,
304.0539,
251.3517,
341.4565,
310.545,
309.705,
0,
2091, 
277.1635,
264.7432,
284.3505,
307.7738,
280.8782,
307.3091,
310.3798,
323.1122,
307.9755,
257.7535,
270.3532,
260.9783,
301.01,
277.2213,
312.773,
302.1479,
267.05,
304.692,
285.8983,
251.0113,
318.679,
305.8214,
258.3651,
342.5453,
314.111,
315.4745,
0,
2092, 
277.1635,
265.3457,
287.8148,
309.3508,
281.4379,
308.5951,
310.751,
325.1212,
308.895,
273.3933,
274.7063,
266.1581,
301.01,
280.9983,
312.773,
302.8113,
275.8698,
308.4948,
290.489,
257.8462,
322.0025,
305.8214,
268.0189,
347.0445,
317.9393,
315.4745,
0,
2093, 
281.5335,
270.7073,
287.8148,
310.397,
283.0839,
310.6162,
312.303,
325.8369,
309.8074,
284.5628,
283.2184,
277.4227,
302.429,
281.2344,
312.773,
305.1278,
276.5916,
309.9833,
291.9745,
285.6565,
322.0025,
307.9556,
269.7478,
347.0445,
319.0966,
323.326,
0,
2094, 
288.8872,
274.8484,
290.867,
311.4805,
283.0839,
312.0701,
313.0483,
327.3138,
310.9593,
287.4817,
283.2184,
288.0883,
304.8454,
286.3951,
312.773,
305.5661,
287.5453,
311.8857,
292.9318,
289.9604,
326.4803,
307.9556,
277.8659,
349.4559,
321.8692,
323.326,
0,
2095, 
294.1719,
279.4281,
290.867,
312.3538,
284.3193,
313.588,
314.4592,
327.9874,
310.9993,
288.0851,
286.7618,
302.0777,
317.7373,
290.0888,
312.773,
307.5003,
295.626,
312.6411,
293.5982,
322.1024,
326.4803,
309.9819,
287.7146,
358.5815,
324.5665,
333.1096,
0,
2096, 
299.2921,
282.9697,
293.5771,
314.0143,
284.3193,
315.0143,
315.3531,
329.0417,
311.3279,
289.8207,
286.7618,
302.0777,
320.7453,
290.0888,
312.773,
308.0305,
295.626,
313.1699,
294.3123,
325.0463,
329.9051,
310.4845,
287.9897,
360.6172,
327.0962,
333.1096,
0,
2097, 
304.9043,
286.8925,
293.5771,
314.4879,
286.5216,
315.6302,
315.3531,
329.0417,
311.4305,
291.4288,
286.7618,
302.0777,
320.7453,
291.5336,
312.773,
309.7733,
295.626,
317.3133,
294.4757,
325.0463,
329.966,
312.8138,
290.1317,
361.0222,
328.4968,
340.4046,
0,
2098, 
307.0407,
290.2057,
299.4264,
316.1792,
286.5216,
316.0942,
316.0686,
329.0417,
311.9688,
295.325,
286.7618,
302.0777,
326.1937,
292.5042,
312.773,
309.7733,
295.626,
317.8582,
294.6563,
325.2666,
332.3721,
313.2703,
296.4634,
362.493,
336.3915,
340.4046,
0,
2099, 
309.6589,
292.113,
300.0238,
316.3634,
286.8988,
316.6828,
316.0686,
329.0417,
311.9688,
297.164,
290.6977,
302.0777,
327.1045,
293.2384,
312.773,
312.5033,
295.626,
319.959,
294.6866,
328.0916,
332.3721,
315.472,
309.1577,
362.493,
336.3915,
344.9287,
0,
2100, 
309.6589,
293.8033,
305.6846,
318.5325,
289.0025,
317.0767,
316.0686,
329.0417,
311.9688,
304.4163,
292.5982,
304.0809,
332.0485,
293.9583,
312.773,
317.3279,
295.626,
320.6715,
294.7357,
328.0916,
333.6891,
316.4218,
309.1577,
363.1226,
338.2837,
345.2116,
0];
